Current local time and date: Mon Apr 15 23:31:12 2013
[  INFO   ]  Logging level set to INFO
[  TITLE  ]  *******************************************************************
[  TITLE  ]     Starting a heterogeneous-homogeneous equivalence calculation   
[  TITLE  ]  *******************************************************************
[  INFO   ]  Computing homogenized number densities...
[  INFO   ]  Initializing isotopes...
[  INFO   ]  Loading isotope H-1
[  INFO   ]  Loading H-1-elastic.txt for isotope H-1
[  INFO   ]  Loading H-1-capture.txt for isotope H-1
[  INFO   ]  Loading isotope O-16
[  INFO   ]  Loading O-16-elastic.txt for isotope O-16
[  INFO   ]  Loading O-16-capture.txt for isotope O-16
[  INFO   ]  Loading isotope U-235
[  INFO   ]  Loading U-235-elastic.txt for isotope U-235
[  INFO   ]  Loading U-235-capture.txt for isotope U-235
[  INFO   ]  Loading U-235-fission.txt for isotope U-235
[  INFO   ]  Loading isotope U-238
[  INFO   ]  Loading U-238-elastic.txt for isotope U-238
[  INFO   ]  Loading U-238-capture.txt for isotope U-238
[  INFO   ]  Loading U-238-fission.txt for isotope U-238
[  INFO   ]  Loading isotope Zr-90
[  INFO   ]  Loading Zr-90-elastic.txt for isotope Zr-90
[  INFO   ]  Loading Zr-90-capture.txt for isotope Zr-90
[  INFO   ]  Setting 1-group elastic xs for isotope U-235
[  INFO   ]  Setting 1-group elastic xs for isotope U-238
[  INFO   ]  Setting 1-group capture xs for isotope Zr-90
[  INFO   ]  Setting 1-group capture xs for isotope O-16
[  INFO   ]  Initializing fuel and moderator materials...
[  INFO   ]  Isotope H-1 has number density 1.093E+24 in material moderator
[  INFO   ]  Isotope H-1 has number density 1.215E+23 in material moderator
[  INFO   ]  Isotope O-16 has number density 6.074E+22 in material moderator
[  INFO   ]  Isotope H-1 has number density 5.526E+22 in material moderator
[  INFO   ]  Isotope O-16 has number density 2.763E+22 in material moderator
[  INFO   ]  Isotope Zr-90 has number density 6.621E+21 in material moderator
[  INFO   ]  Isotope U-235 has number density 2.614E+22 in material fuel
[  INFO   ]  Isotope U-235 has number density 7.837E+20 in material fuel
[  INFO   ]  Isotope U-238 has number density 2.504E+22 in material fuel
[  INFO   ]  Isotope O-16 has number density 4.552E+22 in material fuel
[  INFO   ]  Isotope U-235 has number density 6.908E+20 in material fuel
[  INFO   ]  Isotope U-238 has number density 2.207E+22 in material fuel
[  INFO   ]  Initializing bounding surfaces...
[  INFO   ]  Initializing fuel and moderator regions...
[  NORMAL ]  Adding bounding surface left edge with halfspace 1
[  NORMAL ]  Adding bounding surface right edge with halfspace -1
[  NORMAL ]  Adding bounding surface  with halfspace 1
[  NORMAL ]  Adding bounding surface  with halfspace -1
[  NORMAL ]  Adding bounding surface  with halfspace 1
[  NORMAL ]  Adding bounding surface  with halfspace -1
[  INFO   ]  Initializing the geometry...
[  INFO   ]  Plotting the geometry
[  NORMAL ]  Testing surface , halfspace -1 for x=-2.000000, y=-2.000000,
[  NORMAL ]  ... evaluated to 7.832228
[  NORMAL ]  Testing surface , halfspace -1 for x=-2.000000, y=-1.555556,
[  NORMAL ]  ... evaluated to 6.251981
[  NORMAL ]  Testing surface , halfspace -1 for x=-2.000000, y=-1.111111,
[  NORMAL ]  ... evaluated to 5.066796
[  NORMAL ]  Testing surface , halfspace -1 for x=-2.000000, y=-0.666667,
[  NORMAL ]  ... evaluated to 4.276672
[  NORMAL ]  Testing surface , halfspace -1 for x=-2.000000, y=-0.222222,
[  NORMAL ]  ... evaluated to 3.881611
[  NORMAL ]  Testing surface , halfspace -1 for x=-2.000000, y=0.222222,
[  NORMAL ]  ... evaluated to 3.881611
[  NORMAL ]  Testing surface , halfspace -1 for x=-2.000000, y=0.666667,
[  NORMAL ]  ... evaluated to 4.276672
[  NORMAL ]  Testing surface , halfspace -1 for x=-2.000000, y=1.111111,
[  NORMAL ]  ... evaluated to 5.066796
[  NORMAL ]  Testing surface , halfspace -1 for x=-2.000000, y=1.555556,
[  NORMAL ]  ... evaluated to 6.251981
[  NORMAL ]  Testing surface , halfspace -1 for x=-2.000000, y=2.000000,
[  NORMAL ]  ... evaluated to 7.832228
[  NORMAL ]  Testing surface , halfspace -1 for x=-1.555556, y=-2.000000,
[  NORMAL ]  ... evaluated to 6.251981
[  NORMAL ]  Testing surface , halfspace -1 for x=-1.555556, y=-1.555556,
[  NORMAL ]  ... evaluated to 4.671734
[  NORMAL ]  Testing surface , halfspace -1 for x=-1.555556, y=-1.111111,
[  NORMAL ]  ... evaluated to 3.486549
[  NORMAL ]  Testing surface , halfspace -1 for x=-1.555556, y=-0.666667,
[  NORMAL ]  ... evaluated to 2.696425
[  NORMAL ]  Testing surface , halfspace -1 for x=-1.555556, y=-0.222222,
[  NORMAL ]  ... evaluated to 2.301364
[  NORMAL ]  Testing surface , halfspace -1 for x=-1.555556, y=0.222222,
[  NORMAL ]  ... evaluated to 2.301364
[  NORMAL ]  Testing surface , halfspace -1 for x=-1.555556, y=0.666667,
[  NORMAL ]  ... evaluated to 2.696425
[  NORMAL ]  Testing surface , halfspace -1 for x=-1.555556, y=1.111111,
[  NORMAL ]  ... evaluated to 3.486549
[  NORMAL ]  Testing surface , halfspace -1 for x=-1.555556, y=1.555556,
[  NORMAL ]  ... evaluated to 4.671734
[  NORMAL ]  Testing surface , halfspace -1 for x=-1.555556, y=2.000000,
[  NORMAL ]  ... evaluated to 6.251981
[  NORMAL ]  Testing surface , halfspace -1 for x=-1.111111, y=-2.000000,
[  NORMAL ]  ... evaluated to 5.066796
[  NORMAL ]  Testing surface , halfspace -1 for x=-1.111111, y=-1.555556,
[  NORMAL ]  ... evaluated to 3.486549
[  NORMAL ]  Testing surface , halfspace -1 for x=-1.111111, y=-1.111111,
[  NORMAL ]  ... evaluated to 2.301364
[  NORMAL ]  Testing surface , halfspace -1 for x=-1.111111, y=-0.666667,
[  NORMAL ]  ... evaluated to 1.511240
[  NORMAL ]  Testing surface , halfspace -1 for x=-1.111111, y=-0.222222,
[  NORMAL ]  ... evaluated to 1.116179
[  NORMAL ]  Testing surface , halfspace -1 for x=-1.111111, y=0.222222,
[  NORMAL ]  ... evaluated to 1.116179
[  NORMAL ]  Testing surface , halfspace -1 for x=-1.111111, y=0.666667,
[  NORMAL ]  ... evaluated to 1.511240
[  NORMAL ]  Testing surface , halfspace -1 for x=-1.111111, y=1.111111,
[  NORMAL ]  ... evaluated to 2.301364
[  NORMAL ]  Testing surface , halfspace -1 for x=-1.111111, y=1.555556,
[  NORMAL ]  ... evaluated to 3.486549
[  NORMAL ]  Testing surface , halfspace -1 for x=-1.111111, y=2.000000,
[  NORMAL ]  ... evaluated to 5.066796
[  NORMAL ]  Testing surface , halfspace -1 for x=-0.666667, y=-2.000000,
[  NORMAL ]  ... evaluated to 4.276672
[  NORMAL ]  Testing surface , halfspace -1 for x=-0.666667, y=-1.555556,
[  NORMAL ]  ... evaluated to 2.696425
[  NORMAL ]  Testing surface , halfspace -1 for x=-0.666667, y=-1.111111,
[  NORMAL ]  ... evaluated to 1.511240
[  NORMAL ]  Testing surface , halfspace -1 for x=-0.666667, y=-0.666667,
[  NORMAL ]  ... evaluated to 0.721117
[  NORMAL ]  Testing surface , halfspace -1 for x=-0.666667, y=-0.222222,
[  NORMAL ]  ... evaluated to 0.326055
[  NORMAL ]  Testing surface , halfspace -1 for x=-0.666667, y=0.222222,
[  NORMAL ]  ... evaluated to 0.326055
[  NORMAL ]  Testing surface , halfspace -1 for x=-0.666667, y=0.666667,
[  NORMAL ]  ... evaluated to 0.721117
[  NORMAL ]  Testing surface , halfspace -1 for x=-0.666667, y=1.111111,
[  NORMAL ]  ... evaluated to 1.511240
[  NORMAL ]  Testing surface , halfspace -1 for x=-0.666667, y=1.555556,
[  NORMAL ]  ... evaluated to 2.696425
[  NORMAL ]  Testing surface , halfspace -1 for x=-0.666667, y=2.000000,
[  NORMAL ]  ... evaluated to 4.276672
[  NORMAL ]  Testing surface , halfspace -1 for x=-0.222222, y=-2.000000,
[  NORMAL ]  ... evaluated to 3.881611
[  NORMAL ]  Testing surface , halfspace -1 for x=-0.222222, y=-1.555556,
[  NORMAL ]  ... evaluated to 2.301364
[  NORMAL ]  Testing surface , halfspace -1 for x=-0.222222, y=-1.111111,
[  NORMAL ]  ... evaluated to 1.116179
[  NORMAL ]  Testing surface , halfspace -1 for x=-0.222222, y=-0.666667,
[  NORMAL ]  ... evaluated to 0.326055
[  NORMAL ]  Testing surface , halfspace -1 for x=-0.222222, y=-0.222222,
[  NORMAL ]  ... evaluated to -0.069007
[  NORMAL ]  Testing surface , halfspace -1 for x=-0.222222, y=0.222222,
[  NORMAL ]  ... evaluated to -0.069007
[  NORMAL ]  Testing surface , halfspace -1 for x=-0.222222, y=0.666667,
[  NORMAL ]  ... evaluated to 0.326055
[  NORMAL ]  Testing surface , halfspace -1 for x=-0.222222, y=1.111111,
[  NORMAL ]  ... evaluated to 1.116179
[  NORMAL ]  Testing surface , halfspace -1 for x=-0.222222, y=1.555556,
[  NORMAL ]  ... evaluated to 2.301364
[  NORMAL ]  Testing surface , halfspace -1 for x=-0.222222, y=2.000000,
[  NORMAL ]  ... evaluated to 3.881611
[  NORMAL ]  Testing surface , halfspace -1 for x=0.222222, y=-2.000000,
[  NORMAL ]  ... evaluated to 3.881611
[  NORMAL ]  Testing surface , halfspace -1 for x=0.222222, y=-1.555556,
[  NORMAL ]  ... evaluated to 2.301364
[  NORMAL ]  Testing surface , halfspace -1 for x=0.222222, y=-1.111111,
[  NORMAL ]  ... evaluated to 1.116179
[  NORMAL ]  Testing surface , halfspace -1 for x=0.222222, y=-0.666667,
[  NORMAL ]  ... evaluated to 0.326055
[  NORMAL ]  Testing surface , halfspace -1 for x=0.222222, y=-0.222222,
[  NORMAL ]  ... evaluated to -0.069007
[  NORMAL ]  Testing surface , halfspace -1 for x=0.222222, y=0.222222,
[  NORMAL ]  ... evaluated to -0.069007
[  NORMAL ]  Testing surface , halfspace -1 for x=0.222222, y=0.666667,
[  NORMAL ]  ... evaluated to 0.326055
[  NORMAL ]  Testing surface , halfspace -1 for x=0.222222, y=1.111111,
[  NORMAL ]  ... evaluated to 1.116179
[  NORMAL ]  Testing surface , halfspace -1 for x=0.222222, y=1.555556,
[  NORMAL ]  ... evaluated to 2.301364
[  NORMAL ]  Testing surface , halfspace -1 for x=0.222222, y=2.000000,
[  NORMAL ]  ... evaluated to 3.881611
[  NORMAL ]  Testing surface , halfspace -1 for x=0.666667, y=-2.000000,
[  NORMAL ]  ... evaluated to 4.276672
[  NORMAL ]  Testing surface , halfspace -1 for x=0.666667, y=-1.555556,
[  NORMAL ]  ... evaluated to 2.696425
[  NORMAL ]  Testing surface , halfspace -1 for x=0.666667, y=-1.111111,
[  NORMAL ]  ... evaluated to 1.511240
[  NORMAL ]  Testing surface , halfspace -1 for x=0.666667, y=-0.666667,
[  NORMAL ]  ... evaluated to 0.721117
[  NORMAL ]  Testing surface , halfspace -1 for x=0.666667, y=-0.222222,
[  NORMAL ]  ... evaluated to 0.326055
[  NORMAL ]  Testing surface , halfspace -1 for x=0.666667, y=0.222222,
[  NORMAL ]  ... evaluated to 0.326055
[  NORMAL ]  Testing surface , halfspace -1 for x=0.666667, y=0.666667,
[  NORMAL ]  ... evaluated to 0.721117
[  NORMAL ]  Testing surface , halfspace -1 for x=0.666667, y=1.111111,
[  NORMAL ]  ... evaluated to 1.511240
[  NORMAL ]  Testing surface , halfspace -1 for x=0.666667, y=1.555556,
[  NORMAL ]  ... evaluated to 2.696425
[  NORMAL ]  Testing surface , halfspace -1 for x=0.666667, y=2.000000,
[  NORMAL ]  ... evaluated to 4.276672
[  NORMAL ]  Testing surface , halfspace -1 for x=1.111111, y=-2.000000,
[  NORMAL ]  ... evaluated to 5.066796
[  NORMAL ]  Testing surface , halfspace -1 for x=1.111111, y=-1.555556,
[  NORMAL ]  ... evaluated to 3.486549
[  NORMAL ]  Testing surface , halfspace -1 for x=1.111111, y=-1.111111,
[  NORMAL ]  ... evaluated to 2.301364
[  NORMAL ]  Testing surface , halfspace -1 for x=1.111111, y=-0.666667,
[  NORMAL ]  ... evaluated to 1.511240
[  NORMAL ]  Testing surface , halfspace -1 for x=1.111111, y=-0.222222,
[  NORMAL ]  ... evaluated to 1.116179
[  NORMAL ]  Testing surface , halfspace -1 for x=1.111111, y=0.222222,
[  NORMAL ]  ... evaluated to 1.116179
[  NORMAL ]  Testing surface , halfspace -1 for x=1.111111, y=0.666667,
[  NORMAL ]  ... evaluated to 1.511240
[  NORMAL ]  Testing surface , halfspace -1 for x=1.111111, y=1.111111,
[  NORMAL ]  ... evaluated to 2.301364
[  NORMAL ]  Testing surface , halfspace -1 for x=1.111111, y=1.555556,
[  NORMAL ]  ... evaluated to 3.486549
[  NORMAL ]  Testing surface , halfspace -1 for x=1.111111, y=2.000000,
[  NORMAL ]  ... evaluated to 5.066796
[  NORMAL ]  Testing surface , halfspace -1 for x=1.555556, y=-2.000000,
[  NORMAL ]  ... evaluated to 6.251981
[  NORMAL ]  Testing surface , halfspace -1 for x=1.555556, y=-1.555556,
[  NORMAL ]  ... evaluated to 4.671734
[  NORMAL ]  Testing surface , halfspace -1 for x=1.555556, y=-1.111111,
[  NORMAL ]  ... evaluated to 3.486549
[  NORMAL ]  Testing surface , halfspace -1 for x=1.555556, y=-0.666667,
[  NORMAL ]  ... evaluated to 2.696425
[  NORMAL ]  Testing surface , halfspace -1 for x=1.555556, y=-0.222222,
[  NORMAL ]  ... evaluated to 2.301364
[  NORMAL ]  Testing surface , halfspace -1 for x=1.555556, y=0.222222,
[  NORMAL ]  ... evaluated to 2.301364
[  NORMAL ]  Testing surface , halfspace -1 for x=1.555556, y=0.666667,
[  NORMAL ]  ... evaluated to 2.696425
[  NORMAL ]  Testing surface , halfspace -1 for x=1.555556, y=1.111111,
[  NORMAL ]  ... evaluated to 3.486549
[  NORMAL ]  Testing surface , halfspace -1 for x=1.555556, y=1.555556,
[  NORMAL ]  ... evaluated to 4.671734
[  NORMAL ]  Testing surface , halfspace -1 for x=1.555556, y=2.000000,
[  NORMAL ]  ... evaluated to 6.251981
[  NORMAL ]  Testing surface , halfspace -1 for x=2.000000, y=-2.000000,
[  NORMAL ]  ... evaluated to 7.832228
[  NORMAL ]  Testing surface , halfspace -1 for x=2.000000, y=-1.555556,
[  NORMAL ]  ... evaluated to 6.251981
[  NORMAL ]  Testing surface , halfspace -1 for x=2.000000, y=-1.111111,
[  NORMAL ]  ... evaluated to 5.066796
[  NORMAL ]  Testing surface , halfspace -1 for x=2.000000, y=-0.666667,
[  NORMAL ]  ... evaluated to 4.276672
[  NORMAL ]  Testing surface , halfspace -1 for x=2.000000, y=-0.222222,
[  NORMAL ]  ... evaluated to 3.881611
[  NORMAL ]  Testing surface , halfspace -1 for x=2.000000, y=0.222222,
[  NORMAL ]  ... evaluated to 3.881611
[  NORMAL ]  Testing surface , halfspace -1 for x=2.000000, y=0.666667,
[  NORMAL ]  ... evaluated to 4.276672
[  NORMAL ]  Testing surface , halfspace -1 for x=2.000000, y=1.111111,
[  NORMAL ]  ... evaluated to 5.066796
[  NORMAL ]  Testing surface , halfspace -1 for x=2.000000, y=1.555556,
[  NORMAL ]  ... evaluated to 6.251981
[  NORMAL ]  Testing surface , halfspace -1 for x=2.000000, y=2.000000,
[  NORMAL ]  ... evaluated to 7.832228
