Current local time and date: Wed Apr 10 19:57:01 2013
[  INFO   ]  Logging level set to INFO
[  INFO   ]  Loading H-1-elastic.txt for isotope H-1
[  INFO   ]  Loading H-1-capture.txt for isotope H-1
[  INFO   ]  Loading O-16-elastic.txt for isotope O-16
[  INFO   ]  Loading O-16-capture.txt for isotope O-16
[  INFO   ]  Loading U-235-elastic.txt for isotope U-235
[  INFO   ]  Loading U-235-capture.txt for isotope U-235
[  INFO   ]  Loading U-235-fission.txt for isotope U-235
[  INFO   ]  Loading U-238-elastic.txt for isotope U-238
[  INFO   ]  Loading U-238-capture.txt for isotope U-238
[  INFO   ]  Loading U-238-fission.txt for isotope U-238
[  INFO   ]  Loading Zr-90-elastic.txt for isotope Zr-90
[  INFO   ]  Loading Zr-90-capture.txt for isotope Zr-90
[  INFO   ]  Setting 1-group elastic xs for isotope U-235
[  INFO   ]  Setting 1-group elastic xs for isotope U-238
[  INFO   ]  Setting 1-group capture xs for isotope Zr-90
[  INFO   ]  Setting 1-group capture xs for isotope O-16
[  INFO   ]  Isotope H-1 has number density 1.093E+24 in material moderator
[  INFO   ]  Isotope H-1 has number density 1.215E+23 in material moderator
[  INFO   ]  Isotope O-16 has number density 6.074E+22 in material moderator
[  INFO   ]  Isotope H-1 has number density 5.526E+22 in material moderator
[  INFO   ]  Isotope O-16 has number density 2.763E+22 in material moderator
[  INFO   ]  Isotope Zr-90 has number density 6.621E+21 in material moderator
[  INFO   ]  Isotope U-235 has number density 2.614E+22 in material fuel
[  INFO   ]  Isotope U-235 has number density 7.837E+20 in material fuel
[  INFO   ]  Isotope U-238 has number density 2.504E+22 in material fuel
[  INFO   ]  Isotope O-16 has number density 4.552E+22 in material fuel
[  INFO   ]  Isotope U-235 has number density 6.908E+20 in material fuel
[  INFO   ]  Isotope U-238 has number density 2.207E+22 in material fuel
[  INFO   ]  Registered tally total with the TallyBank for the geometry
[  INFO   ]  Registered tally moderator with the TallyBank for material moderato
[  INFO   ]  Registered tally fuel with the TallyBank for material fuel
[  INFO   ]  Registered tally Fuel Flux with the TallyBank for material fuel
[  INFO   ]  Registered tally Moderator Flux with the TallyBank for material
[  INFO   ]  ... moderator
[  INFO   ]  Registered tally  with the TallyBank for the geometry
[  INFO   ]  Registered tally  with the TallyBank for the geometry
[  INFO   ]  Registered tally  with the TallyBank for the geometry
[  INFO   ]  Registered tally  with the TallyBank for the geometry
[  INFO   ]  Registered tally  with the TallyBank for the geometry
[  INFO   ]  Registered tally  with the TallyBank for the geometry
[  INFO   ]  Registered tally  with the TallyBank for the geometry
[  INFO   ]  Registered tally  with the TallyBank for the geometry
[  INFO   ]  Registered tally  with the TallyBank for the geometry
[  INFO   ]  Registered tally  with the TallyBank for the geometry
[  TITLE  ]  *******************************************************************
[  TITLE  ]              Beginning PINSPEC Monte Carlo Simulation...            
[  TITLE  ]  *******************************************************************
[  NORMAL ]  # neutrons / batch = 100000     # batches = 50     # threads = 4
[SEPARATOR]  -------------------------------------------------------------------
[  INFO   ]  TallyBank has initialized 15 tallies for 50 batches
[  INFO   ]  Thread 1/4 running batch 0
[  INFO   ]  Thread 3/4 running batch 26
[  INFO   ]  Thread 2/4 running batch 13
[  INFO   ]  Thread 4/4 running batch 39
[  INFO   ]  Thread 4/4 running batch 40
[  INFO   ]  Thread 1/4 running batch 1
[  INFO   ]  Thread 3/4 running batch 27
[  INFO   ]  Thread 2/4 running batch 14
[  INFO   ]  Thread 4/4 running batch 41
[  INFO   ]  Thread 2/4 running batch 15
[  INFO   ]  Thread 3/4 running batch 28
[  INFO   ]  Thread 1/4 running batch 2
[  INFO   ]  Thread 4/4 running batch 42
[  INFO   ]  Thread 2/4 running batch 16
[  INFO   ]  Thread 3/4 running batch 29
[  INFO   ]  Thread 4/4 running batch 43
[  INFO   ]  Thread 2/4 running batch 17
[  INFO   ]  Thread 3/4 running batch 30
[  INFO   ]  Thread 1/4 running batch 3
[  INFO   ]  Thread 4/4 running batch 44
[  INFO   ]  Thread 3/4 running batch 31
[  INFO   ]  Thread 2/4 running batch 18
[  INFO   ]  Thread 1/4 running batch 4
[  INFO   ]  Thread 4/4 running batch 45
[  INFO   ]  Thread 3/4 running batch 32
[  INFO   ]  Thread 2/4 running batch 19
[  INFO   ]  Thread 4/4 running batch 46
[  INFO   ]  Thread 3/4 running batch 33
[  INFO   ]  Thread 2/4 running batch 20
[  INFO   ]  Thread 1/4 running batch 5
[  INFO   ]  Thread 4/4 running batch 47
[  INFO   ]  Thread 3/4 running batch 34
[  INFO   ]  Thread 2/4 running batch 21
[  INFO   ]  Thread 4/4 running batch 48
[  INFO   ]  Thread 3/4 running batch 35
[  INFO   ]  Thread 2/4 running batch 22
[  INFO   ]  Thread 1/4 running batch 6
[  INFO   ]  Thread 4/4 running batch 49
[  INFO   ]  Thread 3/4 running batch 36
[  INFO   ]  Thread 2/4 running batch 23
[  INFO   ]  Thread 3/4 running batch 37
[  INFO   ]  Thread 2/4 running batch 24
[  INFO   ]  Thread 1/4 running batch 7
[  INFO   ]  Thread 3/4 running batch 38
[  INFO   ]  Thread 2/4 running batch 25
[  INFO   ]  Thread 1/4 running batch 8
[  INFO   ]  Thread 1/4 running batch 9
[  INFO   ]  Thread 1/4 running batch 10
[  INFO   ]  Thread 1/4 running batch 11
[  INFO   ]  Thread 1/4 running batch 12
[  NORMAL ]  PINSPEC simulated 6620 neutrons / sec in 755.324010 sec
[  HEADER ]  **********  Batch Statistics for Tally Elastic Group XS  **********
[SEPARATOR]  -------------------------------------------------------------------
[  RESULT ]         Energy Band            Mu     Variance  Std. Dev. Rel. Err.
[SEPARATOR]  -------------------------------------------------------------------
[  RESULT ]  [    0.00 -    0.62 eV ]:  1.247093  8.12E-07  9.01E-04  7.23E-04
[  RESULT ]  [    0.62 - 1.0E+07 eV ]:  0.638520  2.52E-08  1.59E-04  2.49E-04
[SEPARATOR]  -------------------------------------------------------------------
[  HEADER ]  **********  Batch Statistics for Tally Capture Group XS  **********
[SEPARATOR]  -------------------------------------------------------------------
[  RESULT ]         Energy Band            Mu     Variance  Std. Dev. Rel. Err.
[SEPARATOR]  -------------------------------------------------------------------
[  RESULT ]  [    0.00 -    0.62 eV ]:  0.032326  4.60E-10  2.14E-05  6.63E-04
[  RESULT ]  [    0.62 - 1.0E+07 eV ]:  7.24E-03  2.17E-11  4.66E-06  6.44E-04
[SEPARATOR]  -------------------------------------------------------------------
[  HEADER ]  **********  Batch Statistics for Tally Fission Group XS  **********
[SEPARATOR]  -------------------------------------------------------------------
[  RESULT ]         Energy Band            Mu     Variance  Std. Dev. Rel. Err.
[SEPARATOR]  -------------------------------------------------------------------
[  RESULT ]  [    0.00 -    0.62 eV ]:  0.071276  2.31E-09  4.80E-05  6.74E-04
[  RESULT ]  [    0.62 - 1.0E+07 eV ]:  2.60E-03  1.75E-12  1.32E-06  5.09E-04
[SEPARATOR]  -------------------------------------------------------------------
[  HEADER ]  ********  Batch Statistics for Tally Absorption Group XS  *********
[SEPARATOR]  -------------------------------------------------------------------
[  RESULT ]         Energy Band            Mu     Variance  Std. Dev. Rel. Err.
[SEPARATOR]  -------------------------------------------------------------------
[  RESULT ]  [    0.00 -    0.62 eV ]:  0.103602  4.78E-09  6.91E-05  6.67E-04
[  RESULT ]  [    0.62 - 1.0E+07 eV ]:  9.84E-03  2.70E-11  5.19E-06  5.28E-04
[SEPARATOR]  -------------------------------------------------------------------
[  HEADER ]  *********  Batch Statistics for Tally Transport Group XS  *********
[SEPARATOR]  -------------------------------------------------------------------
[  RESULT ]         Energy Band            Mu     Variance  Std. Dev. Rel. Err.
[SEPARATOR]  -------------------------------------------------------------------
[  RESULT ]  [    0.00 -    0.62 eV ]:  0.667854  2.12E-07  4.60E-04  6.89E-04
[  RESULT ]  [    0.62 - 1.0E+07 eV ]:  0.363222  8.74E-09  9.35E-05  2.57E-04
[SEPARATOR]  -------------------------------------------------------------------
[  HEADER ]  **********  Batch Statistics for Tally Diffusion Coeff.  **********
[SEPARATOR]  -------------------------------------------------------------------
[  RESULT ]         Energy Band            Mu     Variance  Std. Dev. Rel. Err.
[SEPARATOR]  -------------------------------------------------------------------
[  RESULT ]  [    0.00 -    0.62 eV ]:  0.520961  1.33E-07  3.65E-04  7.01E-04
[  RESULT ]  [    0.62 - 1.0E+07 eV ]:  1.304099  2.63E-07  5.13E-04  3.93E-04
[SEPARATOR]  -------------------------------------------------------------------
[  HEADER ]  ***********  Batch Statistics for Tally Total Group XS  ***********
[SEPARATOR]  -------------------------------------------------------------------
[  RESULT ]         Energy Band            Mu     Variance  Std. Dev. Rel. Err.
[SEPARATOR]  -------------------------------------------------------------------
[  RESULT ]  [    0.00 -    0.62 eV ]:  1.350691  9.23E-07  9.61E-04  7.11E-04
[  RESULT ]  [    0.62 - 1.0E+07 eV ]:  0.648306  2.55E-08  1.60E-04  2.46E-04
[SEPARATOR]  -------------------------------------------------------------------
[  HEADER ]  *************  Batch Statistics for Tally k-infinity  *************
[SEPARATOR]  -------------------------------------------------------------------
[  RESULT ]         Energy Band            Mu     Variance  Std. Dev. Rel. Err.
[SEPARATOR]  -------------------------------------------------------------------
[  RESULT ]  [    0.00 - 1.0E+07 eV ]:  1.366833  4.42E-07  6.65E-04  4.86E-04
[SEPARATOR]  -------------------------------------------------------------------
[  HEADER ]  ***  Batch Statistics for Tally Moderator-to-Fuel Flux Ratios  ****
[SEPARATOR]  -------------------------------------------------------------------
[  RESULT ]         Energy Band            Mu     Variance  Std. Dev. Rel. Err.
[SEPARATOR]  -------------------------------------------------------------------
[  RESULT ]  [    0.00 -    0.10 eV ]:  1.250267  1.22E-06  1.11E-03  8.84E-04
[  RESULT ]  [    0.10 -    0.50 eV ]:  1.101366  1.35E-06  1.16E-03  1.06E-03
[  RESULT ]  [    0.50 -    1.00 eV ]:  1.031713  4.87E-06  2.21E-03  2.14E-03
[  RESULT ]  [    1.00 -    6.00 eV ]:  1.023181  1.54E-06  1.24E-03  1.21E-03
[  RESULT ]  [    6.00 -   10.00 eV ]:  1.187293  6.38E-06  2.53E-03  2.13E-03
[  RESULT ]  [   10.00 -   25.00 eV ]:  1.073733  4.25E-06  2.06E-03  1.92E-03
[  RESULT ]  [   25.00 -   50.00 eV ]:  1.070245  3.69E-06  1.92E-03  1.80E-03
[  RESULT ]  [   50.00 -  100.00 eV ]:  1.041915  2.29E-06  1.51E-03  1.45E-03
[  RESULT ]  [  100.00 - 1000.00 eV ]:  1.034349  1.14E-06  1.07E-03  1.03E-03
[  RESULT ]  [ 1000.00 - 1.0E+04 eV ]:  1.013293  7.72E-07  8.79E-04  8.67E-04
[  RESULT ]  [ 1.0E+04 - 1.0E+05 eV ]:  0.998183  1.05E-06  1.03E-03  1.03E-03
[  RESULT ]  [ 1.0E+05 - 5.0E+05 eV ]:  0.993569  7.63E-07  8.73E-04  8.79E-04
[  RESULT ]  [ 5.0E+05 - 1.0E+07 eV ]:  1.270532  9.99E-07  1.00E-03  7.87E-04
[SEPARATOR]  -------------------------------------------------------------------
