Current local time and date: Thu Mar 28 02:54:22 2013
[  INFO   ]  Logging level set to INFO
[  TITLE  ]  *******************************************************************
[  TITLE  ]               Simulation of homework 4 for 2012 22.211             
[  TITLE  ]  *******************************************************************
[  INFO   ]  Computing homogenized number densities...
[  INFO   ]  Initializing isotopes...
[  INFO   ]  Loading H-1-elastic.txt for isotope H-1
[  INFO   ]  Loading H-1-capture.txt for isotope H-1
[  INFO   ]  Loading O-16-elastic.txt for isotope O-16
[  INFO   ]  Loading O-16-capture.txt for isotope O-16
[  INFO   ]  Loading U-235-elastic.txt for isotope U-235
[  INFO   ]  Loading U-235-capture.txt for isotope U-235
[  INFO   ]  Loading U-235-fission.txt for isotope U-235
[  INFO   ]  Loading U-238-elastic.txt for isotope U-238
[  INFO   ]  Loading U-238-capture.txt for isotope U-238
[  INFO   ]  Loading U-238-fission.txt for isotope U-238
[  INFO   ]  Loading Zr-90-elastic.txt for isotope Zr-90
[  INFO   ]  Loading Zr-90-capture.txt for isotope Zr-90
[  INFO   ]  Setting 1-group elastic xs for isotope U-235
[  INFO   ]  Setting 1-group elastic xs for isotope U-238
[  INFO   ]  Setting 1-group capture xs for isotope Zr-90
[  INFO   ]  Setting 1-group capture xs for isotope O-16
[  INFO   ]  Initializing fuel and moderator materials...
[  INFO   ]  Isotope H-1 has number density 1.093E+24 in material moderator
[  INFO   ]  Isotope H-1 has number density 1.215E+23 in material moderator
[  INFO   ]  Isotope O-16 has number density 6.074E+22 in material moderator
[  INFO   ]  Isotope H-1 has number density 5.526E+22 in material moderator
[  INFO   ]  Isotope O-16 has number density 2.763E+22 in material moderator
[  INFO   ]  Isotope Zr-90 has number density 6.621E+21 in material moderator
[  INFO   ]  Isotope U-235 has number density 2.614E+22 in material fuel
[  INFO   ]  Isotope U-235 has number density 7.837E+20 in material fuel
[  INFO   ]  Isotope U-238 has number density 2.504E+22 in material fuel
[  INFO   ]  Isotope O-16 has number density 4.552E+22 in material fuel
[  INFO   ]  Isotope U-235 has number density 6.908E+20 in material fuel
[  INFO   ]  Isotope U-238 has number density 2.207E+22 in material fuel
[  INFO   ]  Initializing fuel and moderator regions...
[  INFO   ]  Initializing the geometry...
[  INFO   ]  Initializing tallies...
[  INFO   ]  Registered tally total with the TallyBank for the geometry
[  INFO   ]  Registered tally moderator with the TallyBank for material moderato
[  INFO   ]  Registered tally fuel with the TallyBank for material fuel
[  INFO   ]  Registered tally Fuel Flux with the TallyBank for material fuel
[  INFO   ]  Registered tally Moderator Flux with the TallyBank for material
[  INFO   ]  ... moderator
[  INFO   ]  Registered tally  with the TallyBank for the geometry
[  INFO   ]  Registered tally  with the TallyBank for the geometry
[  INFO   ]  Registered tally  with the TallyBank for the geometry
[  INFO   ]  Registered tally  with the TallyBank for the geometry
[  INFO   ]  Registered tally  with the TallyBank for the geometry
[  INFO   ]  Registered tally  with the TallyBank for the geometry
[  INFO   ]  Registered tally  with the TallyBank for the geometry
[  INFO   ]  Registered tally  with the TallyBank for the geometry
[  INFO   ]  Registered tally  with the TallyBank for the geometry
[  INFO   ]  Registered tally  with the TallyBank for the geometry
[  TITLE  ]  *******************************************************************
[  TITLE  ]              Beginning PINSPEC Monte Carlo Simulation...            
[  TITLE  ]  *******************************************************************
[  NORMAL ]  # neutrons / batch = 10000     # batches = 10     # threads = 4
[SEPARATOR]  -------------------------------------------------------------------
[  INFO   ]  TallyBank has initialized 15 tallies for 10 batches
[  INFO   ]  Thread 1/4 running batch 0
[  INFO   ]  Thread 4/4 running batch 9
[  INFO   ]  Thread 2/4 running batch 3
[  INFO   ]  Thread 3/4 running batch 6
[  INFO   ]  Thread 2/4 running batch 4
[  INFO   ]  Thread 3/4 running batch 7
[  INFO   ]  Thread 1/4 running batch 1
[  INFO   ]  Thread 3/4 running batch 8
[  INFO   ]  Thread 2/4 running batch 5
[  INFO   ]  Thread 1/4 running batch 2
[  NORMAL ]  PINSPEC simulated 13262 neutrons / sec in 7.540407 sec
[  INFO   ]  Writing tally batch statistics to output file...
[  INFO   ]  Plotting fluxes...
[  INFO   ]  Plotting microscopic and macroscopic cross-sections...
[  INFO   ]  Computing group cross-sections...
[  HEADER ]  **********  Batch Statistics for Tally Elastic Group XS  **********
[SEPARATOR]  -------------------------------------------------------------------
[  RESULT ]         Energy Band            Mu     Variance  Std. Dev. Rel. Err.
[SEPARATOR]  -------------------------------------------------------------------
[  RESULT ]  [    0.00 -    0.62 eV ]:  1.247183  3.76E-05  6.13E-03  4.92E-03
[  RESULT ]  [    0.62 - 1.0E+07 eV ]:  0.638441  7.45E-07  8.63E-04  1.35E-03
[SEPARATOR]  -------------------------------------------------------------------
[  HEADER ]  **********  Batch Statistics for Tally Capture Group XS  **********
[SEPARATOR]  -------------------------------------------------------------------
[  RESULT ]         Energy Band            Mu     Variance  Std. Dev. Rel. Err.
[SEPARATOR]  -------------------------------------------------------------------
[  RESULT ]  [    0.00 -    0.62 eV ]:  0.032290  2.37E-08  1.54E-04  4.77E-03
[  RESULT ]  [    0.62 - 1.0E+07 eV ]:  7.13E-03  1.63E-09  4.04E-05  5.66E-03
[SEPARATOR]  -------------------------------------------------------------------
[  HEADER ]  **********  Batch Statistics for Tally Fission Group XS  **********
[SEPARATOR]  -------------------------------------------------------------------
[  RESULT ]         Energy Band            Mu     Variance  Std. Dev. Rel. Err.
[SEPARATOR]  -------------------------------------------------------------------
[  RESULT ]  [    0.00 -    0.62 eV ]:  0.071151  1.26E-07  3.55E-04  4.99E-03
[  RESULT ]  [    0.62 - 1.0E+07 eV ]:  2.59E-03  5.87E-11  7.66E-06  2.96E-03
[SEPARATOR]  -------------------------------------------------------------------
[  HEADER ]  ********  Batch Statistics for Tally Absorption Group XS  *********
[SEPARATOR]  -------------------------------------------------------------------
[  RESULT ]         Energy Band            Mu     Variance  Std. Dev. Rel. Err.
[SEPARATOR]  -------------------------------------------------------------------
[  RESULT ]  [    0.00 -    0.62 eV ]:  0.103441  2.57E-07  5.07E-04  4.90E-03
[  RESULT ]  [    0.62 - 1.0E+07 eV ]:  9.71E-03  1.42E-09  3.76E-05  3.87E-03
[SEPARATOR]  -------------------------------------------------------------------
[  HEADER ]  *********  Batch Statistics for Tally Transport Group XS  *********
[SEPARATOR]  -------------------------------------------------------------------
[  RESULT ]         Energy Band            Mu     Variance  Std. Dev. Rel. Err.
[SEPARATOR]  -------------------------------------------------------------------
[  RESULT ]  [    0.00 -    0.62 eV ]:  0.667754  1.01E-05  3.18E-03  4.76E-03
[  RESULT ]  [    0.62 - 1.0E+07 eV ]:  0.363197  2.10E-07  4.58E-04  1.26E-03
[SEPARATOR]  -------------------------------------------------------------------
[  HEADER ]  **********  Batch Statistics for Tally Diffusion Coeff.  **********
[SEPARATOR]  -------------------------------------------------------------------
[  RESULT ]         Energy Band            Mu     Variance  Std. Dev. Rel. Err.
[SEPARATOR]  -------------------------------------------------------------------
[  RESULT ]  [    0.00 -    0.62 eV ]:  0.521005  5.96E-06  2.44E-03  4.69E-03
[  RESULT ]  [    0.62 - 1.0E+07 eV ]:  1.303324  5.59E-06  2.36E-03  1.81E-03
[SEPARATOR]  -------------------------------------------------------------------
[  HEADER ]  ***********  Batch Statistics for Tally Total Group XS  ***********
[SEPARATOR]  -------------------------------------------------------------------
[  RESULT ]         Energy Band            Mu     Variance  Std. Dev. Rel. Err.
[SEPARATOR]  -------------------------------------------------------------------
[  RESULT ]  [    0.00 -    0.62 eV ]:  1.350625  4.33E-05  6.58E-03  4.87E-03
[  RESULT ]  [    0.62 - 1.0E+07 eV ]:  0.648152  7.49E-07  8.65E-04  1.34E-03
[SEPARATOR]  -------------------------------------------------------------------
[  INFO   ]  Isotope H-1 has number density 2.770E+24 in material Mix
[  INFO   ]  Isotope H-1 has number density 8.751E+22 in material Mix
[  INFO   ]  Isotope O-16 has number density 1.676E+23 in material Mix
[  INFO   ]  Isotope H-1 has number density 6.528E+22 in material Mix
[  INFO   ]  Isotope O-16 has number density 1.250E+23 in material Mix
[  INFO   ]  Isotope Zr-90 has number density 7.820E+21 in material Mix
[  INFO   ]  Isotope H-1 has number density 5.834E+22 in material Mix
[  INFO   ]  Isotope O-16 has number density 1.118E+23 in material Mix
[  INFO   ]  Isotope U-235 has number density 1.253E+21 in material Mix
[  INFO   ]  Isotope Zr-90 has number density 6.989E+21 in material Mix
[  INFO   ]  Isotope H-1 has number density 1.314E+22 in material Mix
[  INFO   ]  Isotope O-16 has number density 2.517E+22 in material Mix
[  INFO   ]  Isotope U-235 has number density 2.822E+20 in material Mix
[  INFO   ]  Isotope U-238 has number density 9.017E+21 in material Mix
[  INFO   ]  Isotope Zr-90 has number density 1.574E+21 in material Mix
