Current local time and date: Wed Apr 10 20:13:59 2013
[  INFO   ]  Logging level set to INFO
[  TITLE  ]  *******************************************************************
[  TITLE  ]               Simulation of homework 4 for 2012 22.211             
[  TITLE  ]  *******************************************************************
[  INFO   ]  Computing homogenized number densities...
[  INFO   ]  Initializing isotopes...
[  INFO   ]  Loading H-1-elastic.txt for isotope H-1
[  INFO   ]  Loading H-1-capture.txt for isotope H-1
[  INFO   ]  Loading O-16-elastic.txt for isotope O-16
[  INFO   ]  Loading O-16-capture.txt for isotope O-16
[  INFO   ]  Loading U-235-elastic.txt for isotope U-235
[  INFO   ]  Loading U-235-capture.txt for isotope U-235
[  INFO   ]  Loading U-235-fission.txt for isotope U-235
[  INFO   ]  Loading U-238-elastic.txt for isotope U-238
[  INFO   ]  Loading U-238-capture.txt for isotope U-238
[  INFO   ]  Loading U-238-fission.txt for isotope U-238
[  INFO   ]  Loading Zr-90-elastic.txt for isotope Zr-90
[  INFO   ]  Loading Zr-90-capture.txt for isotope Zr-90
[  INFO   ]  Setting 1-group elastic xs for isotope U-235
[  INFO   ]  Setting 1-group elastic xs for isotope U-238
[  INFO   ]  Setting 1-group capture xs for isotope Zr-90
[  INFO   ]  Setting 1-group capture xs for isotope O-16
[  INFO   ]  Initializing fuel and moderator materials...
[  INFO   ]  Isotope H-1 has number density 1.093E+24 in material moderator
[  INFO   ]  Isotope H-1 has number density 1.215E+23 in material moderator
[  INFO   ]  Isotope O-16 has number density 6.074E+22 in material moderator
[  INFO   ]  Isotope H-1 has number density 5.526E+22 in material moderator
[  INFO   ]  Isotope O-16 has number density 2.763E+22 in material moderator
[  INFO   ]  Isotope Zr-90 has number density 6.621E+21 in material moderator
[  INFO   ]  Isotope U-235 has number density 2.614E+22 in material fuel
[  INFO   ]  Isotope U-235 has number density 7.837E+20 in material fuel
[  INFO   ]  Isotope U-238 has number density 2.504E+22 in material fuel
[  INFO   ]  Isotope O-16 has number density 4.552E+22 in material fuel
[  INFO   ]  Isotope U-235 has number density 6.908E+20 in material fuel
[  INFO   ]  Isotope U-238 has number density 2.207E+22 in material fuel
[  INFO   ]  Initializing fuel and moderator regions...
[  INFO   ]  Initializing the geometry...
[  INFO   ]  Initializing tallies...
[  INFO   ]  Registered tally total with the TallyBank for the geometry
[  INFO   ]  Registered tally moderator with the TallyBank for material moderato
[  INFO   ]  Registered tally fuel with the TallyBank for material fuel
[  INFO   ]  Registered tally Fuel Flux with the TallyBank for material fuel
[  INFO   ]  Registered tally Moderator Flux with the TallyBank for material
[  INFO   ]  ... moderator
[  INFO   ]  Registered tally  with the TallyBank for the geometry
[  INFO   ]  Registered tally  with the TallyBank for the geometry
[  INFO   ]  Registered tally  with the TallyBank for the geometry
[  INFO   ]  Registered tally  with the TallyBank for the geometry
[  INFO   ]  Registered tally  with the TallyBank for the geometry
[  INFO   ]  Registered tally  with the TallyBank for the geometry
[  INFO   ]  Registered tally  with the TallyBank for the geometry
[  INFO   ]  Registered tally  with the TallyBank for the geometry
[  INFO   ]  Registered tally  with the TallyBank for the geometry
[  INFO   ]  Registered tally  with the TallyBank for the geometry
[  TITLE  ]  *******************************************************************
[  TITLE  ]              Beginning PINSPEC Monte Carlo Simulation...            
[  TITLE  ]  *******************************************************************
[  NORMAL ]  # neutrons / batch = 100000     # batches = 50     # threads = 4
[SEPARATOR]  -------------------------------------------------------------------
[  INFO   ]  TallyBank has initialized 15 tallies for 50 batches
[  INFO   ]  Thread 1/4 running batch 0
[  INFO   ]  Thread 3/4 running batch 26
[  INFO   ]  Thread 2/4 running batch 13
[  INFO   ]  Thread 4/4 running batch 39
[  INFO   ]  Thread 4/4 running batch 40
[  INFO   ]  Thread 3/4 running batch 27
[  INFO   ]  Thread 2/4 running batch 14
[  INFO   ]  Thread 1/4 running batch 1
[  INFO   ]  Thread 3/4 running batch 28
[  INFO   ]  Thread 4/4 running batch 41
[  INFO   ]  Thread 2/4 running batch 15
[  INFO   ]  Thread 2/4 running batch 16
[  INFO   ]  Thread 3/4 running batch 29
[  INFO   ]  Thread 4/4 running batch 42
[  INFO   ]  Thread 1/4 running batch 2
[  INFO   ]  Thread 4/4 running batch 43
[  INFO   ]  Thread 2/4 running batch 17
[  INFO   ]  Thread 3/4 running batch 30
[  INFO   ]  Thread 2/4 running batch 18
[  INFO   ]  Thread 4/4 running batch 44
[  INFO   ]  Thread 3/4 running batch 31
[  INFO   ]  Thread 1/4 running batch 3
[  INFO   ]  Thread 2/4 running batch 19
[  INFO   ]  Thread 4/4 running batch 45
[  INFO   ]  Thread 3/4 running batch 32
[  INFO   ]  Thread 1/4 running batch 4
[  INFO   ]  Thread 2/4 running batch 20
[  INFO   ]  Thread 4/4 running batch 46
[  INFO   ]  Thread 3/4 running batch 33
[  INFO   ]  Thread 1/4 running batch 5
[  INFO   ]  Thread 2/4 running batch 21
[  INFO   ]  Thread 4/4 running batch 47
[  INFO   ]  Thread 3/4 running batch 34
[  INFO   ]  Thread 1/4 running batch 6
[  INFO   ]  Thread 2/4 running batch 22
[  INFO   ]  Thread 4/4 running batch 48
[  INFO   ]  Thread 3/4 running batch 35
[  INFO   ]  Thread 1/4 running batch 7
[  INFO   ]  Thread 2/4 running batch 23
[  INFO   ]  Thread 4/4 running batch 49
[  INFO   ]  Thread 3/4 running batch 36
[  INFO   ]  Thread 2/4 running batch 24
[  INFO   ]  Thread 1/4 running batch 8
[  INFO   ]  Thread 3/4 running batch 37
[  INFO   ]  Thread 3/4 running batch 38
[  INFO   ]  Thread 2/4 running batch 25
[  INFO   ]  Thread 1/4 running batch 9
[  INFO   ]  Thread 1/4 running batch 10
[  INFO   ]  Thread 1/4 running batch 11
[  INFO   ]  Thread 1/4 running batch 12
[  NORMAL ]  PINSPEC simulated 7757 neutrons / sec in 644.613171 sec
[  INFO   ]  Writing tally batch statistics to output file...
[  INFO   ]  Plotting fluxes...
[  INFO   ]  Plotting microscopic and macroscopic cross-sections...
[  INFO   ]  Computing group cross-sections...
[  HEADER ]  **********  Batch Statistics for Tally Elastic Group XS  **********
[SEPARATOR]  -------------------------------------------------------------------
[  RESULT ]         Energy Band            Mu     Variance  Std. Dev. Rel. Err.
[SEPARATOR]  -------------------------------------------------------------------
[  RESULT ]  [    0.00 -    0.62 eV ]:  1.246651  1.05E-06  1.03E-03  8.23E-04
[  RESULT ]  [    0.62 - 1.0E+07 eV ]:  0.638449  3.25E-08  1.80E-04  2.82E-04
[SEPARATOR]  -------------------------------------------------------------------
[  HEADER ]  **********  Batch Statistics for Tally Capture Group XS  **********
[SEPARATOR]  -------------------------------------------------------------------
[  RESULT ]         Energy Band            Mu     Variance  Std. Dev. Rel. Err.
[SEPARATOR]  -------------------------------------------------------------------
[  RESULT ]  [    0.00 -    0.62 eV ]:  0.032324  5.84E-10  2.42E-05  7.48E-04
[  RESULT ]  [    0.62 - 1.0E+07 eV ]:  7.24E-03  2.23E-11  4.72E-06  6.52E-04
[SEPARATOR]  -------------------------------------------------------------------
[  HEADER ]  **********  Batch Statistics for Tally Fission Group XS  **********
[SEPARATOR]  -------------------------------------------------------------------
[  RESULT ]         Energy Band            Mu     Variance  Std. Dev. Rel. Err.
[SEPARATOR]  -------------------------------------------------------------------
[  RESULT ]  [    0.00 -    0.62 eV ]:  0.071289  2.88E-09  5.37E-05  7.53E-04
[  RESULT ]  [    0.62 - 1.0E+07 eV ]:  2.60E-03  2.28E-12  1.51E-06  5.81E-04
[SEPARATOR]  -------------------------------------------------------------------
[  HEADER ]  ********  Batch Statistics for Tally Absorption Group XS  *********
[SEPARATOR]  -------------------------------------------------------------------
[  RESULT ]         Energy Band            Mu     Variance  Std. Dev. Rel. Err.
[SEPARATOR]  -------------------------------------------------------------------
[  RESULT ]  [    0.00 -    0.62 eV ]:  0.103612  6.01E-09  7.75E-05  7.48E-04
[  RESULT ]  [    0.62 - 1.0E+07 eV ]:  9.84E-03  2.83E-11  5.32E-06  5.41E-04
[SEPARATOR]  -------------------------------------------------------------------
[  HEADER ]  *********  Batch Statistics for Tally Transport Group XS  *********
[SEPARATOR]  -------------------------------------------------------------------
[  RESULT ]         Energy Band            Mu     Variance  Std. Dev. Rel. Err.
[SEPARATOR]  -------------------------------------------------------------------
[  RESULT ]  [    0.00 -    0.62 eV ]:  0.667763  2.71E-07  5.21E-04  7.80E-04
[  RESULT ]  [    0.62 - 1.0E+07 eV ]:  0.363223  1.14E-08  1.07E-04  2.95E-04
[SEPARATOR]  -------------------------------------------------------------------
[  HEADER ]  **********  Batch Statistics for Tally Diffusion Coeff.  **********
[SEPARATOR]  -------------------------------------------------------------------
[  RESULT ]         Energy Band            Mu     Variance  Std. Dev. Rel. Err.
[SEPARATOR]  -------------------------------------------------------------------
[  RESULT ]  [    0.00 -    0.62 eV ]:  0.521006  1.67E-07  4.08E-04  7.84E-04
[  RESULT ]  [    0.62 - 1.0E+07 eV ]:  1.312902  7.96E-05  8.92E-03  6.79E-03
[SEPARATOR]  -------------------------------------------------------------------
[  HEADER ]  ***********  Batch Statistics for Tally Total Group XS  ***********
[SEPARATOR]  -------------------------------------------------------------------
[  RESULT ]         Energy Band            Mu     Variance  Std. Dev. Rel. Err.
[SEPARATOR]  -------------------------------------------------------------------
[  RESULT ]  [    0.00 -    0.62 eV ]:  1.350259  1.20E-06  1.09E-03  8.10E-04
[  RESULT ]  [    0.62 - 1.0E+07 eV ]:  0.648239  3.31E-08  1.82E-04  2.81E-04
[SEPARATOR]  -------------------------------------------------------------------
[  HEADER ]  *************  Batch Statistics for Tally k-infinity  *************
[SEPARATOR]  -------------------------------------------------------------------
[  RESULT ]         Energy Band            Mu     Variance  Std. Dev. Rel. Err.
[SEPARATOR]  -------------------------------------------------------------------
[  RESULT ]  [    0.00 - 1.0E+07 eV ]:  1.366708  5.55E-07  7.45E-04  5.45E-04
[SEPARATOR]  -------------------------------------------------------------------
[  HEADER ]  ***  Batch Statistics for Tally Moderator-to-Fuel Flux Ratios  ****
[SEPARATOR]  -------------------------------------------------------------------
[  RESULT ]         Energy Band            Mu     Variance  Std. Dev. Rel. Err.
[SEPARATOR]  -------------------------------------------------------------------
[  RESULT ]  [    0.00 -    0.10 eV ]:  1.248331  1.47E-06  1.21E-03  9.71E-04
[  RESULT ]  [    0.10 -    0.50 eV ]:  1.100659  1.76E-06  1.33E-03  1.21E-03
[  RESULT ]  [    0.50 -    1.00 eV ]:  1.028303  3.83E-06  1.96E-03  1.90E-03
[  RESULT ]  [    1.00 -    6.00 eV ]:  1.024448  1.84E-06  1.36E-03  1.32E-03
[  RESULT ]  [    6.00 -   10.00 eV ]:  1.186853  6.82E-06  2.61E-03  2.20E-03
[  RESULT ]  [   10.00 -   25.00 eV ]:  1.068583  3.38E-06  1.84E-03  1.72E-03
[  RESULT ]  [   25.00 -   50.00 eV ]:  1.068672  3.19E-06  1.78E-03  1.67E-03
[  RESULT ]  [   50.00 -  100.00 eV ]:  1.046889  3.81E-06  1.95E-03  1.87E-03
[  RESULT ]  [  100.00 - 1000.00 eV ]:  1.034642  1.40E-06  1.18E-03  1.14E-03
[  RESULT ]  [ 1000.00 - 1.0E+04 eV ]:  1.012381  5.52E-07  7.43E-04  7.34E-04
[  RESULT ]  [ 1.0E+04 - 1.0E+05 eV ]:  0.996616  7.56E-07  8.69E-04  8.72E-04
[  RESULT ]  [ 1.0E+05 - 5.0E+05 eV ]:  0.993322  6.78E-07  8.23E-04  8.29E-04
[  RESULT ]  [ 5.0E+05 - 1.0E+07 eV ]:  1.269999  8.78E-07  9.37E-04  7.38E-04
[SEPARATOR]  -------------------------------------------------------------------
[  TITLE  ]  *******************************************************************
[  TITLE  ]                               Finished                             
[  TITLE  ]  *******************************************************************
