Current local time and date: Thu Mar 28 02:53:26 2013
[  INFO   ]  Logging level set to INFO
[  TITLE  ]  *******************************************************************
[  TITLE  ]               Simulation of homework 4 for 2012 22.211             
[  TITLE  ]  *******************************************************************
[  INFO   ]  Computing homogenized number densities...
[  INFO   ]  Initializing isotopes...
[  INFO   ]  Loading H-1-elastic.txt for isotope H-1
[  INFO   ]  Loading H-1-capture.txt for isotope H-1
[  INFO   ]  Loading O-16-elastic.txt for isotope O-16
[  INFO   ]  Loading O-16-capture.txt for isotope O-16
[  INFO   ]  Loading U-235-elastic.txt for isotope U-235
[  INFO   ]  Loading U-235-capture.txt for isotope U-235
[  INFO   ]  Loading U-235-fission.txt for isotope U-235
[  INFO   ]  Loading U-238-elastic.txt for isotope U-238
[  INFO   ]  Loading U-238-capture.txt for isotope U-238
[  INFO   ]  Loading U-238-fission.txt for isotope U-238
[  INFO   ]  Loading Zr-90-elastic.txt for isotope Zr-90
[  INFO   ]  Loading Zr-90-capture.txt for isotope Zr-90
[  INFO   ]  Setting 1-group elastic xs for isotope U-235
[  INFO   ]  Setting 1-group elastic xs for isotope U-238
[  INFO   ]  Setting 1-group capture xs for isotope Zr-90
[  INFO   ]  Setting 1-group capture xs for isotope O-16
[  INFO   ]  Initializing fuel and moderator materials...
[  INFO   ]  Isotope H-1 has number density 1.093E+24 in material moderator
[  INFO   ]  Isotope H-1 has number density 1.215E+23 in material moderator
[  INFO   ]  Isotope O-16 has number density 6.074E+22 in material moderator
[  INFO   ]  Isotope H-1 has number density 5.526E+22 in material moderator
[  INFO   ]  Isotope O-16 has number density 2.763E+22 in material moderator
[  INFO   ]  Isotope Zr-90 has number density 6.621E+21 in material moderator
[  INFO   ]  Isotope U-235 has number density 2.614E+22 in material fuel
[  INFO   ]  Isotope U-235 has number density 7.837E+20 in material fuel
[  INFO   ]  Isotope U-238 has number density 2.504E+22 in material fuel
[  INFO   ]  Isotope O-16 has number density 4.552E+22 in material fuel
[  INFO   ]  Isotope U-235 has number density 6.908E+20 in material fuel
[  INFO   ]  Isotope U-238 has number density 2.207E+22 in material fuel
[  INFO   ]  Initializing fuel and moderator regions...
[  INFO   ]  Initializing the geometry...
[  INFO   ]  Initializing tallies...
[  INFO   ]  Registered tally total with the TallyBank for the geometry
[  INFO   ]  Registered tally moderator with the TallyBank for material moderato
[  INFO   ]  Registered tally fuel with the TallyBank for material fuel
[  INFO   ]  Registered tally Fuel Flux with the TallyBank for material fuel
[  INFO   ]  Registered tally Moderator Flux with the TallyBank for material
[  INFO   ]  ... moderator
[  INFO   ]  Registered tally  with the TallyBank for the geometry
[  INFO   ]  Registered tally  with the TallyBank for the geometry
[  INFO   ]  Registered tally  with the TallyBank for the geometry
[  INFO   ]  Registered tally  with the TallyBank for the geometry
[  INFO   ]  Registered tally  with the TallyBank for the geometry
[  INFO   ]  Registered tally  with the TallyBank for the geometry
[  INFO   ]  Registered tally  with the TallyBank for the geometry
[  INFO   ]  Registered tally  with the TallyBank for the geometry
[  INFO   ]  Registered tally  with the TallyBank for the geometry
[  INFO   ]  Registered tally  with the TallyBank for the geometry
[  TITLE  ]  *******************************************************************
[  TITLE  ]              Beginning PINSPEC Monte Carlo Simulation...            
[  TITLE  ]  *******************************************************************
[  NORMAL ]  # neutrons / batch = 10000     # batches = 10     # threads = 4
[SEPARATOR]  -------------------------------------------------------------------
[  INFO   ]  TallyBank has initialized 15 tallies for 10 batches
[  INFO   ]  Thread 1/4 running batch 0
[  INFO   ]  Thread 4/4 running batch 9
[  INFO   ]  Thread 2/4 running batch 3
[  INFO   ]  Thread 3/4 running batch 6
[  INFO   ]  Thread 3/4 running batch 7
[  INFO   ]  Thread 2/4 running batch 4
[  INFO   ]  Thread 1/4 running batch 1
[  INFO   ]  Thread 1/4 running batch 2
[  INFO   ]  Thread 3/4 running batch 8
[  INFO   ]  Thread 2/4 running batch 5
[  NORMAL ]  PINSPEC simulated 15621 neutrons / sec in 6.401564 sec
[  INFO   ]  Writing tally batch statistics to output file...
[  INFO   ]  Plotting fluxes...
[  INFO   ]  Plotting microscopic and macroscopic cross-sections...
[  INFO   ]  Computing group cross-sections...
[  HEADER ]  **********  Batch Statistics for Tally Elastic Group XS  **********
[SEPARATOR]  -------------------------------------------------------------------
[  RESULT ]         Energy Band            Mu     Variance  Std. Dev. Rel. Err.
[SEPARATOR]  -------------------------------------------------------------------
[  RESULT ]  [    0.00 -    0.62 eV ]:  1.249030  3.87E-05  6.22E-03  4.98E-03
[  RESULT ]  [    0.62 - 1.0E+07 eV ]:  0.637945  2.11E-06  1.45E-03  2.28E-03
[SEPARATOR]  -------------------------------------------------------------------
[  HEADER ]  **********  Batch Statistics for Tally Capture Group XS  **********
[SEPARATOR]  -------------------------------------------------------------------
[  RESULT ]         Energy Band            Mu     Variance  Std. Dev. Rel. Err.
[SEPARATOR]  -------------------------------------------------------------------
[  RESULT ]  [    0.00 -    0.62 eV ]:  0.032313  1.92E-08  1.38E-04  4.28E-03
[  RESULT ]  [    0.62 - 1.0E+07 eV ]:  7.13E-03  1.39E-09  3.73E-05  5.22E-03
[SEPARATOR]  -------------------------------------------------------------------
[  HEADER ]  **********  Batch Statistics for Tally Fission Group XS  **********
[SEPARATOR]  -------------------------------------------------------------------
[  RESULT ]         Energy Band            Mu     Variance  Std. Dev. Rel. Err.
[SEPARATOR]  -------------------------------------------------------------------
[  RESULT ]  [    0.00 -    0.62 eV ]:  0.071173  9.27E-08  3.04E-04  4.28E-03
[  RESULT ]  [    0.62 - 1.0E+07 eV ]:  2.61E-03  6.58E-11  8.11E-06  3.11E-03
[SEPARATOR]  -------------------------------------------------------------------
[  HEADER ]  ********  Batch Statistics for Tally Absorption Group XS  *********
[SEPARATOR]  -------------------------------------------------------------------
[  RESULT ]         Energy Band            Mu     Variance  Std. Dev. Rel. Err.
[SEPARATOR]  -------------------------------------------------------------------
[  RESULT ]  [    0.00 -    0.62 eV ]:  0.103486  1.94E-07  4.40E-04  4.25E-03
[  RESULT ]  [    0.62 - 1.0E+07 eV ]:  9.74E-03  1.61E-09  4.02E-05  4.12E-03
[SEPARATOR]  -------------------------------------------------------------------
[  HEADER ]  *********  Batch Statistics for Tally Transport Group XS  *********
[SEPARATOR]  -------------------------------------------------------------------
[  RESULT ]         Energy Band            Mu     Variance  Std. Dev. Rel. Err.
[SEPARATOR]  -------------------------------------------------------------------
[  RESULT ]  [    0.00 -    0.62 eV ]:  0.668127  9.36E-06  3.06E-03  4.58E-03
[  RESULT ]  [    0.62 - 1.0E+07 eV ]:  0.362790  6.56E-07  8.10E-04  2.23E-03
[SEPARATOR]  -------------------------------------------------------------------
[  HEADER ]  **********  Batch Statistics for Tally Diffusion Coeff.  **********
[SEPARATOR]  -------------------------------------------------------------------
[  RESULT ]         Energy Band            Mu     Variance  Std. Dev. Rel. Err.
[SEPARATOR]  -------------------------------------------------------------------
[  RESULT ]  [    0.00 -    0.62 eV ]:  0.520730  5.77E-06  2.40E-03  4.61E-03
[  RESULT ]  [    0.62 - 1.0E+07 eV ]:  1.308876  1.19E-05  3.45E-03  2.64E-03
[SEPARATOR]  -------------------------------------------------------------------
[  HEADER ]  ***********  Batch Statistics for Tally Total Group XS  ***********
[SEPARATOR]  -------------------------------------------------------------------
[  RESULT ]         Energy Band            Mu     Variance  Std. Dev. Rel. Err.
[SEPARATOR]  -------------------------------------------------------------------
[  RESULT ]  [    0.00 -    0.62 eV ]:  1.352517  4.35E-05  6.60E-03  4.88E-03
[  RESULT ]  [    0.62 - 1.0E+07 eV ]:  0.647687  2.13E-06  1.46E-03  2.25E-03
[SEPARATOR]  -------------------------------------------------------------------
