Current local time and date: Fri Apr 12 03:17:58 2013
[  INFO   ]  Logging level set to INFO
[  TITLE  ]  *******************************************************************
[  TITLE  ]               Simulation of homework 4 for 2012 22.211             
[  TITLE  ]  *******************************************************************
[  INFO   ]  Computing homogenized number densities...
[  INFO   ]  Initializing isotopes...
[  INFO   ]  Loading isotope H-1
[  INFO   ]  Loading H-1-elastic.txt for isotope H-1
[  INFO   ]  Loading H-1-capture.txt for isotope H-1
[  INFO   ]  Loading isotope O-16
[  INFO   ]  Loading O-16-elastic.txt for isotope O-16
[  INFO   ]  Loading O-16-capture.txt for isotope O-16
[  INFO   ]  Loading isotope U-235
[  INFO   ]  Loading U-235-elastic.txt for isotope U-235
[  INFO   ]  Loading U-235-capture.txt for isotope U-235
[  INFO   ]  Loading U-235-fission.txt for isotope U-235
[  INFO   ]  Loading isotope U-238
[  INFO   ]  Loading U-238-elastic.txt for isotope U-238
[  INFO   ]  Loading U-238-capture.txt for isotope U-238
[  INFO   ]  Loading U-238-fission.txt for isotope U-238
[  INFO   ]  Loading isotope Zr-90
[  INFO   ]  Loading Zr-90-elastic.txt for isotope Zr-90
[  INFO   ]  Loading Zr-90-capture.txt for isotope Zr-90
[  INFO   ]  Setting 1-group elastic xs for isotope U-235
[  INFO   ]  Setting 1-group elastic xs for isotope U-238
[  INFO   ]  Setting 1-group capture xs for isotope Zr-90
[  INFO   ]  Setting 1-group capture xs for isotope O-16
[  INFO   ]  Initializing fuel and moderator materials...
[  INFO   ]  Isotope H-1 has number density 1.093E+24 in material moderator
[  INFO   ]  Isotope H-1 has number density 1.215E+23 in material moderator
[  INFO   ]  Isotope O-16 has number density 6.074E+22 in material moderator
[  INFO   ]  Isotope H-1 has number density 5.526E+22 in material moderator
[  INFO   ]  Isotope O-16 has number density 2.763E+22 in material moderator
[  INFO   ]  Isotope Zr-90 has number density 6.621E+21 in material moderator
[  INFO   ]  Isotope U-235 has number density 2.614E+22 in material fuel
[  INFO   ]  Isotope U-235 has number density 7.837E+20 in material fuel
[  INFO   ]  Isotope U-238 has number density 2.504E+22 in material fuel
[  INFO   ]  Isotope O-16 has number density 4.552E+22 in material fuel
[  INFO   ]  Isotope U-235 has number density 6.908E+20 in material fuel
[  INFO   ]  Isotope U-238 has number density 2.207E+22 in material fuel
[  INFO   ]  Initializing fuel and moderator regions...
[  INFO   ]  Initializing the geometry...
[  INFO   ]  Registered tally total with the TallyBank for the geometry
[  INFO   ]  Registered tally moderator with the TallyBank for material moderato
[  INFO   ]  Registered tally fuel with the TallyBank for material fuel
[  INFO   ]  Registered tally Fuel Flux with the TallyBank for material fuel
[  INFO   ]  Registered tally Moderator Flux with the TallyBank for material
[  INFO   ]  ... moderator
[  INFO   ]  Registered tally  with the TallyBank for the geometry
[  INFO   ]  Registered tally  with the TallyBank for the geometry
[  INFO   ]  Registered tally  with the TallyBank for the geometry
[  INFO   ]  Registered tally  with the TallyBank for the geometry
[  INFO   ]  Registered tally  with the TallyBank for the geometry
[  INFO   ]  Registered tally  with the TallyBank for the geometry
[  INFO   ]  Registered tally  with the TallyBank for the geometry
[  INFO   ]  Registered tally  with the TallyBank for the geometry
[  INFO   ]  Registered tally  with the TallyBank for the geometry
[  INFO   ]  Registered tally  with the TallyBank for the geometry
[  INFO   ]  Initializing tallies...
[  TITLE  ]  *******************************************************************
[  TITLE  ]              Beginning PINSPEC Monte Carlo Simulation...            
[  TITLE  ]  *******************************************************************
[  NORMAL ]  # neutrons / batch = 100000     # batches = 50     # threads = 4
[SEPARATOR]  -------------------------------------------------------------------
[  INFO   ]  TallyBank has initialized 15 tallies for 50 batches
[  INFO   ]  Thread 4/4 running batch 39
[  INFO   ]  Thread 2/4 running batch 13
[  INFO   ]  Thread 1/4 running batch 0
[  INFO   ]  Thread 3/4 running batch 26
[  INFO   ]  Thread 1/4 running batch 1
[  INFO   ]  Thread 3/4 running batch 27
[  INFO   ]  Thread 4/4 running batch 40
[  INFO   ]  Thread 2/4 running batch 14
[  INFO   ]  Thread 3/4 running batch 28
[  INFO   ]  Thread 2/4 running batch 15
[  INFO   ]  Thread 4/4 running batch 41
[  INFO   ]  Thread 1/4 running batch 2
[  INFO   ]  Thread 3/4 running batch 29
[  INFO   ]  Thread 2/4 running batch 16
[  INFO   ]  Thread 1/4 running batch 3
[  INFO   ]  Thread 4/4 running batch 42
[  INFO   ]  Thread 3/4 running batch 30
[  INFO   ]  Thread 2/4 running batch 17
[  INFO   ]  Thread 4/4 running batch 43
[  INFO   ]  Thread 1/4 running batch 4
[  INFO   ]  Thread 3/4 running batch 31
[  INFO   ]  Thread 2/4 running batch 18
[  INFO   ]  Thread 4/4 running batch 44
[  INFO   ]  Thread 1/4 running batch 5
[  INFO   ]  Thread 2/4 running batch 19
[  INFO   ]  Thread 3/4 running batch 32
[  INFO   ]  Thread 4/4 running batch 45
[  INFO   ]  Thread 1/4 running batch 6
[  INFO   ]  Thread 2/4 running batch 20
[  INFO   ]  Thread 3/4 running batch 33
[  INFO   ]  Thread 4/4 running batch 46
[  INFO   ]  Thread 1/4 running batch 7
[  INFO   ]  Thread 2/4 running batch 21
[  INFO   ]  Thread 3/4 running batch 34
[  INFO   ]  Thread 4/4 running batch 47
[  INFO   ]  Thread 1/4 running batch 8
[  INFO   ]  Thread 2/4 running batch 22
[  INFO   ]  Thread 3/4 running batch 35
[  INFO   ]  Thread 4/4 running batch 48
[  INFO   ]  Thread 1/4 running batch 9
[  INFO   ]  Thread 2/4 running batch 23
[  INFO   ]  Thread 3/4 running batch 36
[  INFO   ]  Thread 4/4 running batch 49
[  INFO   ]  Thread 1/4 running batch 10
[  INFO   ]  Thread 2/4 running batch 24
[  INFO   ]  Thread 3/4 running batch 37
[  INFO   ]  Thread 1/4 running batch 11
[  INFO   ]  Thread 2/4 running batch 25
[  INFO   ]  Thread 3/4 running batch 38
[  INFO   ]  Thread 1/4 running batch 12
[  NORMAL ]  PINSPEC simulated 10963 neutrons / sec in 456.067795 sec
[  INFO   ]  Writing tally batch statistics to output file...
[  INFO   ]  Plotting fluxes...
[  INFO   ]  Plotting microscopic and macroscopic cross-sections...
[  INFO   ]  Computing group cross-sections...
[  HEADER ]  **********  Batch Statistics for Tally Elastic Group XS  **********
[SEPARATOR]  -------------------------------------------------------------------
[  RESULT ]         Energy Band            Mu     Variance  Std. Dev. Rel. Err.
[SEPARATOR]  -------------------------------------------------------------------
[  RESULT ]  [    0.00 -    0.62 eV ]:  1.155878  8.24E-07  9.07E-04  7.85E-04
[  RESULT ]  [    0.62 - 1.0E+07 eV ]:  0.633732  2.30E-08  1.52E-04  2.40E-04
[SEPARATOR]  -------------------------------------------------------------------
[  HEADER ]  **********  Batch Statistics for Tally Capture Group XS  **********
[SEPARATOR]  -------------------------------------------------------------------
[  RESULT ]         Energy Band            Mu     Variance  Std. Dev. Rel. Err.
[SEPARATOR]  -------------------------------------------------------------------
[  RESULT ]  [    0.00 -    0.62 eV ]:  0.036477  6.96E-10  2.64E-05  7.23E-04
[  RESULT ]  [    0.62 - 1.0E+07 eV ]:  0.010935  4.38E-11  6.62E-06  6.06E-04
[SEPARATOR]  -------------------------------------------------------------------
[  HEADER ]  **********  Batch Statistics for Tally Fission Group XS  **********
[SEPARATOR]  -------------------------------------------------------------------
[  RESULT ]         Energy Band            Mu     Variance  Std. Dev. Rel. Err.
[SEPARATOR]  -------------------------------------------------------------------
[  RESULT ]  [    0.00 -    0.62 eV ]:  0.087609  3.95E-09  6.28E-05  7.17E-04
[  RESULT ]  [    0.62 - 1.0E+07 eV ]:  2.54E-03  1.45E-12  1.21E-06  4.75E-04
[SEPARATOR]  -------------------------------------------------------------------
[  HEADER ]  ********  Batch Statistics for Tally Absorption Group XS  *********
[SEPARATOR]  -------------------------------------------------------------------
[  RESULT ]         Energy Band            Mu     Variance  Std. Dev. Rel. Err.
[SEPARATOR]  -------------------------------------------------------------------
[  RESULT ]  [    0.00 -    0.62 eV ]:  0.124086  7.93E-09  8.90E-05  7.18E-04
[  RESULT ]  [    0.62 - 1.0E+07 eV ]:  0.013475  5.02E-11  7.09E-06  5.26E-04
[SEPARATOR]  -------------------------------------------------------------------
[  HEADER ]  *********  Batch Statistics for Tally Transport Group XS  *********
[SEPARATOR]  -------------------------------------------------------------------
[  RESULT ]         Energy Band            Mu     Variance  Std. Dev. Rel. Err.
[SEPARATOR]  -------------------------------------------------------------------
[  RESULT ]  [    0.00 -    0.62 eV ]:  0.669236  2.47E-07  4.97E-04  7.43E-04
[  RESULT ]  [    0.62 - 1.0E+07 eV ]:  0.362934  8.02E-09  8.96E-05  2.47E-04
[SEPARATOR]  -------------------------------------------------------------------
[  HEADER ]  **********  Batch Statistics for Tally Diffusion Coeff.  **********
[SEPARATOR]  -------------------------------------------------------------------
[  RESULT ]         Energy Band            Mu     Variance  Std. Dev. Rel. Err.
[SEPARATOR]  -------------------------------------------------------------------
[  RESULT ]  [    0.00 -    0.62 eV ]:  0.522326  1.50E-07  3.87E-04  7.40E-04
[  RESULT ]  [    0.62 - 1.0E+07 eV ]:  1.332437  2.71E-07  5.20E-04  3.90E-04
[SEPARATOR]  -------------------------------------------------------------------
[  HEADER ]  ***********  Batch Statistics for Tally Total Group XS  ***********
[SEPARATOR]  -------------------------------------------------------------------
[  RESULT ]         Energy Band            Mu     Variance  Std. Dev. Rel. Err.
[SEPARATOR]  -------------------------------------------------------------------
[  RESULT ]  [    0.00 -    0.62 eV ]:  1.279958  9.76E-07  9.88E-04  7.72E-04
[  RESULT ]  [    0.62 - 1.0E+07 eV ]:  0.647142  2.39E-08  1.54E-04  2.39E-04
[SEPARATOR]  -------------------------------------------------------------------
[  HEADER ]  *************  Batch Statistics for Tally k-infinity  *************
[SEPARATOR]  -------------------------------------------------------------------
[  RESULT ]         Energy Band            Mu     Variance  Std. Dev. Rel. Err.
[SEPARATOR]  -------------------------------------------------------------------
[  RESULT ]  [    0.00 - 1.0E+07 eV ]:  1.213473  3.41E-07  5.84E-04  4.81E-04
[SEPARATOR]  -------------------------------------------------------------------
[  HEADER ]  ***  Batch Statistics for Tally Moderator-to-Fuel Flux Ratios  ****
[SEPARATOR]  -------------------------------------------------------------------
[  RESULT ]         Energy Band            Mu     Variance  Std. Dev. Rel. Err.
[SEPARATOR]  -------------------------------------------------------------------
[  RESULT ]  [    0.00 -    0.10 eV ]:  2.378990  4.96E-06  2.23E-03  9.36E-04
[  RESULT ]  [    0.10 -    0.50 eV ]:  2.511115  7.38E-06  2.72E-03  1.08E-03
[  RESULT ]  [    0.50 -    1.00 eV ]:  2.626291  1.94E-05  4.40E-03  1.68E-03
[  RESULT ]  [    1.00 -    6.00 eV ]:  2.644998  9.16E-06  3.03E-03  1.14E-03
[  RESULT ]  [    6.00 -   10.00 eV ]:  2.347636  1.53E-05  3.91E-03  1.67E-03
[  RESULT ]  [   10.00 -   25.00 eV ]:  2.548553  1.46E-05  3.82E-03  1.50E-03
[  RESULT ]  [   25.00 -   50.00 eV ]:  2.556534  1.29E-05  3.60E-03  1.41E-03
[  RESULT ]  [   50.00 -  100.00 eV ]:  2.602705  1.79E-05  4.23E-03  1.63E-03
[  RESULT ]  [  100.00 - 1000.00 eV ]:  2.605805  5.32E-06  2.31E-03  8.85E-04
[  RESULT ]  [ 1000.00 - 1.0E+04 eV ]:  2.661451  4.20E-06  2.05E-03  7.70E-04
[  RESULT ]  [ 1.0E+04 - 1.0E+05 eV ]:  2.701684  4.01E-06  2.00E-03  7.41E-04
[  RESULT ]  [ 1.0E+05 - 5.0E+05 eV ]:  2.884447  3.40E-06  1.84E-03  6.39E-04
[  RESULT ]  [ 5.0E+05 - 1.0E+07 eV ]:  4.287802  8.72E-06  2.95E-03  6.89E-04
[SEPARATOR]  -------------------------------------------------------------------
[  TITLE  ]  *******************************************************************
[  TITLE  ]                               Finished                             
[  TITLE  ]  *******************************************************************
