Current local time and date: Thu Apr 11 12:46:06 2013
[  INFO   ]  Logging level set to INFO
[  TITLE  ]  *******************************************************************
[  TITLE  ]               Simulation of homework 4 for 2012 22.211             
[  TITLE  ]  *******************************************************************
[  INFO   ]  Computing homogenized number densities...
[  INFO   ]  Initializing isotopes...
[  INFO   ]  Loading isotope H-1
[  INFO   ]  Loading H-1-elastic.txt for isotope H-1
[  INFO   ]  Loading H-1-capture.txt for isotope H-1
[  INFO   ]  Loading isotope O-16
[  INFO   ]  Loading O-16-elastic.txt for isotope O-16
[  INFO   ]  Loading O-16-capture.txt for isotope O-16
[  INFO   ]  Loading isotope U-235
[  INFO   ]  Loading U-235-elastic.txt for isotope U-235
[  INFO   ]  Loading U-235-capture.txt for isotope U-235
[  INFO   ]  Loading U-235-fission.txt for isotope U-235
[  INFO   ]  Loading isotope U-238
[  INFO   ]  Loading U-238-elastic.txt for isotope U-238
[  INFO   ]  Loading U-238-capture.txt for isotope U-238
[  INFO   ]  Loading U-238-fission.txt for isotope U-238
[  INFO   ]  Loading isotope Zr-90
[  INFO   ]  Loading Zr-90-elastic.txt for isotope Zr-90
[  INFO   ]  Loading Zr-90-capture.txt for isotope Zr-90
[  INFO   ]  Setting 1-group elastic xs for isotope U-235
[  INFO   ]  Setting 1-group elastic xs for isotope U-238
[  INFO   ]  Setting 1-group capture xs for isotope Zr-90
[  INFO   ]  Setting 1-group capture xs for isotope O-16
[  INFO   ]  Initializing fuel and moderator materials...
[  INFO   ]  Isotope H-1 has number density 1.093E+24 in material moderator
[  INFO   ]  Isotope H-1 has number density 1.215E+23 in material moderator
[  INFO   ]  Isotope O-16 has number density 6.074E+22 in material moderator
[  INFO   ]  Isotope H-1 has number density 5.526E+22 in material moderator
[  INFO   ]  Isotope O-16 has number density 2.763E+22 in material moderator
[  INFO   ]  Isotope Zr-90 has number density 6.621E+21 in material moderator
[  INFO   ]  Isotope U-235 has number density 2.614E+22 in material fuel
[  INFO   ]  Isotope U-235 has number density 7.837E+20 in material fuel
[  INFO   ]  Isotope U-238 has number density 2.504E+22 in material fuel
[  INFO   ]  Isotope O-16 has number density 4.552E+22 in material fuel
[  INFO   ]  Isotope U-235 has number density 6.908E+20 in material fuel
[  INFO   ]  Isotope U-238 has number density 2.207E+22 in material fuel
[  INFO   ]  Initializing fuel and moderator regions...
[  INFO   ]  Initializing the geometry...
[  INFO   ]  Registered tally total with the TallyBank for the geometry
[  INFO   ]  Registered tally moderator with the TallyBank for material moderato
[  INFO   ]  Registered tally fuel with the TallyBank for material fuel
[  INFO   ]  Registered tally Fuel Flux with the TallyBank for material fuel
[  INFO   ]  Registered tally Moderator Flux with the TallyBank for material
[  INFO   ]  ... moderator
[  INFO   ]  Registered tally  with the TallyBank for the geometry
[  INFO   ]  Registered tally  with the TallyBank for the geometry
[  INFO   ]  Registered tally  with the TallyBank for the geometry
[  INFO   ]  Registered tally  with the TallyBank for the geometry
[  INFO   ]  Registered tally  with the TallyBank for the geometry
[  INFO   ]  Registered tally  with the TallyBank for the geometry
[  INFO   ]  Registered tally  with the TallyBank for the geometry
[  INFO   ]  Registered tally  with the TallyBank for the geometry
[  INFO   ]  Registered tally  with the TallyBank for the geometry
[  INFO   ]  Registered tally  with the TallyBank for the geometry
[  INFO   ]  Initializing tallies...
[  TITLE  ]  *******************************************************************
[  TITLE  ]              Beginning PINSPEC Monte Carlo Simulation...            
[  TITLE  ]  *******************************************************************
[  NORMAL ]  # neutrons / batch = 1000     # batches = 50     # threads = 4
[SEPARATOR]  -------------------------------------------------------------------
[  INFO   ]  TallyBank has initialized 15 tallies for 50 batches
[  INFO   ]  Thread 1/4 running batch 0
[  INFO   ]  Thread 3/4 running batch 26
[  INFO   ]  Thread 4/4 running batch 39
[  INFO   ]  Thread 2/4 running batch 13
[  INFO   ]  Thread 3/4 running batch 27
[  INFO   ]  Thread 1/4 running batch 1
[  INFO   ]  Thread 2/4 running batch 14
[  INFO   ]  Thread 4/4 running batch 40
[  INFO   ]  Thread 3/4 running batch 28
[  INFO   ]  Thread 4/4 running batch 41
[  INFO   ]  Thread 1/4 running batch 2
[  INFO   ]  Thread 2/4 running batch 15
[  INFO   ]  Thread 3/4 running batch 29
[  INFO   ]  Thread 4/4 running batch 42
[  INFO   ]  Thread 1/4 running batch 3
[  INFO   ]  Thread 2/4 running batch 16
[  INFO   ]  Thread 3/4 running batch 30
[  INFO   ]  Thread 1/4 running batch 4
[  INFO   ]  Thread 4/4 running batch 43
[  INFO   ]  Thread 2/4 running batch 17
[  INFO   ]  Thread 1/4 running batch 5
[  INFO   ]  Thread 3/4 running batch 31
[  INFO   ]  Thread 4/4 running batch 44
[  INFO   ]  Thread 2/4 running batch 18
[  INFO   ]  Thread 1/4 running batch 6
[  INFO   ]  Thread 3/4 running batch 32
[  INFO   ]  Thread 4/4 running batch 45
[  INFO   ]  Thread 2/4 running batch 19
[  INFO   ]  Thread 1/4 running batch 7
[  INFO   ]  Thread 3/4 running batch 33
[  INFO   ]  Thread 4/4 running batch 46
[  INFO   ]  Thread 2/4 running batch 20
[  INFO   ]  Thread 1/4 running batch 8
[  INFO   ]  Thread 3/4 running batch 34
[  INFO   ]  Thread 2/4 running batch 21
[  INFO   ]  Thread 4/4 running batch 47
[  INFO   ]  Thread 1/4 running batch 9
[  INFO   ]  Thread 3/4 running batch 35
[  INFO   ]  Thread 4/4 running batch 48
[  INFO   ]  Thread 2/4 running batch 22
[  INFO   ]  Thread 1/4 running batch 10
[  INFO   ]  Thread 4/4 running batch 49
[  INFO   ]  Thread 3/4 running batch 36
[  INFO   ]  Thread 2/4 running batch 23
[  INFO   ]  Thread 1/4 running batch 11
[  INFO   ]  Thread 3/4 running batch 37
[  INFO   ]  Thread 2/4 running batch 24
[  INFO   ]  Thread 1/4 running batch 12
[  INFO   ]  Thread 3/4 running batch 38
[  INFO   ]  Thread 2/4 running batch 25
[  NORMAL ]  PINSPEC simulated 8367 neutrons / sec in 5.975754 sec
[  INFO   ]  Writing tally batch statistics to output file...
[  INFO   ]  Plotting fluxes...
[  INFO   ]  Plotting microscopic and macroscopic cross-sections...
[  INFO   ]  Computing group cross-sections...
[  HEADER ]  **********  Batch Statistics for Tally Elastic Group XS  **********
[SEPARATOR]  -------------------------------------------------------------------
[  RESULT ]         Energy Band            Mu     Variance  Std. Dev. Rel. Err.
[SEPARATOR]  -------------------------------------------------------------------
[  RESULT ]  [    0.00 -    0.62 eV ]:  1.246567  8.44E-05  9.19E-03  7.37E-03
[  RESULT ]  [    0.62 - 1.0E+07 eV ]:  0.639380  2.18E-06  1.48E-03  2.31E-03
[SEPARATOR]  -------------------------------------------------------------------
[  HEADER ]  **********  Batch Statistics for Tally Capture Group XS  **********
[SEPARATOR]  -------------------------------------------------------------------
[  RESULT ]         Energy Band            Mu     Variance  Std. Dev. Rel. Err.
[SEPARATOR]  -------------------------------------------------------------------
[  RESULT ]  [    0.00 -    0.62 eV ]:  0.032397  5.24E-08  2.29E-04  7.06E-03
[  RESULT ]  [    0.62 - 1.0E+07 eV ]:  7.26E-03  2.51E-09  5.01E-05  6.90E-03
[SEPARATOR]  -------------------------------------------------------------------
[  HEADER ]  **********  Batch Statistics for Tally Fission Group XS  **********
[SEPARATOR]  -------------------------------------------------------------------
[  RESULT ]         Energy Band            Mu     Variance  Std. Dev. Rel. Err.
[SEPARATOR]  -------------------------------------------------------------------
[  RESULT ]  [    0.00 -    0.62 eV ]:  0.071497  2.75E-07  5.24E-04  7.33E-03
[  RESULT ]  [    0.62 - 1.0E+07 eV ]:  2.61E-03  1.35E-10  1.16E-05  4.47E-03
[SEPARATOR]  -------------------------------------------------------------------
[  HEADER ]  ********  Batch Statistics for Tally Absorption Group XS  *********
[SEPARATOR]  -------------------------------------------------------------------
[  RESULT ]         Energy Band            Mu     Variance  Std. Dev. Rel. Err.
[SEPARATOR]  -------------------------------------------------------------------
[  RESULT ]  [    0.00 -    0.62 eV ]:  0.103894  5.63E-07  7.50E-04  7.22E-03
[  RESULT ]  [    0.62 - 1.0E+07 eV ]:  9.86E-03  3.09E-09  5.56E-05  5.63E-03
[SEPARATOR]  -------------------------------------------------------------------
[  HEADER ]  *********  Batch Statistics for Tally Transport Group XS  *********
[SEPARATOR]  -------------------------------------------------------------------
[  RESULT ]         Energy Band            Mu     Variance  Std. Dev. Rel. Err.
[SEPARATOR]  -------------------------------------------------------------------
[  RESULT ]  [    0.00 -    0.62 eV ]:  0.668075  2.22E-05  4.71E-03  7.05E-03
[  RESULT ]  [    0.62 - 1.0E+07 eV ]:  0.363383  7.19E-07  8.48E-04  2.33E-03
[SEPARATOR]  -------------------------------------------------------------------
[  HEADER ]  **********  Batch Statistics for Tally Diffusion Coeff.  **********
[SEPARATOR]  -------------------------------------------------------------------
[  RESULT ]         Energy Band            Mu     Variance  Std. Dev. Rel. Err.
[SEPARATOR]  -------------------------------------------------------------------
[  RESULT ]  [    0.00 -    0.62 eV ]:  0.520807  1.30E-05  3.61E-03  6.93E-03
[  RESULT ]  [    0.62 - 1.0E+07 eV ]:  1.304975  2.91E-05  5.39E-03  4.13E-03
[SEPARATOR]  -------------------------------------------------------------------
[  HEADER ]  ***********  Batch Statistics for Tally Total Group XS  ***********
[SEPARATOR]  -------------------------------------------------------------------
[  RESULT ]         Energy Band            Mu     Variance  Std. Dev. Rel. Err.
[SEPARATOR]  -------------------------------------------------------------------
[  RESULT ]  [    0.00 -    0.62 eV ]:  1.350457  9.68E-05  9.84E-03  7.29E-03
[  RESULT ]  [    0.62 - 1.0E+07 eV ]:  0.649184  2.22E-06  1.49E-03  2.30E-03
[SEPARATOR]  -------------------------------------------------------------------
[  HEADER ]  *************  Batch Statistics for Tally k-infinity  *************
[SEPARATOR]  -------------------------------------------------------------------
[  RESULT ]         Energy Band            Mu     Variance  Std. Dev. Rel. Err.
[SEPARATOR]  -------------------------------------------------------------------
[  RESULT ]  [    0.00 - 1.0E+07 eV ]:  1.367689  5.89E-05  7.67E-03  5.61E-03
[SEPARATOR]  -------------------------------------------------------------------
[  HEADER ]  ***  Batch Statistics for Tally Moderator-to-Fuel Flux Ratios  ****
[SEPARATOR]  -------------------------------------------------------------------
[  RESULT ]         Energy Band            Mu     Variance  Std. Dev. Rel. Err.
[SEPARATOR]  -------------------------------------------------------------------
[  RESULT ]  [    0.00 -    0.10 eV ]:  1.251346  1.50E-04  1.22E-02  9.79E-03
[  RESULT ]  [    0.10 -    0.50 eV ]:  1.085693  1.37E-04  1.17E-02  1.08E-02
[  RESULT ]  [    0.50 -    1.00 eV ]:  1.055779  3.57E-04  1.89E-02  1.79E-02
[  RESULT ]  [    1.00 -    6.00 eV ]:  1.012389  1.24E-04  1.11E-02  1.10E-02
[  RESULT ]  [    6.00 -   10.00 eV ]:  1.158215  7.09E-04  2.66E-02  2.30E-02
[  RESULT ]  [   10.00 -   25.00 eV ]:  1.072135  3.50E-04  1.87E-02  1.74E-02
[  RESULT ]  [   25.00 -   50.00 eV ]:  1.070872  3.76E-04  1.94E-02  1.81E-02
[  RESULT ]  [   50.00 -  100.00 eV ]:  1.050784  4.81E-04  2.19E-02  2.09E-02
[  RESULT ]  [  100.00 - 1000.00 eV ]:  1.037424  1.29E-04  1.14E-02  1.10E-02
[  RESULT ]  [ 1000.00 - 1.0E+04 eV ]:  1.017031  9.26E-05  9.62E-03  9.46E-03
[  RESULT ]  [ 1.0E+04 - 1.0E+05 eV ]:  1.009921  7.57E-05  8.70E-03  8.62E-03
[  RESULT ]  [ 1.0E+05 - 5.0E+05 eV ]:  1.001312  6.48E-05  8.05E-03  8.04E-03
[  RESULT ]  [ 5.0E+05 - 1.0E+07 eV ]:  1.276840  7.32E-05  8.55E-03  6.70E-03
[SEPARATOR]  -------------------------------------------------------------------
[  TITLE  ]  *******************************************************************
[  TITLE  ]                               Finished                             
[  TITLE  ]  *******************************************************************
