Current local time and date: Thu Mar 28 02:25:58 2013
[  INFO   ]  Logging level set to INFO
[  TITLE  ]  *******************************************************************
[  TITLE  ]               Simulation of homework 1 for 2012 22.211             
[  TITLE  ]  *******************************************************************
[  INFO   ]  Initializing isotopes...
[  INFO   ]  Loading H-1-elastic.txt for isotope H-1
[  INFO   ]  Loading H-1-capture.txt for isotope H-1
[  INFO   ]  Loading C-12-elastic.txt for isotope C-12
[  INFO   ]  Loading C-12-capture.txt for isotope C-12
[  INFO   ]  Setting 1-group capture xs for isotope H-1
[  INFO   ]  Setting 1-group capture xs for isotope C-12
[  INFO   ]  Plotting microscopic cross-sections...
[  HEADER ]  ***********************  Problems 1 and 2  ************************
[  INFO   ]  Initializing generational flux tallies...
[  INFO   ]  Simulating generational flux from H-1...
[  INFO   ]  # neutrons = 1000000		# generations = 15
[  INFO   ]  Simulating generational flux from C-12...
[  INFO   ]  Plotting the generational fluxes...
[  HEADER ]  ***********************  Problems 3 and 4  ************************
[  INFO   ]  Initializing lethargy and energy flux tallies...
[  INFO   ]  Simulating generational flux from C-12...
[  INFO   ]  # neutrons = 1000000		# generations = 50
[  INFO   ]  Plotting the lethargy and energy fluxes...
[  HEADER ]  ***************************  Problem 5  ***************************
[  INFO   ]  Isotope H-1 has number density 4.685E+22 in material H-1
[  INFO   ]  Initializing lethargy flux tally...
[  INFO   ]  Simulating H-1 flux for 15 generations...
[  INFO   ]  # neutrons = 1000000		# generations = 15
[  INFO   ]  Plotting the lethargy flux...
[  TITLE  ]  *******************************************************************
[  TITLE  ]                               Finished                             
[  TITLE  ]  *******************************************************************
