Current local time and date: Sun Mar 24 20:30:06 2013
[  INFO   ]  Logging level set to INFO
[  NORMAL ]  Simulation of homework 1 for 2012 22.211
[  INFO   ]  Initializing isotopes...
[  INFO   ]  Loading H-1-elastic.txt for isotope H-1
[  INFO   ]  Loading H-1-capture.txt for isotope H-1
[  INFO   ]  Loading C-12-elastic.txt for isotope C-12
[  INFO   ]  Loading C-12-capture.txt for isotope C-12
[  INFO   ]  Setting 1-group capture xs for isotope H-1
[  INFO   ]  Setting 1-group capture xs for isotope C-12
[  INFO   ]  Plotting microscopic cross-sections...
[  TITLE  ]  *******************************************************************
[  TITLE  ]                           Problems 1 and 2                         
[  TITLE  ]  *******************************************************************
[  INFO   ]  Initializing generational flux tallies...
[  INFO   ]  Simulating generational flux from H-1...
[  INFO   ]  # neutrons = 100000		# generations = 15
[  INFO   ]  Simulating generational flux from C-12...
[  INFO   ]  Plotting the generational fluxes...
[  TITLE  ]  *******************************************************************
[  TITLE  ]                           Problems 3 and 4                         
[  TITLE  ]  *******************************************************************
[  INFO   ]  Initializing lethargy and energy flux tallies...
[  INFO   ]  Simulating generational flux from C-12...
[  INFO   ]  # neutrons = 100000		# generations = 50
[  INFO   ]  Plotting the lethargy and energy fluxes...
[  TITLE  ]  *******************************************************************
[  TITLE  ]                               Problem 5                             
[  TITLE  ]  *******************************************************************
[  INFO   ]  Isotope H-1 has number density 4.685E+22 in material H-1
[  INFO   ]  Initializing lethargy flux tally...
[  INFO   ]  Simulating H-1 flux for 15 generations...
[  INFO   ]  # neutrons = 100000		# generations = 15
[  INFO   ]  Plotting the lethargy flux...
[  TITLE  ]  *******************************************************************
[  TITLE  ]                               Finished                             
[  TITLE  ]  *******************************************************************
