Current local time and date: Fri Apr 12 02:52:37 2013
[  INFO   ]  Logging level set to INFO
[  TITLE  ]  *******************************************************************
[  TITLE  ]               Simulation of homework 3 for 2012 22.211             
[  TITLE  ]  *******************************************************************
[  INFO   ]  Initializing isotopes...
[  INFO   ]  Loading isotope H-1
[  INFO   ]  Loading H-1-elastic.txt for isotope H-1
[  INFO   ]  Loading H-1-capture.txt for isotope H-1
[  INFO   ]  Loading isotope U-238
[  INFO   ]  Loading U-238-elastic.txt for isotope U-238
[  INFO   ]  Loading U-238-capture.txt for isotope U-238
[  INFO   ]  Loading U-238-fission.txt for isotope U-238
[  INFO   ]  Setting capture xs for isotope H-1
[  INFO   ]  Setting 1-group elastic xs for isotope U-238
[  INFO   ]  Setting 1-group fission xs for isotope U-238
[  INFO   ]  Plotting microscopic cross-sections...
[  INFO   ]  Creating a fuel-moderator mixture material...
[  INFO   ]  Isotope H-1 has number density 3.011E+24 in material Fuel
[  INFO   ]  ... Moderator Mix
[  INFO   ]  Isotope H-1 has number density 1.214E+23 in material Fuel
[  INFO   ]  ... Moderator Mix
[  INFO   ]  Isotope U-238 has number density 1.214E+22 in material Fuel
[  INFO   ]  ... Moderator Mix
[  INFO   ]  Creating an infinite homogeneous region...
[  INFO   ]  Creating the geometry...
[  INFO   ]  Initializing tallies for flux and absorption rates...
[  INFO   ]  Registering tallies with the TallyBank...
[  INFO   ]  Registered tally u238 abs with the TallyBank for region 
[  INFO   ]  Registered tally tot abs with the TallyBank for region 
[  INFO   ]  Registered tally  with the TallyBank for region 
[  HEADER ]  ***********************  Problems 1 and 2  ************************
[  TITLE  ]  *******************************************************************
[  TITLE  ]                          Temperature = 300K                        
[  TITLE  ]  *******************************************************************
[  INFO   ]  Loading resonance paramater file U-238-RP.txt
[  INFO   ]  Loading U-238-capture.txt for isotope U-238
[  INFO   ]  Registered tally U/H = 1E-6 with the TallyBank for the geometry
[  INFO   ]  Isotope H-1 has number density 3.011E+24 in material Fuel
[  INFO   ]  ... Moderator Mix
[  INFO   ]  Isotope U-238 has number density 3.011E+18 in material Fuel
[  INFO   ]  ... Moderator Mix
[  TITLE  ]  *******************************************************************
[  TITLE  ]              Beginning PINSPEC Monte Carlo Simulation...            
[  TITLE  ]  *******************************************************************
[  NORMAL ]  # neutrons / batch = 100000     # batches = 10     # threads = 4
[SEPARATOR]  -------------------------------------------------------------------
[  INFO   ]  TallyBank has initialized 4 tallies for 10 batches
[  INFO   ]  Thread 1/4 running batch 0
[  INFO   ]  Thread 2/4 running batch 3
[  INFO   ]  Thread 4/4 running batch 9
[  INFO   ]  Thread 3/4 running batch 6
[  INFO   ]  Thread 3/4 running batch 7
[  INFO   ]  Thread 2/4 running batch 4
[  INFO   ]  Thread 1/4 running batch 1
[  INFO   ]  Thread 3/4 running batch 8
[  INFO   ]  Thread 2/4 running batch 5
[  INFO   ]  Thread 1/4 running batch 2
[  NORMAL ]  PINSPEC simulated 22363 neutrons / sec in 44.716108 sec
[  INFO   ]  Registered tally U/H = 0.01 with the TallyBank for the geometry
[  INFO   ]  Isotope H-1 has number density 8.910E+23 in material Fuel
[  INFO   ]  ... Moderator Mix
[  INFO   ]  Isotope U-238 has number density 8.910E+21 in material Fuel
[  INFO   ]  ... Moderator Mix
[  TITLE  ]  *******************************************************************
[  TITLE  ]              Beginning PINSPEC Monte Carlo Simulation...            
[  TITLE  ]  *******************************************************************
[  NORMAL ]  # neutrons / batch = 100000     # batches = 10     # threads = 4
[SEPARATOR]  -------------------------------------------------------------------
[  INFO   ]  TallyBank has initialized 4 tallies for 10 batches
[  INFO   ]  Thread 1/4 running batch 0
[  INFO   ]  Thread 4/4 running batch 9
[  INFO   ]  Thread 2/4 running batch 3
[  INFO   ]  Thread 3/4 running batch 6
[  INFO   ]  Thread 2/4 running batch 4
[  INFO   ]  Thread 1/4 running batch 1
[  INFO   ]  Thread 3/4 running batch 7
[  INFO   ]  Thread 2/4 running batch 5
[  INFO   ]  Thread 3/4 running batch 8
[  INFO   ]  Thread 1/4 running batch 2
[  NORMAL ]  PINSPEC simulated 21017 neutrons / sec in 47.580745 sec
[  INFO   ]  Registered tally U/H = 0.1 with the TallyBank for the geometry
[  INFO   ]  Isotope H-1 has number density 1.214E+23 in material Fuel
[  INFO   ]  ... Moderator Mix
[  INFO   ]  Isotope U-238 has number density 1.214E+22 in material Fuel
[  INFO   ]  ... Moderator Mix
[  TITLE  ]  *******************************************************************
[  TITLE  ]              Beginning PINSPEC Monte Carlo Simulation...            
[  TITLE  ]  *******************************************************************
[  NORMAL ]  # neutrons / batch = 100000     # batches = 10     # threads = 4
[SEPARATOR]  -------------------------------------------------------------------
[  INFO   ]  TallyBank has initialized 4 tallies for 10 batches
[  INFO   ]  Thread 1/4 running batch 0
[  INFO   ]  Thread 2/4 running batch 3
[  INFO   ]  Thread 4/4 running batch 9
[  INFO   ]  Thread 3/4 running batch 6
[  INFO   ]  Thread 2/4 running batch 4
[  INFO   ]  Thread 3/4 running batch 7
[  INFO   ]  Thread 1/4 running batch 1
[  INFO   ]  Thread 2/4 running batch 5
[  INFO   ]  Thread 1/4 running batch 2
[  INFO   ]  Thread 3/4 running batch 8
[  NORMAL ]  PINSPEC simulated 25769 neutrons / sec in 38.805716 sec
[  INFO   ]  Registered tally U/H = 1.0 with the TallyBank for the geometry
[  INFO   ]  Isotope H-1 has number density 1.260E+22 in material Fuel
[  INFO   ]  ... Moderator Mix
[  INFO   ]  Isotope U-238 has number density 1.260E+22 in material Fuel
[  INFO   ]  ... Moderator Mix
[  TITLE  ]  *******************************************************************
[  TITLE  ]              Beginning PINSPEC Monte Carlo Simulation...            
[  TITLE  ]  *******************************************************************
[  NORMAL ]  # neutrons / batch = 100000     # batches = 10     # threads = 4
[SEPARATOR]  -------------------------------------------------------------------
[  INFO   ]  TallyBank has initialized 4 tallies for 10 batches
[  INFO   ]  Thread 1/4 running batch 0
[  INFO   ]  Thread 4/4 running batch 9
[  INFO   ]  Thread 3/4 running batch 6
[  INFO   ]  Thread 2/4 running batch 3
[  INFO   ]  Thread 3/4 running batch 7
[  INFO   ]  Thread 2/4 running batch 4
[  INFO   ]  Thread 1/4 running batch 1
[  INFO   ]  Thread 3/4 running batch 8
[  INFO   ]  Thread 1/4 running batch 2
[  INFO   ]  Thread 2/4 running batch 5
[  NORMAL ]  PINSPEC simulated 49614 neutrons / sec in 20.155654 sec
[  HEADER ]  ******  Batch Statistics for U238 Abs. / Tot. Abs. Tallies  *******
[SEPARATOR]  -------------------------------------------------------------------
[  RESULT ]         Energy Band             Mu        Mu        Mu        Mu    
[SEPARATOR]  -------------------------------------------------------------------
[  RESULT ]  [    0.00 -    1.00 eV ]:  0.374580  1.180697  6.856406  21.40009
[  RESULT ]  [    1.00 -    6.00 eV ]:  0.023487  0.074838  0.477058  2.752809
[  RESULT ]  [    6.00 -   10.00 eV ]:  2.039443  2.453980  4.236291  6.931327
[  RESULT ]  [   10.00 -   25.00 eV ]:  1.068741  1.311014  2.357091  4.919710
[  RESULT ]  [   25.00 -   50.00 eV ]:  0.677086  0.966795  1.859951  4.107350
[  RESULT ]  [   50.00 -  100.00 eV ]:  0.199459  0.437164  1.078630  2.298292
[  RESULT ]  [  100.00 - 1000.00 eV ]:  0.378638  1.057044  4.447270  17.25852
[SEPARATOR]  -------------------------------------------------------------------
[  HEADER ]  *********  Batch Statistics for Temp=300K Effective RIs  **********
[SEPARATOR]  -------------------------------------------------------------------
[  RESULT ]         Energy Band             Mu        Mu        Mu        Mu    
[SEPARATOR]  -------------------------------------------------------------------
[  RESULT ]  [    0.00 -    1.00 eV ]:  18.71897  18.69657  18.48654  16.78772
[  RESULT ]  [    1.00 -    6.00 eV ]:  1.451504  1.446817  1.444374  1.396738
[  RESULT ]  [    6.00 -   10.00 eV ]:  126.7512  49.03553  13.84055  4.079622
[  RESULT ]  [   10.00 -   25.00 eV ]:  65.94326  25.09642  6.870012  2.178015
[  RESULT ]  [   25.00 -   50.00 eV ]:  41.71006  18.18122  5.206924  1.632163
[  RESULT ]  [   50.00 -  100.00 eV ]:  12.27077  8.087863  2.899916  0.814117
[  RESULT ]  [  100.00 - 1000.00 eV ]:  2.265763  1.873790  1.084568  0.472690
[SEPARATOR]  -------------------------------------------------------------------
[  TITLE  ]  *******************************************************************
[  TITLE  ]                          Temperature = 600K                        
[  TITLE  ]  *******************************************************************
[  INFO   ]  Loading resonance paramater file U-238-RP.txt
[  INFO   ]  Loading U-238-capture.txt for isotope U-238
[  INFO   ]  Registered tally U/H = 1E-6 with the TallyBank for the geometry
[  INFO   ]  Isotope H-1 has number density 3.011E+24 in material Fuel
[  INFO   ]  ... Moderator Mix
[  INFO   ]  Isotope U-238 has number density 3.011E+18 in material Fuel
[  INFO   ]  ... Moderator Mix
[  TITLE  ]  *******************************************************************
[  TITLE  ]              Beginning PINSPEC Monte Carlo Simulation...            
[  TITLE  ]  *******************************************************************
[  NORMAL ]  # neutrons / batch = 100000     # batches = 10     # threads = 4
[SEPARATOR]  -------------------------------------------------------------------
[  INFO   ]  TallyBank has initialized 4 tallies for 10 batches
[  INFO   ]  Thread 4/4 running batch 9
[  INFO   ]  Thread 3/4 running batch 6
[  INFO   ]  Thread 2/4 running batch 3
[  INFO   ]  Thread 1/4 running batch 0
[  INFO   ]  Thread 2/4 running batch 4
[  INFO   ]  Thread 1/4 running batch 1
[  INFO   ]  Thread 3/4 running batch 7
[  INFO   ]  Thread 1/4 running batch 2
[  INFO   ]  Thread 2/4 running batch 5
[  INFO   ]  Thread 3/4 running batch 8
[  NORMAL ]  PINSPEC simulated 21457 neutrons / sec in 46.604870 sec
[  INFO   ]  Registered tally U/H = 0.01 with the TallyBank for the geometry
[  INFO   ]  Isotope H-1 has number density 8.910E+23 in material Fuel
[  INFO   ]  ... Moderator Mix
[  INFO   ]  Isotope U-238 has number density 8.910E+21 in material Fuel
[  INFO   ]  ... Moderator Mix
[  TITLE  ]  *******************************************************************
[  TITLE  ]              Beginning PINSPEC Monte Carlo Simulation...            
[  TITLE  ]  *******************************************************************
[  NORMAL ]  # neutrons / batch = 100000     # batches = 10     # threads = 4
[SEPARATOR]  -------------------------------------------------------------------
[  INFO   ]  TallyBank has initialized 4 tallies for 10 batches
[  INFO   ]  Thread 1/4 running batch 0
[  INFO   ]  Thread 2/4 running batch 3
[  INFO   ]  Thread 4/4 running batch 9
[  INFO   ]  Thread 3/4 running batch 6
[  INFO   ]  Thread 2/4 running batch 4
[  INFO   ]  Thread 1/4 running batch 1
[  INFO   ]  Thread 3/4 running batch 7
[  INFO   ]  Thread 2/4 running batch 5
[  INFO   ]  Thread 1/4 running batch 2
[  INFO   ]  Thread 3/4 running batch 8
[  NORMAL ]  PINSPEC simulated 22669 neutrons / sec in 44.112934 sec
[  INFO   ]  Registered tally U/H = 0.1 with the TallyBank for the geometry
[  INFO   ]  Isotope H-1 has number density 1.214E+23 in material Fuel
[  INFO   ]  ... Moderator Mix
[  INFO   ]  Isotope U-238 has number density 1.214E+22 in material Fuel
[  INFO   ]  ... Moderator Mix
[  TITLE  ]  *******************************************************************
[  TITLE  ]              Beginning PINSPEC Monte Carlo Simulation...            
[  TITLE  ]  *******************************************************************
[  NORMAL ]  # neutrons / batch = 100000     # batches = 10     # threads = 4
[SEPARATOR]  -------------------------------------------------------------------
[  INFO   ]  TallyBank has initialized 4 tallies for 10 batches
[  INFO   ]  Thread 1/4 running batch 0
[  INFO   ]  Thread 4/4 running batch 9
[  INFO   ]  Thread 3/4 running batch 6
[  INFO   ]  Thread 2/4 running batch 3
[  INFO   ]  Thread 1/4 running batch 1
[  INFO   ]  Thread 3/4 running batch 7
[  INFO   ]  Thread 2/4 running batch 4
[  INFO   ]  Thread 2/4 running batch 5
[  INFO   ]  Thread 1/4 running batch 2
[  INFO   ]  Thread 3/4 running batch 8
[  NORMAL ]  PINSPEC simulated 26575 neutrons / sec in 37.629270 sec
[  INFO   ]  Registered tally U/H = 1.0 with the TallyBank for the geometry
[  INFO   ]  Isotope H-1 has number density 1.260E+22 in material Fuel
[  INFO   ]  ... Moderator Mix
[  INFO   ]  Isotope U-238 has number density 1.260E+22 in material Fuel
[  INFO   ]  ... Moderator Mix
[  TITLE  ]  *******************************************************************
[  TITLE  ]              Beginning PINSPEC Monte Carlo Simulation...            
[  TITLE  ]  *******************************************************************
[  NORMAL ]  # neutrons / batch = 100000     # batches = 10     # threads = 4
[SEPARATOR]  -------------------------------------------------------------------
[  INFO   ]  TallyBank has initialized 4 tallies for 10 batches
[  INFO   ]  Thread 1/4 running batch 0
[  INFO   ]  Thread 4/4 running batch 9
[  INFO   ]  Thread 2/4 running batch 3
[  INFO   ]  Thread 3/4 running batch 6
[  INFO   ]  Thread 2/4 running batch 4
[  INFO   ]  Thread 3/4 running batch 7
[  INFO   ]  Thread 1/4 running batch 1
[  INFO   ]  Thread 2/4 running batch 5
[  INFO   ]  Thread 3/4 running batch 8
[  INFO   ]  Thread 1/4 running batch 2
[  NORMAL ]  PINSPEC simulated 45585 neutrons / sec in 21.936813 sec
[  HEADER ]  ******  Batch Statistics for U238 Abs. / Tot. Abs. Tallies  *******
[SEPARATOR]  -------------------------------------------------------------------
[  RESULT ]         Energy Band             Mu        Mu        Mu        Mu    
[SEPARATOR]  -------------------------------------------------------------------
[  RESULT ]  [    0.00 -    1.00 eV ]:  0.374594  1.173336  6.745890  20.87340
[  RESULT ]  [    1.00 -    6.00 eV ]:  0.023573  0.074638  0.470882  2.679684
[  RESULT ]  [    6.00 -   10.00 eV ]:  2.033624  2.750212  4.537807  6.862546
[  RESULT ]  [   10.00 -   25.00 eV ]:  1.074290  1.503691  2.547047  4.899018
[  RESULT ]  [   25.00 -   50.00 eV ]:  0.669568  1.067897  2.023998  4.110525
[  RESULT ]  [   50.00 -  100.00 eV ]:  0.199135  0.478853  1.220249  2.451700
[  RESULT ]  [  100.00 - 1000.00 eV ]:  0.374209  1.091208  4.745934  18.27498
[SEPARATOR]  -------------------------------------------------------------------
[  HEADER ]  *********  Batch Statistics for Temp=600K Effective RIs  **********
[SEPARATOR]  -------------------------------------------------------------------
[  RESULT ]         Energy Band             Mu        Mu        Mu        Mu    
[SEPARATOR]  -------------------------------------------------------------------
[  RESULT ]  [    0.00 -    1.00 eV ]:  18.71864  18.69468  18.49168  16.77811
[  RESULT ]  [    1.00 -    6.00 eV ]:  1.454193  1.452046  1.445994  1.397753
[  RESULT ]  [    6.00 -   10.00 eV ]:  126.2983  55.80062  15.11026  4.137349
[  RESULT ]  [   10.00 -   25.00 eV ]:  66.44651  28.91305  7.534677  2.214861
[  RESULT ]  [   25.00 -   50.00 eV ]:  41.23155  20.15229  5.711735  1.667653
[  RESULT ]  [   50.00 -  100.00 eV ]:  12.25489  8.871158  3.301472  0.888855
[  RESULT ]  [  100.00 - 1000.00 eV ]:  2.239276  1.933883  1.157787  0.500940
[SEPARATOR]  -------------------------------------------------------------------
[  TITLE  ]  *******************************************************************
[  TITLE  ]                          Temperature = 900K                        
[  TITLE  ]  *******************************************************************
[  INFO   ]  Loading resonance paramater file U-238-RP.txt
[  INFO   ]  Loading U-238-capture.txt for isotope U-238
[  INFO   ]  Registered tally U/H = 1E-6 with the TallyBank for the geometry
[  INFO   ]  Isotope H-1 has number density 3.011E+24 in material Fuel
[  INFO   ]  ... Moderator Mix
[  INFO   ]  Isotope U-238 has number density 3.011E+18 in material Fuel
[  INFO   ]  ... Moderator Mix
[  TITLE  ]  *******************************************************************
[  TITLE  ]              Beginning PINSPEC Monte Carlo Simulation...            
[  TITLE  ]  *******************************************************************
[  NORMAL ]  # neutrons / batch = 100000     # batches = 10     # threads = 4
[SEPARATOR]  -------------------------------------------------------------------
[  INFO   ]  TallyBank has initialized 4 tallies for 10 batches
[  INFO   ]  Thread 2/4 running batch 3
[  INFO   ]  Thread 3/4 running batch 6
[  INFO   ]  Thread 4/4 running batch 9
[  INFO   ]  Thread 1/4 running batch 0
[  INFO   ]  Thread 3/4 running batch 7
[  INFO   ]  Thread 2/4 running batch 4
[  INFO   ]  Thread 1/4 running batch 1
[  INFO   ]  Thread 3/4 running batch 8
[  INFO   ]  Thread 2/4 running batch 5
[  INFO   ]  Thread 1/4 running batch 2
[  NORMAL ]  PINSPEC simulated 21576 neutrons / sec in 46.348740 sec
[  INFO   ]  Registered tally U/H = 0.01 with the TallyBank for the geometry
[  INFO   ]  Isotope H-1 has number density 8.910E+23 in material Fuel
[  INFO   ]  ... Moderator Mix
[  INFO   ]  Isotope U-238 has number density 8.910E+21 in material Fuel
[  INFO   ]  ... Moderator Mix
[  TITLE  ]  *******************************************************************
[  TITLE  ]              Beginning PINSPEC Monte Carlo Simulation...            
[  TITLE  ]  *******************************************************************
[  NORMAL ]  # neutrons / batch = 100000     # batches = 10     # threads = 4
[SEPARATOR]  -------------------------------------------------------------------
[  INFO   ]  TallyBank has initialized 4 tallies for 10 batches
[  INFO   ]  Thread 1/4 running batch 0
[  INFO   ]  Thread 2/4 running batch 3
[  INFO   ]  Thread 3/4 running batch 6
[  INFO   ]  Thread 4/4 running batch 9
[  INFO   ]  Thread 2/4 running batch 4
[  INFO   ]  Thread 3/4 running batch 7
[  INFO   ]  Thread 1/4 running batch 1
[  INFO   ]  Thread 1/4 running batch 2
[  INFO   ]  Thread 3/4 running batch 8
[  INFO   ]  Thread 2/4 running batch 5
[  NORMAL ]  PINSPEC simulated 22136 neutrons / sec in 45.175730 sec
[  INFO   ]  Registered tally U/H = 0.1 with the TallyBank for the geometry
[  INFO   ]  Isotope H-1 has number density 1.214E+23 in material Fuel
[  INFO   ]  ... Moderator Mix
[  INFO   ]  Isotope U-238 has number density 1.214E+22 in material Fuel
[  INFO   ]  ... Moderator Mix
[  TITLE  ]  *******************************************************************
[  TITLE  ]              Beginning PINSPEC Monte Carlo Simulation...            
[  TITLE  ]  *******************************************************************
[  NORMAL ]  # neutrons / batch = 100000     # batches = 10     # threads = 4
[SEPARATOR]  -------------------------------------------------------------------
[  INFO   ]  TallyBank has initialized 4 tallies for 10 batches
[  INFO   ]  Thread 1/4 running batch 0
[  INFO   ]  Thread 3/4 running batch 6
[  INFO   ]  Thread 2/4 running batch 3
[  INFO   ]  Thread 4/4 running batch 9
[  INFO   ]  Thread 2/4 running batch 4
[  INFO   ]  Thread 3/4 running batch 7
[  INFO   ]  Thread 1/4 running batch 1
[  INFO   ]  Thread 2/4 running batch 5
[  INFO   ]  Thread 3/4 running batch 8
[  INFO   ]  Thread 1/4 running batch 2
[  NORMAL ]  PINSPEC simulated 27157 neutrons / sec in 36.822894 sec
[  INFO   ]  Registered tally U/H = 1.0 with the TallyBank for the geometry
[  INFO   ]  Isotope H-1 has number density 1.260E+22 in material Fuel
[  INFO   ]  ... Moderator Mix
[  INFO   ]  Isotope U-238 has number density 1.260E+22 in material Fuel
[  INFO   ]  ... Moderator Mix
[  TITLE  ]  *******************************************************************
[  TITLE  ]              Beginning PINSPEC Monte Carlo Simulation...            
[  TITLE  ]  *******************************************************************
[  NORMAL ]  # neutrons / batch = 100000     # batches = 10     # threads = 4
[SEPARATOR]  -------------------------------------------------------------------
[  INFO   ]  TallyBank has initialized 4 tallies for 10 batches
[  INFO   ]  Thread 4/4 running batch 9
[  INFO   ]  Thread 2/4 running batch 3
[  INFO   ]  Thread 3/4 running batch 6
[  INFO   ]  Thread 1/4 running batch 0
[  INFO   ]  Thread 3/4 running batch 7
[  INFO   ]  Thread 2/4 running batch 4
[  INFO   ]  Thread 1/4 running batch 1
[  INFO   ]  Thread 2/4 running batch 5
[  INFO   ]  Thread 3/4 running batch 8
[  INFO   ]  Thread 1/4 running batch 2
[  NORMAL ]  PINSPEC simulated 47112 neutrons / sec in 21.226146 sec
[  HEADER ]  ******  Batch Statistics for U238 Abs. / Tot. Abs. Tallies  *******
[SEPARATOR]  -------------------------------------------------------------------
[  RESULT ]         Energy Band             Mu        Mu        Mu        Mu    
[SEPARATOR]  -------------------------------------------------------------------
[  RESULT ]  [    0.00 -    1.00 eV ]:  0.374621  1.168355  6.664951  20.46294
[  RESULT ]  [    1.00 -    6.00 eV ]:  0.023598  0.074519  0.466278  2.632763
[  RESULT ]  [    6.00 -   10.00 eV ]:  2.028972  2.952148  4.747376  6.863273
[  RESULT ]  [   10.00 -   25.00 eV ]:  1.084978  1.629628  2.731230  4.896609
[  RESULT ]  [   25.00 -   50.00 eV ]:  0.678591  1.147215  2.137252  4.105545
[  RESULT ]  [   50.00 -  100.00 eV ]:  0.200655  0.493590  1.315764  2.584938
[  RESULT ]  [  100.00 - 1000.00 eV ]:  0.375623  1.116823  4.953164  18.98046
[SEPARATOR]  -------------------------------------------------------------------
[  HEADER ]  *********  Batch Statistics for Temp=900K Effective RIs  **********
[SEPARATOR]  -------------------------------------------------------------------
[  RESULT ]         Energy Band             Mu        Mu        Mu        Mu    
[SEPARATOR]  -------------------------------------------------------------------
[  RESULT ]  [    0.00 -    1.00 eV ]:  18.71306  18.68850  18.49235  16.77210
[  RESULT ]  [    1.00 -    6.00 eV ]:  1.456119  1.454205  1.451443  1.398891
[  RESULT ]  [    6.00 -   10.00 eV ]:  126.2102  60.05596  16.14444  4.235502
[  RESULT ]  [   10.00 -   25.00 eV ]:  67.06165  31.37835  8.154487  2.254399
[  RESULT ]  [   25.00 -   50.00 eV ]:  41.80942  21.66695  6.093294  1.693004
[  RESULT ]  [   50.00 -  100.00 eV ]:  12.35390  9.130736  3.589399  0.954052
[  RESULT ]  [  100.00 - 1000.00 eV ]:  2.246474  1.978014  1.208652  0.520767
[SEPARATOR]  -------------------------------------------------------------------
[  TITLE  ]  *******************************************************************
[  TITLE  ]                          Temperature = 1200K                        
[  TITLE  ]  *******************************************************************
[  INFO   ]  Loading resonance paramater file U-238-RP.txt
[  INFO   ]  Loading U-238-capture.txt for isotope U-238
[  INFO   ]  Registered tally U/H = 1E-6 with the TallyBank for the geometry
[  INFO   ]  Isotope H-1 has number density 3.011E+24 in material Fuel
[  INFO   ]  ... Moderator Mix
[  INFO   ]  Isotope U-238 has number density 3.011E+18 in material Fuel
[  INFO   ]  ... Moderator Mix
[  TITLE  ]  *******************************************************************
[  TITLE  ]              Beginning PINSPEC Monte Carlo Simulation...            
[  TITLE  ]  *******************************************************************
[  NORMAL ]  # neutrons / batch = 100000     # batches = 10     # threads = 4
[SEPARATOR]  -------------------------------------------------------------------
[  INFO   ]  TallyBank has initialized 4 tallies for 10 batches
[  INFO   ]  Thread 1/4 running batch 0
[  INFO   ]  Thread 3/4 running batch 6
[  INFO   ]  Thread 4/4 running batch 9
[  INFO   ]  Thread 2/4 running batch 3
[  INFO   ]  Thread 3/4 running batch 7
[  INFO   ]  Thread 2/4 running batch 4
[  INFO   ]  Thread 1/4 running batch 1
[  INFO   ]  Thread 3/4 running batch 8
[  INFO   ]  Thread 2/4 running batch 5
[  INFO   ]  Thread 1/4 running batch 2
[  NORMAL ]  PINSPEC simulated 22326 neutrons / sec in 44.791015 sec
[  INFO   ]  Registered tally U/H = 0.01 with the TallyBank for the geometry
[  INFO   ]  Isotope H-1 has number density 8.910E+23 in material Fuel
[  INFO   ]  ... Moderator Mix
[  INFO   ]  Isotope U-238 has number density 8.910E+21 in material Fuel
[  INFO   ]  ... Moderator Mix
[  TITLE  ]  *******************************************************************
[  TITLE  ]              Beginning PINSPEC Monte Carlo Simulation...            
[  TITLE  ]  *******************************************************************
[  NORMAL ]  # neutrons / batch = 100000     # batches = 10     # threads = 4
[SEPARATOR]  -------------------------------------------------------------------
[  INFO   ]  TallyBank has initialized 4 tallies for 10 batches
[  INFO   ]  Thread 1/4 running batch 0
[  INFO   ]  Thread 3/4 running batch 6
[  INFO   ]  Thread 4/4 running batch 9
[  INFO   ]  Thread 2/4 running batch 3
[  INFO   ]  Thread 2/4 running batch 4
[  INFO   ]  Thread 3/4 running batch 7
[  INFO   ]  Thread 1/4 running batch 1
[  INFO   ]  Thread 2/4 running batch 5
[  INFO   ]  Thread 3/4 running batch 8
[  INFO   ]  Thread 1/4 running batch 2
[  NORMAL ]  PINSPEC simulated 22075 neutrons / sec in 45.300337 sec
[  INFO   ]  Registered tally U/H = 0.1 with the TallyBank for the geometry
[  INFO   ]  Isotope H-1 has number density 1.214E+23 in material Fuel
[  INFO   ]  ... Moderator Mix
[  INFO   ]  Isotope U-238 has number density 1.214E+22 in material Fuel
[  INFO   ]  ... Moderator Mix
[  TITLE  ]  *******************************************************************
[  TITLE  ]              Beginning PINSPEC Monte Carlo Simulation...            
[  TITLE  ]  *******************************************************************
[  NORMAL ]  # neutrons / batch = 100000     # batches = 10     # threads = 4
[SEPARATOR]  -------------------------------------------------------------------
[  INFO   ]  TallyBank has initialized 4 tallies for 10 batches
[  INFO   ]  Thread 1/4 running batch 0
[  INFO   ]  Thread 4/4 running batch 9
[  INFO   ]  Thread 3/4 running batch 6
[  INFO   ]  Thread 2/4 running batch 3
[  INFO   ]  Thread 3/4 running batch 7
[  INFO   ]  Thread 2/4 running batch 4
[  INFO   ]  Thread 1/4 running batch 1
[  INFO   ]  Thread 2/4 running batch 5
[  INFO   ]  Thread 3/4 running batch 8
[  INFO   ]  Thread 1/4 running batch 2
[  NORMAL ]  PINSPEC simulated 26086 neutrons / sec in 38.334835 sec
[  INFO   ]  Registered tally U/H = 1.0 with the TallyBank for the geometry
[  INFO   ]  Isotope H-1 has number density 1.260E+22 in material Fuel
[  INFO   ]  ... Moderator Mix
[  INFO   ]  Isotope U-238 has number density 1.260E+22 in material Fuel
[  INFO   ]  ... Moderator Mix
[  TITLE  ]  *******************************************************************
[  TITLE  ]              Beginning PINSPEC Monte Carlo Simulation...            
[  TITLE  ]  *******************************************************************
[  NORMAL ]  # neutrons / batch = 100000     # batches = 10     # threads = 4
[SEPARATOR]  -------------------------------------------------------------------
[  INFO   ]  TallyBank has initialized 4 tallies for 10 batches
[  INFO   ]  Thread 1/4 running batch 0
[  INFO   ]  Thread 3/4 running batch 6
[  INFO   ]  Thread 2/4 running batch 3
[  INFO   ]  Thread 4/4 running batch 9
[  INFO   ]  Thread 2/4 running batch 4
[  INFO   ]  Thread 3/4 running batch 7
[  INFO   ]  Thread 1/4 running batch 1
[  INFO   ]  Thread 3/4 running batch 8
[  INFO   ]  Thread 2/4 running batch 5
[  INFO   ]  Thread 1/4 running batch 2
[  NORMAL ]  PINSPEC simulated 51979 neutrons / sec in 19.238385 sec
[  HEADER ]  ******  Batch Statistics for U238 Abs. / Tot. Abs. Tallies  *******
[SEPARATOR]  -------------------------------------------------------------------
[  RESULT ]         Energy Band             Mu        Mu        Mu        Mu    
[SEPARATOR]  -------------------------------------------------------------------
[  RESULT ]  [    0.00 -    1.00 eV ]:  0.374641  1.165126  6.597018  20.09735
[  RESULT ]  [    1.00 -    6.00 eV ]:  0.023691  0.074481  0.462756  2.588956
[  RESULT ]  [    6.00 -   10.00 eV ]:  2.038055  3.088294  4.929500  6.821919
[  RESULT ]  [   10.00 -   25.00 eV ]:  1.070476  1.692026  2.874624  4.901476
[  RESULT ]  [   25.00 -   50.00 eV ]:  0.671489  1.218484  2.232600  4.121953
[  RESULT ]  [   50.00 -  100.00 eV ]:  0.199970  0.506767  1.409191  2.695662
[  RESULT ]  [  100.00 - 1000.00 eV ]:  0.376582  1.128596  5.114328  19.63548
[SEPARATOR]  -------------------------------------------------------------------
[  HEADER ]  *********  Batch Statistics for Temp=1200K Effective RIs  *********
[SEPARATOR]  -------------------------------------------------------------------
[  RESULT ]         Energy Band             Mu        Mu        Mu        Mu    
[SEPARATOR]  -------------------------------------------------------------------
[  RESULT ]  [    0.00 -    1.00 eV ]:  18.71860  18.69381  18.49675  16.78419
[  RESULT ]  [    1.00 -    6.00 eV ]:  1.460695  1.457285  1.453752  1.403035
[  RESULT ]  [    6.00 -   10.00 eV ]:  126.7840  63.03467  17.00454  4.289451
[  RESULT ]  [   10.00 -   25.00 eV ]:  66.20541  32.69601  8.670326  2.306341
[  RESULT ]  [   25.00 -   50.00 eV ]:  41.32977  23.01670  6.412891  1.726366
[  RESULT ]  [   50.00 -  100.00 eV ]:  12.29387  9.390548  3.860792  1.009990
[  RESULT ]  [  100.00 - 1000.00 eV ]:  2.253169  1.999388  1.248999  0.539030
[SEPARATOR]  -------------------------------------------------------------------
[  HEADER ]  ***********  Batch Statistics for T=300-1200K True RIs  ***********
[SEPARATOR]  -------------------------------------------------------------------
[  RESULT ]         Energy Band             Mu        Mu        Mu        Mu    
[SEPARATOR]  -------------------------------------------------------------------
[  RESULT ]  [    0.00 -    1.00 eV ]:  229.1643  229.1785  229.1927  229.2069
[  RESULT ]  [    1.00 -    6.00 eV ]:  1.455785  1.458958  1.462193  1.465492
[  RESULT ]  [    6.00 -   10.00 eV ]:  126.9687  126.9737  126.9783  126.9828
[  RESULT ]  [   10.00 -   25.00 eV ]:  66.08343  66.07680  66.07651  66.07750
[  RESULT ]  [   25.00 -   50.00 eV ]:  41.66303  41.66290  41.66300  41.66333
[  RESULT ]  [   50.00 -  100.00 eV ]:  12.32138  12.32361  12.32502  12.32597
[  RESULT ]  [  100.00 - 1000.00 eV ]:  20.88121  20.88897  20.88971  20.89005
[SEPARATOR]  -------------------------------------------------------------------
[  TITLE  ]  *******************************************************************
[  TITLE  ]                               Finished                             
[  TITLE  ]  *******************************************************************
