Current local time and date: Thu Apr 11 12:09:02 2013
[  INFO   ]  Logging level set to INFO
[  TITLE  ]  *******************************************************************
[  TITLE  ]               Simulation of homework 3 for 2012 22.211             
[  TITLE  ]  *******************************************************************
[  INFO   ]  Initializing isotopes...
[  INFO   ]  Loading isotope H-1
[  INFO   ]  Loading H-1-elastic.txt for isotope H-1
[  INFO   ]  Loading H-1-capture.txt for isotope H-1
[  INFO   ]  Loading isotope U-238
[  INFO   ]  Loading U-238-elastic.txt for isotope U-238
[  INFO   ]  Loading U-238-capture.txt for isotope U-238
[  INFO   ]  Loading U-238-fission.txt for isotope U-238
[  INFO   ]  Setting capture xs for isotope H-1
[  INFO   ]  Setting 1-group elastic xs for isotope U-238
[  INFO   ]  Setting 1-group fission xs for isotope U-238
[  INFO   ]  Plotting microscopic cross-sections...
[  INFO   ]  Creating a fuel-moderator mixture material...
[  INFO   ]  Isotope H-1 has number density 3.011E+24 in material Fuel
[  INFO   ]  ... Moderator Mix
[  INFO   ]  Isotope H-1 has number density 1.214E+23 in material Fuel
[  INFO   ]  ... Moderator Mix
[  INFO   ]  Isotope U-238 has number density 1.214E+22 in material Fuel
[  INFO   ]  ... Moderator Mix
[  INFO   ]  Creating an infinite homogeneous region...
[  INFO   ]  Creating the geometry...
[  INFO   ]  Initializing tallies for flux and absorption rates...
[  INFO   ]  Registering tallies with the TallyBank...
[  INFO   ]  Registered tally u238 abs with the TallyBank for region infinite
[  INFO   ]  ... medium
[  INFO   ]  Registered tally tot abs with the TallyBank for region infinite
[  INFO   ]  ... medium
[  INFO   ]  Registered tally  with the TallyBank for region infinite medium
[  HEADER ]  ***********************  Problems 1 and 2  ************************
[  TITLE  ]  *******************************************************************
[  TITLE  ]                          Temperature = 300K                        
[  TITLE  ]  *******************************************************************
[  INFO   ]  Loading resonance paramater file U-238-RP.txt
[  INFO   ]  Loading U-238-capture.txt for isotope U-238
[  INFO   ]  Registered tally U/H = 1E-6 with the TallyBank for the geometry
[  INFO   ]  Isotope H-1 has number density 3.011E+24 in material Fuel
[  INFO   ]  ... Moderator Mix
[  INFO   ]  Isotope U-238 has number density 3.011E+18 in material Fuel
[  INFO   ]  ... Moderator Mix
[  TITLE  ]  *******************************************************************
[  TITLE  ]              Beginning PINSPEC Monte Carlo Simulation...            
[  TITLE  ]  *******************************************************************
[  NORMAL ]  # neutrons / batch = 100000     # batches = 10     # threads = 4
[SEPARATOR]  -------------------------------------------------------------------
[  INFO   ]  TallyBank has initialized 4 tallies for 10 batches
[  INFO   ]  Thread 1/4 running batch 0
[  INFO   ]  Thread 2/4 running batch 3
[  INFO   ]  Thread 4/4 running batch 9
[  INFO   ]  Thread 3/4 running batch 6
[  INFO   ]  Thread 1/4 running batch 1
[  INFO   ]  Thread 3/4 running batch 7
[  INFO   ]  Thread 2/4 running batch 4
[  INFO   ]  Thread 1/4 running batch 2
[  INFO   ]  Thread 3/4 running batch 8
[  INFO   ]  Thread 2/4 running batch 5
[  NORMAL ]  PINSPEC simulated 20605 neutrons / sec in 48.532609 sec
[  INFO   ]  Registered tally U/H = 0.01 with the TallyBank for the geometry
[  INFO   ]  Isotope H-1 has number density 8.910E+23 in material Fuel
[  INFO   ]  ... Moderator Mix
[  INFO   ]  Isotope U-238 has number density 8.910E+21 in material Fuel
[  INFO   ]  ... Moderator Mix
[  TITLE  ]  *******************************************************************
[  TITLE  ]              Beginning PINSPEC Monte Carlo Simulation...            
[  TITLE  ]  *******************************************************************
[  NORMAL ]  # neutrons / batch = 100000     # batches = 10     # threads = 4
[SEPARATOR]  -------------------------------------------------------------------
[  INFO   ]  TallyBank has initialized 4 tallies for 10 batches
[  INFO   ]  Thread 1/4 running batch 0
[  INFO   ]  Thread 2/4 running batch 3
[  INFO   ]  Thread 3/4 running batch 6
[  INFO   ]  Thread 4/4 running batch 9
[  INFO   ]  Thread 3/4 running batch 7
[  INFO   ]  Thread 2/4 running batch 4
[  INFO   ]  Thread 1/4 running batch 1
[  INFO   ]  Thread 3/4 running batch 8
[  INFO   ]  Thread 2/4 running batch 5
[  INFO   ]  Thread 1/4 running batch 2
[  NORMAL ]  PINSPEC simulated 22660 neutrons / sec in 44.130572 sec
[  INFO   ]  Registered tally U/H = 0.1 with the TallyBank for the geometry
[  INFO   ]  Isotope H-1 has number density 1.214E+23 in material Fuel
[  INFO   ]  ... Moderator Mix
[  INFO   ]  Isotope U-238 has number density 1.214E+22 in material Fuel
[  INFO   ]  ... Moderator Mix
[  TITLE  ]  *******************************************************************
[  TITLE  ]              Beginning PINSPEC Monte Carlo Simulation...            
[  TITLE  ]  *******************************************************************
[  NORMAL ]  # neutrons / batch = 100000     # batches = 10     # threads = 4
[SEPARATOR]  -------------------------------------------------------------------
[  INFO   ]  TallyBank has initialized 4 tallies for 10 batches
[  INFO   ]  Thread 1/4 running batch 0
[  INFO   ]  Thread 2/4 running batch 3
[  INFO   ]  Thread 4/4 running batch 9
[  INFO   ]  Thread 3/4 running batch 6
[  INFO   ]  Thread 2/4 running batch 4
[  INFO   ]  Thread 3/4 running batch 7
[  INFO   ]  Thread 1/4 running batch 1
[  INFO   ]  Thread 2/4 running batch 5
[  INFO   ]  Thread 3/4 running batch 8
[  INFO   ]  Thread 1/4 running batch 2
[  NORMAL ]  PINSPEC simulated 24065 neutrons / sec in 41.554112 sec
[  INFO   ]  Registered tally U/H = 1.0 with the TallyBank for the geometry
[  INFO   ]  Isotope H-1 has number density 1.260E+22 in material Fuel
[  INFO   ]  ... Moderator Mix
[  INFO   ]  Isotope U-238 has number density 1.260E+22 in material Fuel
[  INFO   ]  ... Moderator Mix
[  TITLE  ]  *******************************************************************
[  TITLE  ]              Beginning PINSPEC Monte Carlo Simulation...            
[  TITLE  ]  *******************************************************************
[  NORMAL ]  # neutrons / batch = 100000     # batches = 10     # threads = 4
[SEPARATOR]  -------------------------------------------------------------------
[  INFO   ]  TallyBank has initialized 4 tallies for 10 batches
[  INFO   ]  Thread 2/4 running batch 3
[  INFO   ]  Thread 1/4 running batch 0
[  INFO   ]  Thread 4/4 running batch 9
[  INFO   ]  Thread 3/4 running batch 6
[  INFO   ]  Thread 2/4 running batch 4
[  INFO   ]  Thread 3/4 running batch 7
[  INFO   ]  Thread 1/4 running batch 1
[  INFO   ]  Thread 2/4 running batch 5
[  INFO   ]  Thread 3/4 running batch 8
[  INFO   ]  Thread 1/4 running batch 2
[  NORMAL ]  PINSPEC simulated 35035 neutrons / sec in 28.542806 sec
[  HEADER ]  ******  Batch Statistics for U238 Abs. / Tot. Abs. Tallies  *******
[SEPARATOR]  -------------------------------------------------------------------
[  RESULT ]         Energy Band             Mu        Mu        Mu        Mu    
[SEPARATOR]  -------------------------------------------------------------------
[  RESULT ]  [    0.00 -    1.00 eV ]:  0.374572  1.180565  6.850404  21.40490
[  RESULT ]  [    1.00 -    6.00 eV ]:  0.023536  0.074838  0.477594  2.749323
[  RESULT ]  [    6.00 -   10.00 eV ]:  2.068845  2.445876  4.263412  6.909166
[  RESULT ]  [   10.00 -   25.00 eV ]:  1.069986  1.327115  2.361066  4.900251
[  RESULT ]  [   25.00 -   50.00 eV ]:  0.678080  0.962225  1.880618  4.099777
[  RESULT ]  [   50.00 -  100.00 eV ]:  0.200269  0.441207  1.078504  2.291234
[  RESULT ]  [  100.00 - 1000.00 eV ]:  0.375895  1.062323  4.449355  17.30906
[SEPARATOR]  -------------------------------------------------------------------
[  HEADER ]  *********  Batch Statistics for Temp=300K Effective RIs  **********
[SEPARATOR]  -------------------------------------------------------------------
[  RESULT ]         Energy Band             Mu        Mu        Mu        Mu    
[SEPARATOR]  -------------------------------------------------------------------
[  RESULT ]  [    0.00 -    1.00 eV ]:  18.71287  18.69274  18.48148  16.76648
[  RESULT ]  [    1.00 -    6.00 eV ]:  1.450511  1.447831  1.443312  1.394786
[  RESULT ]  [    6.00 -   10.00 eV ]:  128.6836  48.86564  13.85066  4.043830
[  RESULT ]  [   10.00 -   25.00 eV ]:  66.25481  25.42492  6.881485  2.160820
[  RESULT ]  [   25.00 -   50.00 eV ]:  41.84213  18.07238  5.255091  1.625863
[  RESULT ]  [   50.00 -  100.00 eV ]:  12.29663  8.175752  2.901075  0.812930
[  RESULT ]  [  100.00 - 1000.00 eV ]:  2.249361  1.882189  1.085457  0.474161
[SEPARATOR]  -------------------------------------------------------------------
[  TITLE  ]  *******************************************************************
[  TITLE  ]                          Temperature = 600K                        
[  TITLE  ]  *******************************************************************
[  INFO   ]  Loading resonance paramater file U-238-RP.txt
[  INFO   ]  Loading U-238-capture.txt for isotope U-238
[  INFO   ]  Registered tally U/H = 1E-6 with the TallyBank for the geometry
[  INFO   ]  Isotope H-1 has number density 3.011E+24 in material Fuel
[  INFO   ]  ... Moderator Mix
[  INFO   ]  Isotope U-238 has number density 3.011E+18 in material Fuel
[  INFO   ]  ... Moderator Mix
[  TITLE  ]  *******************************************************************
[  TITLE  ]              Beginning PINSPEC Monte Carlo Simulation...            
[  TITLE  ]  *******************************************************************
[  NORMAL ]  # neutrons / batch = 100000     # batches = 10     # threads = 4
[SEPARATOR]  -------------------------------------------------------------------
[  INFO   ]  TallyBank has initialized 4 tallies for 10 batches
[  INFO   ]  Thread 2/4 running batch 3
[  INFO   ]  Thread 4/4 running batch 9
[  INFO   ]  Thread 3/4 running batch 6
[  INFO   ]  Thread 1/4 running batch 0
[  INFO   ]  Thread 3/4 running batch 7
[  INFO   ]  Thread 2/4 running batch 4
[  INFO   ]  Thread 1/4 running batch 1
[  INFO   ]  Thread 2/4 running batch 5
[  INFO   ]  Thread 3/4 running batch 8
[  INFO   ]  Thread 1/4 running batch 2
[  NORMAL ]  PINSPEC simulated 19547 neutrons / sec in 51.158471 sec
[  INFO   ]  Registered tally U/H = 0.01 with the TallyBank for the geometry
[  INFO   ]  Isotope H-1 has number density 8.910E+23 in material Fuel
[  INFO   ]  ... Moderator Mix
[  INFO   ]  Isotope U-238 has number density 8.910E+21 in material Fuel
[  INFO   ]  ... Moderator Mix
[  TITLE  ]  *******************************************************************
[  TITLE  ]              Beginning PINSPEC Monte Carlo Simulation...            
[  TITLE  ]  *******************************************************************
[  NORMAL ]  # neutrons / batch = 100000     # batches = 10     # threads = 4
[SEPARATOR]  -------------------------------------------------------------------
[  INFO   ]  TallyBank has initialized 4 tallies for 10 batches
[  INFO   ]  Thread 1/4 running batch 0
[  INFO   ]  Thread 4/4 running batch 9
[  INFO   ]  Thread 2/4 running batch 3
[  INFO   ]  Thread 3/4 running batch 6
[  INFO   ]  Thread 3/4 running batch 7
[  INFO   ]  Thread 2/4 running batch 4
[  INFO   ]  Thread 1/4 running batch 1
[  INFO   ]  Thread 3/4 running batch 8
[  INFO   ]  Thread 2/4 running batch 5
[  INFO   ]  Thread 1/4 running batch 2
[  NORMAL ]  PINSPEC simulated 22468 neutrons / sec in 44.507457 sec
[  INFO   ]  Registered tally U/H = 0.1 with the TallyBank for the geometry
[  INFO   ]  Isotope H-1 has number density 1.214E+23 in material Fuel
[  INFO   ]  ... Moderator Mix
[  INFO   ]  Isotope U-238 has number density 1.214E+22 in material Fuel
[  INFO   ]  ... Moderator Mix
[  TITLE  ]  *******************************************************************
[  TITLE  ]              Beginning PINSPEC Monte Carlo Simulation...            
[  TITLE  ]  *******************************************************************
[  NORMAL ]  # neutrons / batch = 100000     # batches = 10     # threads = 4
[SEPARATOR]  -------------------------------------------------------------------
[  INFO   ]  TallyBank has initialized 4 tallies for 10 batches
[  INFO   ]  Thread 3/4 running batch 6
[  INFO   ]  Thread 4/4 running batch 9
[  INFO   ]  Thread 2/4 running batch 3
[  INFO   ]  Thread 1/4 running batch 0
[  INFO   ]  Thread 3/4 running batch 7
[  INFO   ]  Thread 2/4 running batch 4
[  INFO   ]  Thread 1/4 running batch 1
[  INFO   ]  Thread 3/4 running batch 8
[  INFO   ]  Thread 2/4 running batch 5
[  INFO   ]  Thread 1/4 running batch 2
[  NORMAL ]  PINSPEC simulated 26075 neutrons / sec in 38.350866 sec
[  INFO   ]  Registered tally U/H = 1.0 with the TallyBank for the geometry
[  INFO   ]  Isotope H-1 has number density 1.260E+22 in material Fuel
[  INFO   ]  ... Moderator Mix
[  INFO   ]  Isotope U-238 has number density 1.260E+22 in material Fuel
[  INFO   ]  ... Moderator Mix
[  TITLE  ]  *******************************************************************
[  TITLE  ]              Beginning PINSPEC Monte Carlo Simulation...            
[  TITLE  ]  *******************************************************************
[  NORMAL ]  # neutrons / batch = 100000     # batches = 10     # threads = 4
[SEPARATOR]  -------------------------------------------------------------------
[  INFO   ]  TallyBank has initialized 4 tallies for 10 batches
[  INFO   ]  Thread 4/4 running batch 9
[  INFO   ]  Thread 2/4 running batch 3
[  INFO   ]  Thread 3/4 running batch 6
[  INFO   ]  Thread 1/4 running batch 0
[  INFO   ]  Thread 2/4 running batch 4
[  INFO   ]  Thread 3/4 running batch 7
[  INFO   ]  Thread 1/4 running batch 1
[  INFO   ]  Thread 2/4 running batch 5
[  INFO   ]  Thread 3/4 running batch 8
[  INFO   ]  Thread 1/4 running batch 2
[  NORMAL ]  PINSPEC simulated 46570 neutrons / sec in 21.472864 sec
[  HEADER ]  ******  Batch Statistics for U238 Abs. / Tot. Abs. Tallies  *******
[SEPARATOR]  -------------------------------------------------------------------
[  RESULT ]         Energy Band             Mu        Mu        Mu        Mu    
[SEPARATOR]  -------------------------------------------------------------------
[  RESULT ]  [    0.00 -    1.00 eV ]:  0.374591  1.173934  6.750482  20.85569
[  RESULT ]  [    1.00 -    6.00 eV ]:  0.023565  0.074621  0.470582  2.682131
[  RESULT ]  [    6.00 -   10.00 eV ]:  2.045940  2.736968  4.491489  6.865379
[  RESULT ]  [   10.00 -   25.00 eV ]:  1.072247  1.482675  2.537220  4.871967
[  RESULT ]  [   25.00 -   50.00 eV ]:  0.666829  1.069824  2.030318  4.079778
[  RESULT ]  [   50.00 -  100.00 eV ]:  0.202353  0.463236  1.232058  2.462620
[  RESULT ]  [  100.00 - 1000.00 eV ]:  0.374725  1.092534  4.742949  18.34772
[SEPARATOR]  -------------------------------------------------------------------
[  HEADER ]  *********  Batch Statistics for Temp=600K Effective RIs  **********
[SEPARATOR]  -------------------------------------------------------------------
[  RESULT ]         Energy Band             Mu        Mu        Mu        Mu    
[SEPARATOR]  -------------------------------------------------------------------
[  RESULT ]  [    0.00 -    1.00 eV ]:  18.71735  18.69630  18.48280  16.77572
[  RESULT ]  [    1.00 -    6.00 eV ]:  1.452990  1.454572  1.444976  1.397304
[  RESULT ]  [    6.00 -   10.00 eV ]:  127.4699  55.40784  15.02370  4.137568
[  RESULT ]  [   10.00 -   25.00 eV ]:  66.24491  28.59442  7.503370  2.198634
[  RESULT ]  [   25.00 -   50.00 eV ]:  41.10432  20.22512  5.751337  1.649557
[  RESULT ]  [   50.00 -  100.00 eV ]:  12.40283  8.595187  3.347814  0.892238
[  RESULT ]  [  100.00 - 1000.00 eV ]:  2.241736  1.938054  1.158640  0.502506
[SEPARATOR]  -------------------------------------------------------------------
[  TITLE  ]  *******************************************************************
[  TITLE  ]                          Temperature = 900K                        
[  TITLE  ]  *******************************************************************
[  INFO   ]  Loading resonance paramater file U-238-RP.txt
[  INFO   ]  Loading U-238-capture.txt for isotope U-238
[  INFO   ]  Registered tally U/H = 1E-6 with the TallyBank for the geometry
[  INFO   ]  Isotope H-1 has number density 3.011E+24 in material Fuel
[  INFO   ]  ... Moderator Mix
[  INFO   ]  Isotope U-238 has number density 3.011E+18 in material Fuel
[  INFO   ]  ... Moderator Mix
[  TITLE  ]  *******************************************************************
[  TITLE  ]              Beginning PINSPEC Monte Carlo Simulation...            
[  TITLE  ]  *******************************************************************
[  NORMAL ]  # neutrons / batch = 100000     # batches = 10     # threads = 4
[SEPARATOR]  -------------------------------------------------------------------
[  INFO   ]  TallyBank has initialized 4 tallies for 10 batches
[  INFO   ]  Thread 3/4 running batch 6
[  INFO   ]  Thread 4/4 running batch 9
[  INFO   ]  Thread 2/4 running batch 3
[  INFO   ]  Thread 1/4 running batch 0
[  INFO   ]  Thread 3/4 running batch 7
[  INFO   ]  Thread 2/4 running batch 4
[  INFO   ]  Thread 1/4 running batch 1
[  INFO   ]  Thread 3/4 running batch 8
[  INFO   ]  Thread 2/4 running batch 5
[  INFO   ]  Thread 1/4 running batch 2
[  NORMAL ]  PINSPEC simulated 16957 neutrons / sec in 58.971745 sec
[  INFO   ]  Registered tally U/H = 0.01 with the TallyBank for the geometry
[  INFO   ]  Isotope H-1 has number density 8.910E+23 in material Fuel
[  INFO   ]  ... Moderator Mix
[  INFO   ]  Isotope U-238 has number density 8.910E+21 in material Fuel
[  INFO   ]  ... Moderator Mix
[  TITLE  ]  *******************************************************************
[  TITLE  ]              Beginning PINSPEC Monte Carlo Simulation...            
[  TITLE  ]  *******************************************************************
[  NORMAL ]  # neutrons / batch = 100000     # batches = 10     # threads = 4
[SEPARATOR]  -------------------------------------------------------------------
[  INFO   ]  TallyBank has initialized 4 tallies for 10 batches
[  INFO   ]  Thread 1/4 running batch 0
[  INFO   ]  Thread 2/4 running batch 3
[  INFO   ]  Thread 3/4 running batch 6
[  INFO   ]  Thread 4/4 running batch 9
[  INFO   ]  Thread 3/4 running batch 7
[  INFO   ]  Thread 2/4 running batch 4
[  INFO   ]  Thread 1/4 running batch 1
[  INFO   ]  Thread 3/4 running batch 8
[  INFO   ]  Thread 2/4 running batch 5
[  INFO   ]  Thread 1/4 running batch 2
[  NORMAL ]  PINSPEC simulated 18681 neutrons / sec in 53.528944 sec
[  INFO   ]  Registered tally U/H = 0.1 with the TallyBank for the geometry
[  INFO   ]  Isotope H-1 has number density 1.214E+23 in material Fuel
[  INFO   ]  ... Moderator Mix
[  INFO   ]  Isotope U-238 has number density 1.214E+22 in material Fuel
[  INFO   ]  ... Moderator Mix
[  TITLE  ]  *******************************************************************
[  TITLE  ]              Beginning PINSPEC Monte Carlo Simulation...            
[  TITLE  ]  *******************************************************************
[  NORMAL ]  # neutrons / batch = 100000     # batches = 10     # threads = 4
[SEPARATOR]  -------------------------------------------------------------------
[  INFO   ]  TallyBank has initialized 4 tallies for 10 batches
[  INFO   ]  Thread 1/4 running batch 0
[  INFO   ]  Thread 3/4 running batch 6
[  INFO   ]  Thread 2/4 running batch 3
[  INFO   ]  Thread 4/4 running batch 9
[  INFO   ]  Thread 3/4 running batch 7
[  INFO   ]  Thread 2/4 running batch 4
[  INFO   ]  Thread 1/4 running batch 1
[  INFO   ]  Thread 2/4 running batch 5
[  INFO   ]  Thread 3/4 running batch 8
[  INFO   ]  Thread 1/4 running batch 2
[  NORMAL ]  PINSPEC simulated 26136 neutrons / sec in 38.261945 sec
[  INFO   ]  Registered tally U/H = 1.0 with the TallyBank for the geometry
[  INFO   ]  Isotope H-1 has number density 1.260E+22 in material Fuel
[  INFO   ]  ... Moderator Mix
[  INFO   ]  Isotope U-238 has number density 1.260E+22 in material Fuel
[  INFO   ]  ... Moderator Mix
[  TITLE  ]  *******************************************************************
[  TITLE  ]              Beginning PINSPEC Monte Carlo Simulation...            
[  TITLE  ]  *******************************************************************
[  NORMAL ]  # neutrons / batch = 100000     # batches = 10     # threads = 4
[SEPARATOR]  -------------------------------------------------------------------
[  INFO   ]  TallyBank has initialized 4 tallies for 10 batches
[  INFO   ]  Thread 3/4 running batch 6
[  INFO   ]  Thread 2/4 running batch 3
[  INFO   ]  Thread 4/4 running batch 9
[  INFO   ]  Thread 1/4 running batch 0
[  INFO   ]  Thread 3/4 running batch 7
[  INFO   ]  Thread 2/4 running batch 4
[  INFO   ]  Thread 1/4 running batch 1
[  INFO   ]  Thread 3/4 running batch 8
[  INFO   ]  Thread 2/4 running batch 5
[  INFO   ]  Thread 1/4 running batch 2
[  NORMAL ]  PINSPEC simulated 37523 neutrons / sec in 26.650651 sec
[  HEADER ]  ******  Batch Statistics for U238 Abs. / Tot. Abs. Tallies  *******
[SEPARATOR]  -------------------------------------------------------------------
[  RESULT ]         Energy Band             Mu        Mu        Mu        Mu    
[SEPARATOR]  -------------------------------------------------------------------
[  RESULT ]  [    0.00 -    1.00 eV ]:  0.374609  1.169144  6.663307  20.44792
[  RESULT ]  [    1.00 -    6.00 eV ]:  0.023592  0.074365  0.465705  2.630619
[  RESULT ]  [    6.00 -   10.00 eV ]:  2.049654  2.920471  4.748818  6.852298
[  RESULT ]  [   10.00 -   25.00 eV ]:  1.060716  1.605358  2.725826  4.909939
[  RESULT ]  [   25.00 -   50.00 eV ]:  0.671757  1.137846  2.142897  4.084623
[  RESULT ]  [   50.00 -  100.00 eV ]:  0.201931  0.494627  1.323569  2.606629
[  RESULT ]  [  100.00 - 1000.00 eV ]:  0.375649  1.117248  4.959652  19.00912
[SEPARATOR]  -------------------------------------------------------------------
[  HEADER ]  *********  Batch Statistics for Temp=900K Effective RIs  **********
[SEPARATOR]  -------------------------------------------------------------------
[  RESULT ]         Energy Band             Mu        Mu        Mu        Mu    
[SEPARATOR]  -------------------------------------------------------------------
[  RESULT ]  [    0.00 -    1.00 eV ]:  18.71714  18.69672  18.49042  16.76444
[  RESULT ]  [    1.00 -    6.00 eV ]:  1.454079  1.455344  1.450114  1.399150
[  RESULT ]  [    6.00 -   10.00 eV ]:  127.4077  59.34318  16.10676  4.236809
[  RESULT ]  [   10.00 -   25.00 eV ]:  65.55679  30.94579  8.147991  2.261783
[  RESULT ]  [   25.00 -   50.00 eV ]:  41.34802  21.45771  6.107859  1.683749
[  RESULT ]  [   50.00 -  100.00 eV ]:  12.38910  9.142273  3.608589  0.961019
[  RESULT ]  [  100.00 - 1000.00 eV ]:  2.246252  1.981184  1.210160  0.521668
[SEPARATOR]  -------------------------------------------------------------------
[  TITLE  ]  *******************************************************************
[  TITLE  ]                          Temperature = 1200K                        
[  TITLE  ]  *******************************************************************
[  INFO   ]  Loading resonance paramater file U-238-RP.txt
[  INFO   ]  Loading U-238-capture.txt for isotope U-238
[  INFO   ]  Registered tally U/H = 1E-6 with the TallyBank for the geometry
[  INFO   ]  Isotope H-1 has number density 3.011E+24 in material Fuel
[  INFO   ]  ... Moderator Mix
[  INFO   ]  Isotope U-238 has number density 3.011E+18 in material Fuel
[  INFO   ]  ... Moderator Mix
[  TITLE  ]  *******************************************************************
[  TITLE  ]              Beginning PINSPEC Monte Carlo Simulation...            
[  TITLE  ]  *******************************************************************
[  NORMAL ]  # neutrons / batch = 100000     # batches = 10     # threads = 4
[SEPARATOR]  -------------------------------------------------------------------
[  INFO   ]  TallyBank has initialized 4 tallies for 10 batches
[  INFO   ]  Thread 1/4 running batch 0
[  INFO   ]  Thread 3/4 running batch 6
[  INFO   ]  Thread 4/4 running batch 9
[  INFO   ]  Thread 2/4 running batch 3
[  INFO   ]  Thread 3/4 running batch 7
[  INFO   ]  Thread 2/4 running batch 4
[  INFO   ]  Thread 1/4 running batch 1
[  INFO   ]  Thread 2/4 running batch 5
[  INFO   ]  Thread 3/4 running batch 8
[  INFO   ]  Thread 1/4 running batch 2
[  NORMAL ]  PINSPEC simulated 20824 neutrons / sec in 48.022251 sec
[  INFO   ]  Registered tally U/H = 0.01 with the TallyBank for the geometry
[  INFO   ]  Isotope H-1 has number density 8.910E+23 in material Fuel
[  INFO   ]  ... Moderator Mix
[  INFO   ]  Isotope U-238 has number density 8.910E+21 in material Fuel
[  INFO   ]  ... Moderator Mix
[  TITLE  ]  *******************************************************************
[  TITLE  ]              Beginning PINSPEC Monte Carlo Simulation...            
[  TITLE  ]  *******************************************************************
[  NORMAL ]  # neutrons / batch = 100000     # batches = 10     # threads = 4
[SEPARATOR]  -------------------------------------------------------------------
[  INFO   ]  TallyBank has initialized 4 tallies for 10 batches
[  INFO   ]  Thread 1/4 running batch 0
[  INFO   ]  Thread 2/4 running batch 3
[  INFO   ]  Thread 3/4 running batch 6
[  INFO   ]  Thread 4/4 running batch 9
[  INFO   ]  Thread 2/4 running batch 4
[  INFO   ]  Thread 3/4 running batch 7
[  INFO   ]  Thread 1/4 running batch 1
[  INFO   ]  Thread 2/4 running batch 5
[  INFO   ]  Thread 3/4 running batch 8
[  INFO   ]  Thread 1/4 running batch 2
[  NORMAL ]  PINSPEC simulated 21759 neutrons / sec in 45.957322 sec
[  INFO   ]  Registered tally U/H = 0.1 with the TallyBank for the geometry
[  INFO   ]  Isotope H-1 has number density 1.214E+23 in material Fuel
[  INFO   ]  ... Moderator Mix
[  INFO   ]  Isotope U-238 has number density 1.214E+22 in material Fuel
[  INFO   ]  ... Moderator Mix
[  TITLE  ]  *******************************************************************
[  TITLE  ]              Beginning PINSPEC Monte Carlo Simulation...            
[  TITLE  ]  *******************************************************************
[  NORMAL ]  # neutrons / batch = 100000     # batches = 10     # threads = 4
[SEPARATOR]  -------------------------------------------------------------------
[  INFO   ]  TallyBank has initialized 4 tallies for 10 batches
[  INFO   ]  Thread 1/4 running batch 0
[  INFO   ]  Thread 3/4 running batch 6
[  INFO   ]  Thread 2/4 running batch 3
[  INFO   ]  Thread 4/4 running batch 9
[  INFO   ]  Thread 3/4 running batch 7
[  INFO   ]  Thread 2/4 running batch 4
[  INFO   ]  Thread 1/4 running batch 1
[  INFO   ]  Thread 3/4 running batch 8
[  INFO   ]  Thread 2/4 running batch 5
[  INFO   ]  Thread 1/4 running batch 2
[  NORMAL ]  PINSPEC simulated 25311 neutrons / sec in 39.509073 sec
[  INFO   ]  Registered tally U/H = 1.0 with the TallyBank for the geometry
[  INFO   ]  Isotope H-1 has number density 1.260E+22 in material Fuel
[  INFO   ]  ... Moderator Mix
[  INFO   ]  Isotope U-238 has number density 1.260E+22 in material Fuel
[  INFO   ]  ... Moderator Mix
[  TITLE  ]  *******************************************************************
[  TITLE  ]              Beginning PINSPEC Monte Carlo Simulation...            
[  TITLE  ]  *******************************************************************
[  NORMAL ]  # neutrons / batch = 100000     # batches = 10     # threads = 4
[SEPARATOR]  -------------------------------------------------------------------
[  INFO   ]  TallyBank has initialized 4 tallies for 10 batches
[  INFO   ]  Thread 4/4 running batch 9
[  INFO   ]  Thread 3/4 running batch 6
[  INFO   ]  Thread 2/4 running batch 3
[  INFO   ]  Thread 1/4 running batch 0
[  INFO   ]  Thread 2/4 running batch 4
[  INFO   ]  Thread 3/4 running batch 7
[  INFO   ]  Thread 1/4 running batch 1
[  INFO   ]  Thread 2/4 running batch 5
[  INFO   ]  Thread 3/4 running batch 8
[  INFO   ]  Thread 1/4 running batch 2
[  NORMAL ]  PINSPEC simulated 39179 neutrons / sec in 25.524141 sec
[  HEADER ]  ******  Batch Statistics for U238 Abs. / Tot. Abs. Tallies  *******
[SEPARATOR]  -------------------------------------------------------------------
[  RESULT ]         Energy Band             Mu        Mu        Mu        Mu    
[SEPARATOR]  -------------------------------------------------------------------
[  RESULT ]  [    0.00 -    1.00 eV ]:  0.374636  1.164981  6.594392  20.12623
[  RESULT ]  [    1.00 -    6.00 eV ]:  0.023697  0.074564  0.459538  2.597409
[  RESULT ]  [    6.00 -   10.00 eV ]:  2.042519  3.120209  4.968428  6.852744
[  RESULT ]  [   10.00 -   25.00 eV ]:  1.060760  1.690007  2.857811  4.901453
[  RESULT ]  [   25.00 -   50.00 eV ]:  0.674179  1.200361  2.258715  4.079685
[  RESULT ]  [   50.00 -  100.00 eV ]:  0.202132  0.508738  1.411384  2.709457
[  RESULT ]  [  100.00 - 1000.00 eV ]:  0.379044  1.126699  5.101108  19.56978
[SEPARATOR]  -------------------------------------------------------------------
[  HEADER ]  *********  Batch Statistics for Temp=1200K Effective RIs  *********
[SEPARATOR]  -------------------------------------------------------------------
[  RESULT ]         Energy Band             Mu        Mu        Mu        Mu    
[SEPARATOR]  -------------------------------------------------------------------
[  RESULT ]  [    0.00 -    1.00 eV ]:  18.71951  18.69742  18.49385  16.78433
[  RESULT ]  [    1.00 -    6.00 eV ]:  1.460831  1.459523  1.452805  1.405336
[  RESULT ]  [    6.00 -   10.00 eV ]:  126.6995  63.80130  17.16253  4.303229
[  RESULT ]  [   10.00 -   25.00 eV ]:  65.62983  32.65850  8.624999  2.300678
[  RESULT ]  [   25.00 -   50.00 eV ]:  41.58809  22.69382  6.518070  1.706102
[  RESULT ]  [   50.00 -  100.00 eV ]:  12.40010  9.412512  3.875017  1.013456
[  RESULT ]  [  100.00 - 1000.00 eV ]:  2.265279  1.996402  1.248358  0.537512
[SEPARATOR]  -------------------------------------------------------------------
[  HEADER ]  ***********  Batch Statistics for T=300-1200K True RIs  ***********
[SEPARATOR]  -------------------------------------------------------------------
[  RESULT ]         Energy Band             Mu        Mu        Mu        Mu    
[SEPARATOR]  -------------------------------------------------------------------
[  RESULT ]  [    0.00 -    1.00 eV ]:  229.1643  229.1785  229.1927  229.2069
[  RESULT ]  [    1.00 -    6.00 eV ]:  1.455785  1.458958  1.462193  1.465492
[  RESULT ]  [    6.00 -   10.00 eV ]:  126.9687  126.9737  126.9783  126.9828
[  RESULT ]  [   10.00 -   25.00 eV ]:  66.08343  66.07680  66.07651  66.07750
[  RESULT ]  [   25.00 -   50.00 eV ]:  41.66303  41.66290  41.66300  41.66333
[  RESULT ]  [   50.00 -  100.00 eV ]:  12.32138  12.32361  12.32502  12.32597
[  RESULT ]  [  100.00 - 1000.00 eV ]:  20.88121  20.88897  20.88971  20.89005
[SEPARATOR]  -------------------------------------------------------------------
[  TITLE  ]  *******************************************************************
[  TITLE  ]                               Finished                             
[  TITLE  ]  *******************************************************************
