Current local time and date: Fri Apr 12 02:51:33 2013
[  INFO   ]  Logging level set to INFO
[  TITLE  ]  *******************************************************************
[  TITLE  ]               Simulation of homework 3 for 2012 22.211             
[  TITLE  ]  *******************************************************************
[  INFO   ]  Initializing isotopes...
[  INFO   ]  Loading isotope H-1
[  INFO   ]  Loading H-1-elastic.txt for isotope H-1
[  INFO   ]  Loading H-1-capture.txt for isotope H-1
[  INFO   ]  Loading isotope U-238
[  INFO   ]  Loading U-238-elastic.txt for isotope U-238
[  INFO   ]  Loading U-238-capture.txt for isotope U-238
[  INFO   ]  Loading U-238-fission.txt for isotope U-238
[  INFO   ]  Setting capture xs for isotope H-1
[  INFO   ]  Setting 1-group elastic xs for isotope U-238
[  INFO   ]  Setting 1-group fission xs for isotope U-238
[  INFO   ]  Plotting microscopic cross-sections...
[  INFO   ]  Creating a fuel-moderator mixture material...
[  INFO   ]  Isotope H-1 has number density 3.011E+24 in material Fuel
[  INFO   ]  ... Moderator Mix
[  INFO   ]  Isotope H-1 has number density 1.214E+23 in material Fuel
[  INFO   ]  ... Moderator Mix
[  INFO   ]  Isotope U-238 has number density 1.214E+22 in material Fuel
[  INFO   ]  ... Moderator Mix
[  INFO   ]  Creating an infinite homogeneous region...
[  INFO   ]  Creating the geometry...
[  INFO   ]  Initializing tallies for flux and absorption rates...
