Current local time and date: Wed Mar 27 17:07:31 2013
[  INFO   ]  Logging level set to INFO
[  TITLE  ]  *******************************************************************
[  TITLE  ]               Simulation of homework 3 for 2012 22.211             
[  TITLE  ]  *******************************************************************
[  INFO   ]  Initializing isotopes...
[  INFO   ]  Loading H-1-elastic.txt for isotope H-1
[  INFO   ]  Loading H-1-capture.txt for isotope H-1
[  INFO   ]  Loading U-238-elastic.txt for isotope U-238
[  INFO   ]  Loading U-238-capture.txt for isotope U-238
[  INFO   ]  Loading U-238-fission.txt for isotope U-238
[  INFO   ]  Setting capture xs for isotope H-1
[  INFO   ]  Setting 1-group elastic xs for isotope U-238
[  INFO   ]  Setting 1-group fission xs for isotope U-238
[  INFO   ]  Plotting microscopic cross-sections...
[  INFO   ]  Creating a fuel-moderator mixture material...
[  INFO   ]  Isotope H-1 has number density 3.011E+24 in material Fuel
[  INFO   ]  ... Moderator Mix
[  INFO   ]  Isotope H-1 has number density 1.214E+23 in material Fuel
[  INFO   ]  ... Moderator Mix
[  INFO   ]  Isotope U-238 has number density 1.214E+22 in material Fuel
[  INFO   ]  ... Moderator Mix
[  INFO   ]  Creating an infinite homogeneous region...
[  INFO   ]  Creating the geometry...
[  INFO   ]  Initializing tallies for flux and absorption rates...
[  INFO   ]  Registering tallies with the TallyBank...
[  INFO   ]  Registered tally u238 abs with the TallyBank for region infinite
[  INFO   ]  ... medium
[  INFO   ]  Registered tally tot abs with the TallyBank for region infinite
[  INFO   ]  ... medium
[  INFO   ]  Registered tally  with the TallyBank for region infinite medium
[  HEADER ]  ***********************  Problems 1 and 2  ************************
[  TITLE  ]  *******************************************************************
[  TITLE  ]                          Temperature = 300K                        
[  TITLE  ]  *******************************************************************
[  INFO   ]  Loading resonance paramater file U-238-RP.txt
[  INFO   ]  Loading U-238-capture.txt for isotope U-238
[  INFO   ]  Registered tally U/H = 1E-6 with the TallyBank for the geometry
[  INFO   ]  Isotope H-1 has number density 3.011E+24 in material Fuel
[  INFO   ]  ... Moderator Mix
[  INFO   ]  Isotope U-238 has number density 3.011E+18 in material Fuel
[  INFO   ]  ... Moderator Mix
[  NORMAL ]  Beginning PINSPEC Monte Carlo Simulation...
[  NORMAL ]  # neutrons / batch = 1000     # batches = 10     # threads = 4
[  INFO   ]  TallyBank has initialized 4 tallies for 10 batches
[  INFO   ]  Thread 1/4 running batch 0
[  INFO   ]  Thread 4/4 running batch 9
[  INFO   ]  Thread 3/4 running batch 6
[  INFO   ]  Thread 2/4 running batch 3
[  INFO   ]  Thread 3/4 running batch 7
[  INFO   ]  Thread 1/4 running batch 1
[  INFO   ]  Thread 2/4 running batch 4
[  INFO   ]  Thread 3/4 running batch 8
[  INFO   ]  Thread 1/4 running batch 2
[  INFO   ]  Thread 2/4 running batch 5
[  NORMAL ]  PINSPEC simulated 7063 neutrons / sec in 1.415826 sec
[  INFO   ]  Registered tally U/H = 0.01 with the TallyBank for the geometry
[  INFO   ]  Isotope H-1 has number density 8.910E+23 in material Fuel
[  INFO   ]  ... Moderator Mix
[  INFO   ]  Isotope U-238 has number density 8.910E+21 in material Fuel
[  INFO   ]  ... Moderator Mix
[  NORMAL ]  Beginning PINSPEC Monte Carlo Simulation...
[  NORMAL ]  # neutrons / batch = 1000     # batches = 10     # threads = 4
[  INFO   ]  TallyBank has initialized 4 tallies for 10 batches
[  INFO   ]  Thread 3/4 running batch 6
[  INFO   ]  Thread 4/4 running batch 9
[  INFO   ]  Thread 1/4 running batch 0
[  INFO   ]  Thread 2/4 running batch 3
[  INFO   ]  Thread 1/4 running batch 1
[  INFO   ]  Thread 3/4 running batch 7
[  INFO   ]  Thread 2/4 running batch 4
[  INFO   ]  Thread 1/4 running batch 2
[  INFO   ]  Thread 3/4 running batch 8
[  INFO   ]  Thread 2/4 running batch 5
[  NORMAL ]  PINSPEC simulated 27069 neutrons / sec in 0.369433 sec
[  INFO   ]  Registered tally U/H = 0.1 with the TallyBank for the geometry
[  INFO   ]  Isotope H-1 has number density 1.214E+23 in material Fuel
[  INFO   ]  ... Moderator Mix
[  INFO   ]  Isotope U-238 has number density 1.214E+22 in material Fuel
[  INFO   ]  ... Moderator Mix
[  NORMAL ]  Beginning PINSPEC Monte Carlo Simulation...
[  NORMAL ]  # neutrons / batch = 1000     # batches = 10     # threads = 4
[  INFO   ]  TallyBank has initialized 4 tallies for 10 batches
[  INFO   ]  Thread 1/4 running batch 0
[  INFO   ]  Thread 4/4 running batch 9
[  INFO   ]  Thread 2/4 running batch 3
[  INFO   ]  Thread 3/4 running batch 6
[  INFO   ]  Thread 1/4 running batch 1
[  INFO   ]  Thread 3/4 running batch 7
[  INFO   ]  Thread 2/4 running batch 4
[  INFO   ]  Thread 1/4 running batch 2
[  INFO   ]  Thread 3/4 running batch 8
[  INFO   ]  Thread 2/4 running batch 5
[  NORMAL ]  PINSPEC simulated 30476 neutrons / sec in 0.328132 sec
[  INFO   ]  Registered tally U/H = 1.0 with the TallyBank for the geometry
[  INFO   ]  Isotope H-1 has number density 1.260E+22 in material Fuel
[  INFO   ]  ... Moderator Mix
[  INFO   ]  Isotope U-238 has number density 1.260E+22 in material Fuel
[  INFO   ]  ... Moderator Mix
[  NORMAL ]  Beginning PINSPEC Monte Carlo Simulation...
[  NORMAL ]  # neutrons / batch = 1000     # batches = 10     # threads = 4
[  INFO   ]  TallyBank has initialized 4 tallies for 10 batches
[  INFO   ]  Thread 1/4 running batch 0
[  INFO   ]  Thread 4/4 running batch 9
[  INFO   ]  Thread 3/4 running batch 6
[  INFO   ]  Thread 2/4 running batch 3
[  INFO   ]  Thread 1/4 running batch 1
[  INFO   ]  Thread 3/4 running batch 7
[  INFO   ]  Thread 1/4 running batch 2
[  INFO   ]  Thread 2/4 running batch 4
[  INFO   ]  Thread 3/4 running batch 8
[  INFO   ]  Thread 2/4 running batch 5
[  NORMAL ]  PINSPEC simulated 59682 neutrons / sec in 0.167555 sec
[  HEADER ]  ******  Batch Statistics for U238 Abs. / Tot. Abs. Tallies  *******
[SEPARATOR]  -------------------------------------------------------------------
[  RESULT ]         Energy Band             Mu        Mu        Mu        Mu    
[SEPARATOR]  -------------------------------------------------------------------
[  RESULT ]  [    0.00 -    1.00 eV ]:  0.071444  0.137456  0.249235  0.273534
[  RESULT ]  [    1.00 -    6.00 eV ]:  4.41E-03  9.00E-03  0.017157  0.034749
[  RESULT ]  [    6.00 -   10.00 eV ]:  0.413516  0.293698  0.155315  0.082858
[  RESULT ]  [   10.00 -   25.00 eV ]:  0.228105  0.152130  0.089066  0.065626
[  RESULT ]  [   25.00 -   50.00 eV ]:  0.117473  0.117087  0.065499  0.051049
[  RESULT ]  [   50.00 -  100.00 eV ]:  0.031863  0.050094  0.040980  0.028415
[  RESULT ]  [  100.00 - 1000.00 eV ]:  0.070544  0.119063  0.160846  0.212198
[SEPARATOR]  -------------------------------------------------------------------
[  HEADER ]  *********  Batch Statistics for Temp=300K Effective RIs  **********
[SEPARATOR]  -------------------------------------------------------------------
[  RESULT ]         Energy Band             Mu        Mu        Mu        Mu    
[SEPARATOR]  -------------------------------------------------------------------
[  RESULT ]  [    0.00 -    1.00 eV ]:  18.78402  18.66816  18.51045  16.88900
[  RESULT ]  [    1.00 -    6.00 eV ]:  1.432014  1.460151  1.415090  1.384209
[  RESULT ]  [    6.00 -   10.00 eV ]:  137.3124  50.64765  13.70075  3.871714
[  RESULT ]  [   10.00 -   25.00 eV ]:  73.62026  25.01335  7.159219  2.253711
[  RESULT ]  [   25.00 -   50.00 eV ]:  37.72999  19.11570  5.174890  1.627540
[  RESULT ]  [   50.00 -  100.00 eV ]:  10.37457  8.061076  3.016240  0.803069
[  RESULT ]  [  100.00 - 1000.00 eV ]:  2.217150  1.818754  1.088405  0.468486
[SEPARATOR]  -------------------------------------------------------------------
[  TITLE  ]  *******************************************************************
[  TITLE  ]                          Temperature = 600K                        
[  TITLE  ]  *******************************************************************
[  INFO   ]  Loading resonance paramater file U-238-RP.txt
[  INFO   ]  Loading U-238-capture.txt for isotope U-238
[  INFO   ]  Registered tally U/H = 1E-6 with the TallyBank for the geometry
[  INFO   ]  Isotope H-1 has number density 3.011E+24 in material Fuel
[  INFO   ]  ... Moderator Mix
[  INFO   ]  Isotope U-238 has number density 3.011E+18 in material Fuel
[  INFO   ]  ... Moderator Mix
[  NORMAL ]  Beginning PINSPEC Monte Carlo Simulation...
[  NORMAL ]  # neutrons / batch = 1000     # batches = 10     # threads = 4
[  INFO   ]  TallyBank has initialized 4 tallies for 10 batches
[  INFO   ]  Thread 3/4 running batch 6
[  INFO   ]  Thread 4/4 running batch 9
[  INFO   ]  Thread 2/4 running batch 3
[  INFO   ]  Thread 1/4 running batch 0
[  INFO   ]  Thread 2/4 running batch 4
[  INFO   ]  Thread 1/4 running batch 1
[  INFO   ]  Thread 3/4 running batch 7
[  INFO   ]  Thread 2/4 running batch 5
[  INFO   ]  Thread 1/4 running batch 2
[  INFO   ]  Thread 3/4 running batch 8
[  NORMAL ]  PINSPEC simulated 7038 neutrons / sec in 1.420814 sec
[  INFO   ]  Registered tally U/H = 0.01 with the TallyBank for the geometry
[  INFO   ]  Isotope H-1 has number density 8.910E+23 in material Fuel
[  INFO   ]  ... Moderator Mix
[  INFO   ]  Isotope U-238 has number density 8.910E+21 in material Fuel
[  INFO   ]  ... Moderator Mix
[  NORMAL ]  Beginning PINSPEC Monte Carlo Simulation...
[  NORMAL ]  # neutrons / batch = 1000     # batches = 10     # threads = 4
[  INFO   ]  TallyBank has initialized 4 tallies for 10 batches
[  INFO   ]  Thread 1/4 running batch 0
[  INFO   ]  Thread 2/4 running batch 3
[  INFO   ]  Thread 4/4 running batch 9
[  INFO   ]  Thread 3/4 running batch 6
[  INFO   ]  Thread 1/4 running batch 1
[  INFO   ]  Thread 3/4 running batch 7
[  INFO   ]  Thread 2/4 running batch 4
[  INFO   ]  Thread 2/4 running batch 5
[  INFO   ]  Thread 3/4 running batch 8
[  INFO   ]  Thread 1/4 running batch 2
[  NORMAL ]  PINSPEC simulated 25710 neutrons / sec in 0.388951 sec
[  INFO   ]  Registered tally U/H = 0.1 with the TallyBank for the geometry
[  INFO   ]  Isotope H-1 has number density 1.214E+23 in material Fuel
[  INFO   ]  ... Moderator Mix
[  INFO   ]  Isotope U-238 has number density 1.214E+22 in material Fuel
[  INFO   ]  ... Moderator Mix
[  NORMAL ]  Beginning PINSPEC Monte Carlo Simulation...
[  NORMAL ]  # neutrons / batch = 1000     # batches = 10     # threads = 4
[  INFO   ]  TallyBank has initialized 4 tallies for 10 batches
[  INFO   ]  Thread 1/4 running batch 0
[  INFO   ]  Thread 4/4 running batch 9
[  INFO   ]  Thread 3/4 running batch 6
[  INFO   ]  Thread 2/4 running batch 3
[  INFO   ]  Thread 2/4 running batch 4
[  INFO   ]  Thread 3/4 running batch 7
[  INFO   ]  Thread 1/4 running batch 1
[  INFO   ]  Thread 2/4 running batch 5
[  INFO   ]  Thread 3/4 running batch 8
[  INFO   ]  Thread 1/4 running batch 2
[  NORMAL ]  PINSPEC simulated 7486 neutrons / sec in 1.335741 sec
[  INFO   ]  Registered tally U/H = 1.0 with the TallyBank for the geometry
[  INFO   ]  Isotope H-1 has number density 1.260E+22 in material Fuel
[  INFO   ]  ... Moderator Mix
[  INFO   ]  Isotope U-238 has number density 1.260E+22 in material Fuel
[  INFO   ]  ... Moderator Mix
[  NORMAL ]  Beginning PINSPEC Monte Carlo Simulation...
[  NORMAL ]  # neutrons / batch = 1000     # batches = 10     # threads = 4
[  INFO   ]  TallyBank has initialized 4 tallies for 10 batches
[  INFO   ]  Thread 1/4 running batch 0
[  INFO   ]  Thread 3/4 running batch 6
[  INFO   ]  Thread 4/4 running batch 9
[  INFO   ]  Thread 2/4 running batch 3
[  INFO   ]  Thread 3/4 running batch 7
[  INFO   ]  Thread 2/4 running batch 4
[  INFO   ]  Thread 1/4 running batch 1
[  INFO   ]  Thread 2/4 running batch 5
[  INFO   ]  Thread 3/4 running batch 8
[  INFO   ]  Thread 1/4 running batch 2
[  NORMAL ]  PINSPEC simulated 45921 neutrons / sec in 0.217765 sec
[  HEADER ]  ******  Batch Statistics for U238 Abs. / Tot. Abs. Tallies  *******
[SEPARATOR]  -------------------------------------------------------------------
[  RESULT ]         Energy Band             Mu        Mu        Mu        Mu    
[SEPARATOR]  -------------------------------------------------------------------
[  RESULT ]  [    0.00 -    1.00 eV ]:  0.071512  0.125457  0.239572  0.257586
[  RESULT ]  [    1.00 -    6.00 eV ]:  4.46E-03  7.99E-03  0.016769  0.034585
[  RESULT ]  [    6.00 -   10.00 eV ]:  0.427873  0.282721  0.159320  0.089214
[  RESULT ]  [   10.00 -   25.00 eV ]:  0.198745  0.173311  0.093762  0.059458
[  RESULT ]  [   25.00 -   50.00 eV ]:  0.116056  0.124031  0.072422  0.050249
[  RESULT ]  [   50.00 -  100.00 eV ]:  0.046190  0.057244  0.042294  0.033228
[  RESULT ]  [  100.00 - 1000.00 eV ]:  0.072249  0.118149  0.162615  0.238303
[SEPARATOR]  -------------------------------------------------------------------
[  HEADER ]  *********  Batch Statistics for Temp=600K Effective RIs  **********
[SEPARATOR]  -------------------------------------------------------------------
[  RESULT ]         Energy Band             Mu        Mu        Mu        Mu    
[SEPARATOR]  -------------------------------------------------------------------
[  RESULT ]  [    0.00 -    1.00 eV ]:  18.67396  18.68954  18.50919  16.75332
[  RESULT ]  [    1.00 -    6.00 eV ]:  1.456821  1.441296  1.444636  1.431874
[  RESULT ]  [    6.00 -   10.00 eV ]:  139.5144  52.93119  15.14417  4.238644
[  RESULT ]  [   10.00 -   25.00 eV ]:  65.82819  30.58765  7.901458  2.139887
[  RESULT ]  [   25.00 -   50.00 eV ]:  37.63687  21.68178  5.729047  1.622816
[  RESULT ]  [   50.00 -  100.00 eV ]:  14.76783  9.967551  3.155968  0.943556
[  RESULT ]  [  100.00 - 1000.00 eV ]:  2.284684  1.961110  1.103946  0.504869
[SEPARATOR]  -------------------------------------------------------------------
[  TITLE  ]  *******************************************************************
[  TITLE  ]                          Temperature = 900K                        
[  TITLE  ]  *******************************************************************
[  INFO   ]  Loading resonance paramater file U-238-RP.txt
[  INFO   ]  Loading U-238-capture.txt for isotope U-238
[  INFO   ]  Registered tally U/H = 1E-6 with the TallyBank for the geometry
[  INFO   ]  Isotope H-1 has number density 3.011E+24 in material Fuel
[  INFO   ]  ... Moderator Mix
[  INFO   ]  Isotope U-238 has number density 3.011E+18 in material Fuel
[  INFO   ]  ... Moderator Mix
[  NORMAL ]  Beginning PINSPEC Monte Carlo Simulation...
[  NORMAL ]  # neutrons / batch = 1000     # batches = 10     # threads = 4
[  INFO   ]  TallyBank has initialized 4 tallies for 10 batches
[  INFO   ]  Thread 1/4 running batch 0
[  INFO   ]  Thread 4/4 running batch 9
[  INFO   ]  Thread 3/4 running batch 6
[  INFO   ]  Thread 2/4 running batch 3
[  INFO   ]  Thread 1/4 running batch 1
[  INFO   ]  Thread 2/4 running batch 4
[  INFO   ]  Thread 3/4 running batch 7
[  INFO   ]  Thread 1/4 running batch 2
[  INFO   ]  Thread 2/4 running batch 5
[  INFO   ]  Thread 3/4 running batch 8
[  NORMAL ]  PINSPEC simulated 23748 neutrons / sec in 0.421095 sec
[  INFO   ]  Registered tally U/H = 0.01 with the TallyBank for the geometry
[  INFO   ]  Isotope H-1 has number density 8.910E+23 in material Fuel
[  INFO   ]  ... Moderator Mix
[  INFO   ]  Isotope U-238 has number density 8.910E+21 in material Fuel
[  INFO   ]  ... Moderator Mix
[  NORMAL ]  Beginning PINSPEC Monte Carlo Simulation...
[  NORMAL ]  # neutrons / batch = 1000     # batches = 10     # threads = 4
[  INFO   ]  TallyBank has initialized 4 tallies for 10 batches
[  INFO   ]  Thread 1/4 running batch 0
[  INFO   ]  Thread 4/4 running batch 9
[  INFO   ]  Thread 3/4 running batch 6
[  INFO   ]  Thread 2/4 running batch 3
[  INFO   ]  Thread 2/4 running batch 4
[  INFO   ]  Thread 3/4 running batch 7
[  INFO   ]  Thread 1/4 running batch 1
[  INFO   ]  Thread 2/4 running batch 5
[  INFO   ]  Thread 1/4 running batch 2
[  INFO   ]  Thread 3/4 running batch 8
[  NORMAL ]  PINSPEC simulated 7216 neutrons / sec in 1.385802 sec
[  INFO   ]  Registered tally U/H = 0.1 with the TallyBank for the geometry
[  INFO   ]  Isotope H-1 has number density 1.214E+23 in material Fuel
[  INFO   ]  ... Moderator Mix
[  INFO   ]  Isotope U-238 has number density 1.214E+22 in material Fuel
[  INFO   ]  ... Moderator Mix
[  NORMAL ]  Beginning PINSPEC Monte Carlo Simulation...
[  NORMAL ]  # neutrons / batch = 1000     # batches = 10     # threads = 4
[  INFO   ]  TallyBank has initialized 4 tallies for 10 batches
[  INFO   ]  Thread 4/4 running batch 9
[  INFO   ]  Thread 3/4 running batch 6
[  INFO   ]  Thread 2/4 running batch 3
[  INFO   ]  Thread 1/4 running batch 0
[  INFO   ]  Thread 3/4 running batch 7
[  INFO   ]  Thread 1/4 running batch 1
[  INFO   ]  Thread 2/4 running batch 4
[  INFO   ]  Thread 1/4 running batch 2
[  INFO   ]  Thread 3/4 running batch 8
[  INFO   ]  Thread 2/4 running batch 5
[  NORMAL ]  PINSPEC simulated 32988 neutrons / sec in 0.303142 sec
[  INFO   ]  Registered tally U/H = 1.0 with the TallyBank for the geometry
[  INFO   ]  Isotope H-1 has number density 1.260E+22 in material Fuel
[  INFO   ]  ... Moderator Mix
[  INFO   ]  Isotope U-238 has number density 1.260E+22 in material Fuel
[  INFO   ]  ... Moderator Mix
[  NORMAL ]  Beginning PINSPEC Monte Carlo Simulation...
[  NORMAL ]  # neutrons / batch = 1000     # batches = 10     # threads = 4
[  INFO   ]  TallyBank has initialized 4 tallies for 10 batches
[  INFO   ]  Thread 1/4 running batch 0
[  INFO   ]  Thread 3/4 running batch 6
[  INFO   ]  Thread 2/4 running batch 3
[  INFO   ]  Thread 4/4 running batch 9
[  INFO   ]  Thread 1/4 running batch 1
[  INFO   ]  Thread 3/4 running batch 7
[  INFO   ]  Thread 2/4 running batch 4
[  INFO   ]  Thread 1/4 running batch 2
[  INFO   ]  Thread 3/4 running batch 8
[  INFO   ]  Thread 2/4 running batch 5
[  NORMAL ]  PINSPEC simulated 51991 neutrons / sec in 0.192342 sec
[  HEADER ]  ******  Batch Statistics for U238 Abs. / Tot. Abs. Tallies  *******
[SEPARATOR]  -------------------------------------------------------------------
[  RESULT ]         Energy Band             Mu        Mu        Mu        Mu    
[SEPARATOR]  -------------------------------------------------------------------
[  RESULT ]  [    0.00 -    1.00 eV ]:  0.073548  0.120791  0.228069  0.258377
[  RESULT ]  [    1.00 -    6.00 eV ]:  4.61E-03  7.57E-03  0.015643  0.033208
[  RESULT ]  [    6.00 -   10.00 eV ]:  0.399359  0.296062  0.169095  0.082106
[  RESULT ]  [   10.00 -   25.00 eV ]:  0.218487  0.172996  0.092585  0.060750
[  RESULT ]  [   25.00 -   50.00 eV ]:  0.130324  0.127300  0.073424  0.052951
[  RESULT ]  [   50.00 -  100.00 eV ]:  0.035567  0.052307  0.043924  0.033239
[  RESULT ]  [  100.00 - 1000.00 eV ]:  0.073657  0.116152  0.174293  0.241766
[SEPARATOR]  -------------------------------------------------------------------
[  HEADER ]  *********  Batch Statistics for Temp=900K Effective RIs  **********
[SEPARATOR]  -------------------------------------------------------------------
[  RESULT ]         Energy Band             Mu        Mu        Mu        Mu    
[SEPARATOR]  -------------------------------------------------------------------
[  RESULT ]  [    0.00 -    1.00 eV ]:  18.70114  18.70921  18.46272  16.79594
[  RESULT ]  [    1.00 -    6.00 eV ]:  1.462299  1.459579  1.441416  1.402268
[  RESULT ]  [    6.00 -   10.00 eV ]:  129.5380  58.80689  16.74133  4.179944
[  RESULT ]  [   10.00 -   25.00 eV ]:  70.57307  32.50096  7.949948  2.231603
[  RESULT ]  [   25.00 -   50.00 eV ]:  41.62742  23.52469  6.079166  1.732171
[  RESULT ]  [   50.00 -  100.00 eV ]:  11.30735  9.348407  3.438021  0.983940
[  RESULT ]  [  100.00 - 1000.00 eV ]:  2.266892  1.995705  1.238513  0.521997
[SEPARATOR]  -------------------------------------------------------------------
[  TITLE  ]  *******************************************************************
[  TITLE  ]                          Temperature = 1200K                        
[  TITLE  ]  *******************************************************************
[  INFO   ]  Loading resonance paramater file U-238-RP.txt
[  INFO   ]  Loading U-238-capture.txt for isotope U-238
[  INFO   ]  Registered tally U/H = 1E-6 with the TallyBank for the geometry
[  INFO   ]  Isotope H-1 has number density 3.011E+24 in material Fuel
[  INFO   ]  ... Moderator Mix
[  INFO   ]  Isotope U-238 has number density 3.011E+18 in material Fuel
[  INFO   ]  ... Moderator Mix
[  NORMAL ]  Beginning PINSPEC Monte Carlo Simulation...
[  NORMAL ]  # neutrons / batch = 1000     # batches = 10     # threads = 4
[  INFO   ]  TallyBank has initialized 4 tallies for 10 batches
[  INFO   ]  Thread 1/4 running batch 0
[  INFO   ]  Thread 3/4 running batch 6
[  INFO   ]  Thread 4/4 running batch 9
[  INFO   ]  Thread 2/4 running batch 3
[  INFO   ]  Thread 1/4 running batch 1
[  INFO   ]  Thread 3/4 running batch 7
[  INFO   ]  Thread 2/4 running batch 4
[  INFO   ]  Thread 2/4 running batch 5
[  INFO   ]  Thread 3/4 running batch 8
[  INFO   ]  Thread 1/4 running batch 2
[  NORMAL ]  PINSPEC simulated 7241 neutrons / sec in 1.381029 sec
[  INFO   ]  Registered tally U/H = 0.01 with the TallyBank for the geometry
[  INFO   ]  Isotope H-1 has number density 8.910E+23 in material Fuel
[  INFO   ]  ... Moderator Mix
[  INFO   ]  Isotope U-238 has number density 8.910E+21 in material Fuel
[  INFO   ]  ... Moderator Mix
[  NORMAL ]  Beginning PINSPEC Monte Carlo Simulation...
[  NORMAL ]  # neutrons / batch = 1000     # batches = 10     # threads = 4
[  INFO   ]  TallyBank has initialized 4 tallies for 10 batches
[  INFO   ]  Thread 1/4 running batch 0
[  INFO   ]  Thread 2/4 running batch 3
[  INFO   ]  Thread 3/4 running batch 6
[  INFO   ]  Thread 4/4 running batch 9
[  INFO   ]  Thread 2/4 running batch 4
[  INFO   ]  Thread 1/4 running batch 1
[  INFO   ]  Thread 3/4 running batch 7
[  INFO   ]  Thread 2/4 running batch 5
[  INFO   ]  Thread 3/4 running batch 8
[  INFO   ]  Thread 1/4 running batch 2
[  NORMAL ]  PINSPEC simulated 28510 neutrons / sec in 0.350756 sec
[  INFO   ]  Registered tally U/H = 0.1 with the TallyBank for the geometry
[  INFO   ]  Isotope H-1 has number density 1.214E+23 in material Fuel
[  INFO   ]  ... Moderator Mix
[  INFO   ]  Isotope U-238 has number density 1.214E+22 in material Fuel
[  INFO   ]  ... Moderator Mix
[  NORMAL ]  Beginning PINSPEC Monte Carlo Simulation...
[  NORMAL ]  # neutrons / batch = 1000     # batches = 10     # threads = 4
[  INFO   ]  TallyBank has initialized 4 tallies for 10 batches
[  INFO   ]  Thread 1/4 running batch 0
[  INFO   ]  Thread 4/4 running batch 9
[  INFO   ]  Thread 2/4 running batch 3
[  INFO   ]  Thread 3/4 running batch 6
[  INFO   ]  Thread 3/4 running batch 7
[  INFO   ]  Thread 2/4 running batch 4
[  INFO   ]  Thread 1/4 running batch 1
[  INFO   ]  Thread 3/4 running batch 8
[  INFO   ]  Thread 2/4 running batch 5
[  INFO   ]  Thread 1/4 running batch 2
[  NORMAL ]  PINSPEC simulated 31947 neutrons / sec in 0.313021 sec
[  INFO   ]  Registered tally U/H = 1.0 with the TallyBank for the geometry
[  INFO   ]  Isotope H-1 has number density 1.260E+22 in material Fuel
[  INFO   ]  ... Moderator Mix
[  INFO   ]  Isotope U-238 has number density 1.260E+22 in material Fuel
[  INFO   ]  ... Moderator Mix
[  NORMAL ]  Beginning PINSPEC Monte Carlo Simulation...
[  NORMAL ]  # neutrons / batch = 1000     # batches = 10     # threads = 4
[  INFO   ]  TallyBank has initialized 4 tallies for 10 batches
[  INFO   ]  Thread 4/4 running batch 9
[  INFO   ]  Thread 3/4 running batch 6
[  INFO   ]  Thread 1/4 running batch 0
[  INFO   ]  Thread 2/4 running batch 3
[  INFO   ]  Thread 2/4 running batch 4
[  INFO   ]  Thread 1/4 running batch 1
[  INFO   ]  Thread 3/4 running batch 7
[  INFO   ]  Thread 2/4 running batch 5
[  INFO   ]  Thread 1/4 running batch 2
[  INFO   ]  Thread 3/4 running batch 8
[  NORMAL ]  PINSPEC simulated 61631 neutrons / sec in 0.162256 sec
[  HEADER ]  ******  Batch Statistics for U238 Abs. / Tot. Abs. Tallies  *******
[SEPARATOR]  -------------------------------------------------------------------
[  RESULT ]         Energy Band             Mu        Mu        Mu        Mu    
[SEPARATOR]  -------------------------------------------------------------------
[  RESULT ]  [    0.00 -    1.00 eV ]:  0.075540  0.118620  0.225149  0.251223
[  RESULT ]  [    1.00 -    6.00 eV ]:  4.73E-03  7.63E-03  0.015506  0.033218
[  RESULT ]  [    6.00 -   10.00 eV ]:  0.413746  0.301640  0.171413  0.088158
[  RESULT ]  [   10.00 -   25.00 eV ]:  0.212040  0.170963  0.090864  0.060846
[  RESULT ]  [   25.00 -   50.00 eV ]:  0.110709  0.126431  0.077524  0.052030
[  RESULT ]  [   50.00 -  100.00 eV ]:  0.039438  0.050456  0.049187  0.033327
[  RESULT ]  [  100.00 - 1000.00 eV ]:  0.077306  0.119259  0.170035  0.249641
[SEPARATOR]  -------------------------------------------------------------------
[  HEADER ]  *********  Batch Statistics for Temp=1200K Effective RIs  *********
[SEPARATOR]  -------------------------------------------------------------------
[  RESULT ]         Energy Band             Mu        Mu        Mu        Mu    
[SEPARATOR]  -------------------------------------------------------------------
[  RESULT ]  [    0.00 -    1.00 eV ]:  18.81137  18.67419  18.53174  16.72029
[  RESULT ]  [    1.00 -    6.00 eV ]:  1.480860  1.467016  1.449014  1.380797
[  RESULT ]  [    6.00 -   10.00 eV ]:  131.9429  61.22233  17.51874  4.423727
[  RESULT ]  [   10.00 -   25.00 eV ]:  65.81618  32.39867  8.144707  2.229992
[  RESULT ]  [   25.00 -   50.00 eV ]:  34.48756  23.50323  6.588845  1.727616
[  RESULT ]  [   50.00 -  100.00 eV ]:  12.04135  9.201043  3.987387  0.996741
[  RESULT ]  [  100.00 - 1000.00 eV ]:  2.309344  2.063118  1.228827  0.538996
[SEPARATOR]  -------------------------------------------------------------------
[  HEADER ]  ***********  Batch Statistics for T=300-1200K True RIs  ***********
[SEPARATOR]  -------------------------------------------------------------------
[  RESULT ]         Energy Band             Mu        Mu        Mu        Mu    
[SEPARATOR]  -------------------------------------------------------------------
[  RESULT ]  [    0.00 -    1.00 eV ]:  229.1643  229.1785  229.1927  229.2069
[  RESULT ]  [    1.00 -    6.00 eV ]:  1.455785  1.458958  1.462193  1.465492
[  RESULT ]  [    6.00 -   10.00 eV ]:  126.9687  126.9737  126.9783  126.9828
[  RESULT ]  [   10.00 -   25.00 eV ]:  66.08343  66.07680  66.07651  66.07750
[  RESULT ]  [   25.00 -   50.00 eV ]:  41.66303  41.66290  41.66300  41.66333
[  RESULT ]  [   50.00 -  100.00 eV ]:  12.32138  12.32361  12.32502  12.32597
[  RESULT ]  [  100.00 - 1000.00 eV ]:  20.88121  20.88897  20.88971  20.89005
[SEPARATOR]  -------------------------------------------------------------------
[  TITLE  ]  *******************************************************************
[  TITLE  ]                               Finished                             
[  TITLE  ]  *******************************************************************
