Current local time and date: Thu Apr 11 12:47:01 2013
[  INFO   ]  Logging level set to INFO
[  TITLE  ]  *******************************************************************
[  TITLE  ]               Simulation of homework 2 for 2012 22.211             
[  TITLE  ]  *******************************************************************
[  INFO   ]  Initializing isotopes...
[  INFO   ]  Loading isotope H-1
[  INFO   ]  Loading H-1-elastic.txt for isotope H-1
[  INFO   ]  Loading H-1-capture.txt for isotope H-1
[  INFO   ]  Loading isotope C-12
[  INFO   ]  Loading C-12-elastic.txt for isotope C-12
[  INFO   ]  Loading C-12-capture.txt for isotope C-12
[  INFO   ]  Setting capture xs for isotope H-1
[  INFO   ]  Plotting microscopic cross-sections...
[  HEADER ]  ***********************  Problems 1 and 2  ************************
[  INFO   ]  Plotting thermal scattering distributions...
[  HEADER ]  *************************  Problems 3-6  **************************
[  INFO   ]  Initializing the collision rate tally...
[  INFO   ]  Isotope H-1 has number density 4.685E+22 in material H-1
[  INFO   ]  Initializing tallies for the flux, collision rate, etc
[  INFO   ]  Simulating 1000000 neutrons in H-1...
