Current local time and date: Sun Mar 24 20:38:31 2013
[  INFO   ]  Logging level set to INFO
[  TITLE  ]  *******************************************************************
[  TITLE  ]               Simulation of homework 3 for 2012 22.211             
[  TITLE  ]  *******************************************************************
[  INFO   ]  Initializing isotopes...
[  INFO   ]  Loading H-1-elastic.txt for isotope H-1
[  INFO   ]  Loading H-1-capture.txt for isotope H-1
[  INFO   ]  Loading U-238-elastic.txt for isotope U-238
[  INFO   ]  Loading U-238-capture.txt for isotope U-238
[  INFO   ]  Loading U-238-fission.txt for isotope U-238
[  INFO   ]  Setting capture xs for isotope H-1
[  INFO   ]  Setting 1-group elastic xs for isotope U-238
[  INFO   ]  Setting 1-group fission xs for isotope U-238
[  INFO   ]  Plotting microscopic cross-sections...
[  INFO   ]  Creating a fuel-moderator mixture material...
[  INFO   ]  Isotope H-1 has number density 3.011E+24 in material Fuel Moderator Mix
[  INFO   ]  Isotope H-1 has number density 1.214E+23 in material Fuel Moderator Mix
[  INFO   ]  Isotope U-238 has number density 1.214E+22 in material Fuel Moderator Mix
[  INFO   ]  Creating an infinite homogeneous region...
[  INFO   ]  Creating the geometry...
[  INFO   ]  Initializing tallies for flux and absorption rates...
[  INFO   ]  Registering tallies with the TallyBank...
[  INFO   ]  Registered tally  with the TallyBank for material Fuel Moderator Mix
[  INFO   ]  Registered tally  with the TallyBank for material Fuel Moderator Mix
[  INFO   ]  Registered tally  with the TallyBank for region infinite medium
[  NORMAL ]  Problems 1 and 2
[  TITLE  ]  *******************************************************************
[  TITLE  ]                          Temperature = 300K                        
[  TITLE  ]  *******************************************************************
[  INFO   ]  Loading resonance paramater file U-238-RP.txt
[  INFO   ]  Registered tally U/H = 1E-6 with the TallyBank for the geometry
[  INFO   ]  Isotope H-1 has number density 3.011E+24 in material Fuel Moderator Mix
[  INFO   ]  Isotope U-238 has number density 3.011E+18 in material Fuel Moderator Mix
[  NORMAL ]  Beginning PINSPEC Monte Carlo Simulation...
[  NORMAL ]  # neutrons / batch = 10000     # batches = 10     # threads = 4
[  INFO   ]  TallyBank has initialized 4 tallies for 10 batches
[  INFO   ]  Thread 1/4 running batch 0
[  INFO   ]  Thread 3/4 running batch 6
[  INFO   ]  Thread 2/4 running batch 3
[  INFO   ]  Thread 4/4 running batch 9
[  INFO   ]  Thread 2/4 running batch 4
[  INFO   ]  Thread 3/4 running batch 7
[  INFO   ]  Thread 1/4 running batch 1
[  INFO   ]  Thread 2/4 running batch 5
[  INFO   ]  Thread 3/4 running batch 8
[  INFO   ]  Thread 1/4 running batch 2
[  NORMAL ]  PINSPEC simulated 22240 neutrons / sec in 4.496311 sec
[  INFO   ]  Registered tally U/H = 0.01 with the TallyBank for the geometry
[  INFO   ]  Isotope H-1 has number density 8.910E+23 in material Fuel Moderator Mix
[  INFO   ]  Isotope U-238 has number density 8.910E+21 in material Fuel Moderator Mix
[  NORMAL ]  Beginning PINSPEC Monte Carlo Simulation...
[  NORMAL ]  # neutrons / batch = 10000     # batches = 10     # threads = 4
[  INFO   ]  TallyBank has initialized 4 tallies for 10 batches
[  INFO   ]  Thread 1/4 running batch 0
[  INFO   ]  Thread 4/4 running batch 9
[  INFO   ]  Thread 3/4 running batch 6
[  INFO   ]  Thread 2/4 running batch 3
[  INFO   ]  Thread 2/4 running batch 4
[  INFO   ]  Thread 3/4 running batch 7
[  INFO   ]  Thread 1/4 running batch 1
[  INFO   ]  Thread 3/4 running batch 8
[  INFO   ]  Thread 2/4 running batch 5
[  INFO   ]  Thread 1/4 running batch 2
[  NORMAL ]  PINSPEC simulated 30481 neutrons / sec in 3.280737 sec
[  INFO   ]  Registered tally U/H = 0.1 with the TallyBank for the geometry
[  INFO   ]  Isotope H-1 has number density 1.214E+23 in material Fuel Moderator Mix
[  INFO   ]  Isotope U-238 has number density 1.214E+22 in material Fuel Moderator Mix
[  NORMAL ]  Beginning PINSPEC Monte Carlo Simulation...
[  NORMAL ]  # neutrons / batch = 10000     # batches = 10     # threads = 4
[  INFO   ]  TallyBank has initialized 4 tallies for 10 batches
[  INFO   ]  Thread 1/4 running batch 0
[  INFO   ]  Thread 3/4 running batch 6
[  INFO   ]  Thread 4/4 running batch 9
[  INFO   ]  Thread 2/4 running batch 3
[  INFO   ]  Thread 2/4 running batch 4
[  INFO   ]  Thread 3/4 running batch 7
[  INFO   ]  Thread 1/4 running batch 1
[  INFO   ]  Thread 2/4 running batch 5
[  INFO   ]  Thread 3/4 running batch 8
[  INFO   ]  Thread 1/4 running batch 2
[  NORMAL ]  PINSPEC simulated 26947 neutrons / sec in 3.710931 sec
[  INFO   ]  Registered tally U/H = 1.0 with the TallyBank for the geometry
[  INFO   ]  Isotope H-1 has number density 1.260E+22 in material Fuel Moderator Mix
[  INFO   ]  Isotope U-238 has number density 1.260E+22 in material Fuel Moderator Mix
[  NORMAL ]  Beginning PINSPEC Monte Carlo Simulation...
[  NORMAL ]  # neutrons / batch = 10000     # batches = 10     # threads = 4
[  INFO   ]  TallyBank has initialized 4 tallies for 10 batches
[  INFO   ]  Thread 1/4 running batch 0
[  INFO   ]  Thread 3/4 running batch 6
[  INFO   ]  Thread 2/4 running batch 3
[  INFO   ]  Thread 4/4 running batch 9
[  INFO   ]  Thread 1/4 running batch 1
[  INFO   ]  Thread 2/4 running batch 4
[  INFO   ]  Thread 3/4 running batch 7
[  INFO   ]  Thread 1/4 running batch 2
[  INFO   ]  Thread 3/4 running batch 8
[  INFO   ]  Thread 2/4 running batch 5
[  NORMAL ]  PINSPEC simulated 76117 neutrons / sec in 1.313763 sec
[  RESULT ]  Printing reaction rate ratios...                   U/H=1E-06   U/H=1E-02   U/H=1E-01   U/H=1E+00  
[  RESULT ]  Reaction Rate Ratio [    0.00 -    1.00 eV  ] =     0.0839      0.1550      0.2668      0.2532   
[  RESULT ]  Reaction Rate Ratio [    1.00 -    6.00 eV  ] =     0.0048      0.0089      0.0172      0.0322   
[  RESULT ]  Reaction Rate Ratio [    6.00 -   10.00 eV  ] =     0.3935      0.2766      0.1410      0.0781   
[  RESULT ]  Reaction Rate Ratio [   10.00 -   25.00 eV  ] =     0.2133      0.1501      0.0809      0.0572   
[  RESULT ]  Reaction Rate Ratio [   25.00 -   50.00 eV  ] =     0.1207      0.1060      0.0635      0.0457   
[  RESULT ]  Reaction Rate Ratio [   50.00 -  100.00 eV  ] =     0.0372      0.0498      0.0380      0.0278   
[  RESULT ]  Reaction Rate Ratio [  100.00 - 1000.00 eV  ] =     0.0833      0.1365      0.1904      0.3061   
[  RESULT ]  Printing resonance integrals...                  U/H=1E-06   U/H=1E-02   U/H=1E-01   U/H=1E+00  
[  RESULT ]  Resonance Integral [    0.00 -    1.00 eV  ] =    22.0140     21.9709     21.6901     19.3990   
[  RESULT ]  Resonance Integral [    1.00 -    6.00 eV  ] =     1.5359      1.5381      1.5393      1.4798   
[  RESULT ]  Resonance Integral [    6.00 -   10.00 eV  ] =    127.9195    49.4820     13.6824      4.0810   
[  RESULT ]  Resonance Integral [   10.00 -   25.00 eV  ] =    69.6684     25.6621      7.0024      2.2789   
[  RESULT ]  Resonance Integral [   25.00 -   50.00 eV  ] =    39.0617     17.8428      5.3018      1.6311   
[  RESULT ]  Resonance Integral [   50.00 -  100.00 eV  ] =    12.0515      8.1954      3.0269      0.8830   
[  RESULT ]  Resonance Integral [  100.00 - 1000.00 eV  ] =     2.6186      2.1558      1.3602      0.6606   
[  TITLE  ]  *******************************************************************
[  TITLE  ]                          Temperature = 600K                        
[  TITLE  ]  *******************************************************************
[  INFO   ]  Loading resonance paramater file U-238-RP.txt
[  INFO   ]  Registered tally U/H = 1E-6 with the TallyBank for the geometry
[  INFO   ]  Isotope H-1 has number density 3.011E+24 in material Fuel Moderator Mix
[  INFO   ]  Isotope U-238 has number density 3.011E+18 in material Fuel Moderator Mix
[  NORMAL ]  Beginning PINSPEC Monte Carlo Simulation...
[  NORMAL ]  # neutrons / batch = 10000     # batches = 10     # threads = 4
[  INFO   ]  TallyBank has initialized 4 tallies for 10 batches
[  INFO   ]  Thread 1/4 running batch 0
[  INFO   ]  Thread 2/4 running batch 3
[  INFO   ]  Thread 4/4 running batch 9
[  INFO   ]  Thread 3/4 running batch 6
[  INFO   ]  Thread 3/4 running batch 7
[  INFO   ]  Thread 1/4 running batch 1
[  INFO   ]  Thread 2/4 running batch 4
[  INFO   ]  Thread 1/4 running batch 2
[  INFO   ]  Thread 3/4 running batch 8
[  INFO   ]  Thread 2/4 running batch 5
[  NORMAL ]  PINSPEC simulated 28527 neutrons / sec in 3.505456 sec
[  INFO   ]  Registered tally U/H = 0.01 with the TallyBank for the geometry
[  INFO   ]  Isotope H-1 has number density 8.910E+23 in material Fuel Moderator Mix
[  INFO   ]  Isotope U-238 has number density 8.910E+21 in material Fuel Moderator Mix
[  NORMAL ]  Beginning PINSPEC Monte Carlo Simulation...
[  NORMAL ]  # neutrons / batch = 10000     # batches = 10     # threads = 4
[  INFO   ]  TallyBank has initialized 4 tallies for 10 batches
[  INFO   ]  Thread 1/4 running batch 0
[  INFO   ]  Thread 4/4 running batch 9
[  INFO   ]  Thread 3/4 running batch 6
[  INFO   ]  Thread 2/4 running batch 3
[  INFO   ]  Thread 2/4 running batch 4
[  INFO   ]  Thread 3/4 running batch 7
[  INFO   ]  Thread 1/4 running batch 1
[  INFO   ]  Thread 2/4 running batch 5
[  INFO   ]  Thread 1/4 running batch 2
[  INFO   ]  Thread 3/4 running batch 8
[  NORMAL ]  PINSPEC simulated 23654 neutrons / sec in 4.227638 sec
[  INFO   ]  Registered tally U/H = 0.1 with the TallyBank for the geometry
[  INFO   ]  Isotope H-1 has number density 1.214E+23 in material Fuel Moderator Mix
[  INFO   ]  Isotope U-238 has number density 1.214E+22 in material Fuel Moderator Mix
[  NORMAL ]  Beginning PINSPEC Monte Carlo Simulation...
[  NORMAL ]  # neutrons / batch = 10000     # batches = 10     # threads = 4
[  INFO   ]  TallyBank has initialized 4 tallies for 10 batches
[  INFO   ]  Thread 1/4 running batch 0
[  INFO   ]  Thread 4/4 running batch 9
[  INFO   ]  Thread 2/4 running batch 3
[  INFO   ]  Thread 3/4 running batch 6
[  INFO   ]  Thread 2/4 running batch 4
[  INFO   ]  Thread 3/4 running batch 7
[  INFO   ]  Thread 1/4 running batch 1
[  INFO   ]  Thread 2/4 running batch 5
[  INFO   ]  Thread 1/4 running batch 2
[  INFO   ]  Thread 3/4 running batch 8
[  NORMAL ]  PINSPEC simulated 36518 neutrons / sec in 2.738402 sec
[  INFO   ]  Registered tally U/H = 1.0 with the TallyBank for the geometry
[  INFO   ]  Isotope H-1 has number density 1.260E+22 in material Fuel Moderator Mix
[  INFO   ]  Isotope U-238 has number density 1.260E+22 in material Fuel Moderator Mix
[  NORMAL ]  Beginning PINSPEC Monte Carlo Simulation...
[  NORMAL ]  # neutrons / batch = 10000     # batches = 10     # threads = 4
[  INFO   ]  TallyBank has initialized 4 tallies for 10 batches
[  INFO   ]  Thread 1/4 running batch 0
[  INFO   ]  Thread 4/4 running batch 9
[  INFO   ]  Thread 3/4 running batch 6
[  INFO   ]  Thread 2/4 running batch 3
[  INFO   ]  Thread 3/4 running batch 7
[  INFO   ]  Thread 2/4 running batch 4
[  INFO   ]  Thread 1/4 running batch 1
[  INFO   ]  Thread 2/4 running batch 5
[  INFO   ]  Thread 3/4 running batch 8
[  INFO   ]  Thread 1/4 running batch 2
[  NORMAL ]  PINSPEC simulated 41941 neutrons / sec in 2.384327 sec
[  RESULT ]  Printing reaction rate ratios...                   U/H=1E-06   U/H=1E-02   U/H=1E-01   U/H=1E+00  
[  RESULT ]  Reaction Rate Ratio [    0.00 -    1.00 eV  ] =     0.0836      0.1541      0.2665      0.2542   
[  RESULT ]  Reaction Rate Ratio [    1.00 -    6.00 eV  ] =     0.0047      0.0088      0.0171      0.0326   
[  RESULT ]  Reaction Rate Ratio [    6.00 -   10.00 eV  ] =     0.3920      0.2772      0.1434      0.0766   
[  RESULT ]  Reaction Rate Ratio [   10.00 -   25.00 eV  ] =     0.2049      0.1456      0.0804      0.0574   
[  RESULT ]  Reaction Rate Ratio [   25.00 -   50.00 eV  ] =     0.1315      0.1101      0.0634      0.0471   
[  RESULT ]  Reaction Rate Ratio [   50.00 -  100.00 eV  ] =     0.0380      0.0520      0.0367      0.0280   
[  RESULT ]  Reaction Rate Ratio [  100.00 - 1000.00 eV  ] =     0.0822      0.1361      0.1907      0.3038   
[  RESULT ]  Printing resonance integrals...                  U/H=1E-06   U/H=1E-02   U/H=1E-01   U/H=1E+00  
[  RESULT ]  Resonance Integral [    0.00 -    1.00 eV  ] =    22.0296     22.0050     21.7165     19.3973   
[  RESULT ]  Resonance Integral [    1.00 -    6.00 eV  ] =     1.5449      1.5408      1.5333      1.4964   
[  RESULT ]  Resonance Integral [    6.00 -   10.00 eV  ] =    127.9543    49.9199     13.8102      4.0537   
[  RESULT ]  Resonance Integral [   10.00 -   25.00 eV  ] =    66.4970     25.1437      6.9385      2.2941   
[  RESULT ]  Resonance Integral [   25.00 -   50.00 eV  ] =    42.6943     18.5873      5.2794      1.6775   
[  RESULT ]  Resonance Integral [   50.00 -  100.00 eV  ] =    12.1972      8.6484      2.9124      0.8924   
[  RESULT ]  Resonance Integral [  100.00 - 1000.00 eV  ] =     2.5821      2.1603      1.3616      0.6580   
[  TITLE  ]  *******************************************************************
[  TITLE  ]                          Temperature = 900K                        
[  TITLE  ]  *******************************************************************
[  INFO   ]  Loading resonance paramater file U-238-RP.txt
[  INFO   ]  Registered tally U/H = 1E-6 with the TallyBank for the geometry
[  INFO   ]  Isotope H-1 has number density 3.011E+24 in material Fuel Moderator Mix
[  INFO   ]  Isotope U-238 has number density 3.011E+18 in material Fuel Moderator Mix
[  NORMAL ]  Beginning PINSPEC Monte Carlo Simulation...
[  NORMAL ]  # neutrons / batch = 10000     # batches = 10     # threads = 4
[  INFO   ]  TallyBank has initialized 4 tallies for 10 batches
[  INFO   ]  Thread 1/4 running batch 0
[  INFO   ]  Thread 3/4 running batch 6
[  INFO   ]  Thread 4/4 running batch 9
[  INFO   ]  Thread 2/4 running batch 3
[  INFO   ]  Thread 3/4 running batch 7
[  INFO   ]  Thread 2/4 running batch 4
[  INFO   ]  Thread 1/4 running batch 1
[  INFO   ]  Thread 1/4 running batch 2
[  INFO   ]  Thread 2/4 running batch 5
[  INFO   ]  Thread 3/4 running batch 8
[  NORMAL ]  PINSPEC simulated 29111 neutrons / sec in 3.435124 sec
[  INFO   ]  Registered tally U/H = 0.01 with the TallyBank for the geometry
[  INFO   ]  Isotope H-1 has number density 8.910E+23 in material Fuel Moderator Mix
[  INFO   ]  Isotope U-238 has number density 8.910E+21 in material Fuel Moderator Mix
[  NORMAL ]  Beginning PINSPEC Monte Carlo Simulation...
[  NORMAL ]  # neutrons / batch = 10000     # batches = 10     # threads = 4
[  INFO   ]  TallyBank has initialized 4 tallies for 10 batches
[  INFO   ]  Thread 1/4 running batch 0
[  INFO   ]  Thread 4/4 running batch 9
[  INFO   ]  Thread 3/4 running batch 6
[  INFO   ]  Thread 2/4 running batch 3
[  INFO   ]  Thread 1/4 running batch 1
[  INFO   ]  Thread 3/4 running batch 7
[  INFO   ]  Thread 2/4 running batch 4
[  INFO   ]  Thread 1/4 running batch 2
[  INFO   ]  Thread 3/4 running batch 8
[  INFO   ]  Thread 2/4 running batch 5
[  NORMAL ]  PINSPEC simulated 22365 neutrons / sec in 4.471243 sec
[  INFO   ]  Registered tally U/H = 0.1 with the TallyBank for the geometry
[  INFO   ]  Isotope H-1 has number density 1.214E+23 in material Fuel Moderator Mix
[  INFO   ]  Isotope U-238 has number density 1.214E+22 in material Fuel Moderator Mix
[  NORMAL ]  Beginning PINSPEC Monte Carlo Simulation...
[  NORMAL ]  # neutrons / batch = 10000     # batches = 10     # threads = 4
[  INFO   ]  TallyBank has initialized 4 tallies for 10 batches
[  INFO   ]  Thread 1/4 running batch 0
[  INFO   ]  Thread 3/4 running batch 6
[  INFO   ]  Thread 4/4 running batch 9
[  INFO   ]  Thread 2/4 running batch 3
[  INFO   ]  Thread 2/4 running batch 4
[  INFO   ]  Thread 3/4 running batch 7
[  INFO   ]  Thread 1/4 running batch 1
[  INFO   ]  Thread 3/4 running batch 8
[  INFO   ]  Thread 2/4 running batch 5
[  INFO   ]  Thread 1/4 running batch 2
[  NORMAL ]  PINSPEC simulated 32034 neutrons / sec in 3.121663 sec
[  INFO   ]  Registered tally U/H = 1.0 with the TallyBank for the geometry
[  INFO   ]  Isotope H-1 has number density 1.260E+22 in material Fuel Moderator Mix
[  INFO   ]  Isotope U-238 has number density 1.260E+22 in material Fuel Moderator Mix
[  NORMAL ]  Beginning PINSPEC Monte Carlo Simulation...
[  NORMAL ]  # neutrons / batch = 10000     # batches = 10     # threads = 4
[  INFO   ]  TallyBank has initialized 4 tallies for 10 batches
[  INFO   ]  Thread 1/4 running batch 0
[  INFO   ]  Thread 3/4 running batch 6
[  INFO   ]  Thread 2/4 running batch 3
[  INFO   ]  Thread 4/4 running batch 9
[  INFO   ]  Thread 3/4 running batch 7
[  INFO   ]  Thread 2/4 running batch 4
[  INFO   ]  Thread 1/4 running batch 1
[  INFO   ]  Thread 3/4 running batch 8
[  INFO   ]  Thread 2/4 running batch 5
[  INFO   ]  Thread 1/4 running batch 2
[  NORMAL ]  PINSPEC simulated 71255 neutrons / sec in 1.403410 sec
[  RESULT ]  Printing reaction rate ratios...                   U/H=1E-06   U/H=1E-02   U/H=1E-01   U/H=1E+00  
[  RESULT ]  Reaction Rate Ratio [    0.00 -    1.00 eV  ] =     0.0829      0.1539      0.2672      0.2542   
[  RESULT ]  Reaction Rate Ratio [    1.00 -    6.00 eV  ] =     0.0047      0.0088      0.0170      0.0324   
[  RESULT ]  Reaction Rate Ratio [    6.00 -   10.00 eV  ] =     0.3889      0.2766      0.1446      0.0771   
[  RESULT ]  Reaction Rate Ratio [   10.00 -   25.00 eV  ] =     0.2078      0.1486      0.0821      0.0578   
[  RESULT ]  Reaction Rate Ratio [   25.00 -   50.00 eV  ] =     0.1314      0.1119      0.0627      0.0464   
[  RESULT ]  Reaction Rate Ratio [   50.00 -  100.00 eV  ] =     0.0392      0.0485      0.0360      0.0270   
[  RESULT ]  Reaction Rate Ratio [  100.00 - 1000.00 eV  ] =     0.0827      0.1356      0.1880      0.3047   
[  RESULT ]  Printing resonance integrals...                  U/H=1E-06   U/H=1E-02   U/H=1E-01   U/H=1E+00  
[  RESULT ]  Resonance Integral [    0.00 -    1.00 eV  ] =    22.0118     21.9889     21.7190     19.4081   
[  RESULT ]  Resonance Integral [    1.00 -    6.00 eV  ] =     1.5445      1.5398      1.5395      1.4958   
[  RESULT ]  Resonance Integral [    6.00 -   10.00 eV  ] =    127.9649    49.7736     14.0549      4.1117   
[  RESULT ]  Resonance Integral [   10.00 -   25.00 eV  ] =    67.8450     25.8314      7.1372      2.2831   
[  RESULT ]  Resonance Integral [   25.00 -   50.00 eV  ] =    42.9638     18.9170      5.2484      1.6455   
[  RESULT ]  Resonance Integral [   50.00 -  100.00 eV  ] =    12.7080      8.1234      2.8884      0.8543   
[  RESULT ]  Resonance Integral [  100.00 - 1000.00 eV  ] =     2.6185      2.1716      1.3499      0.6587   
[  TITLE  ]  *******************************************************************
[  TITLE  ]                          Temperature = 1200K                        
[  TITLE  ]  *******************************************************************
[  INFO   ]  Loading resonance paramater file U-238-RP.txt
[  INFO   ]  Registered tally U/H = 1E-6 with the TallyBank for the geometry
[  INFO   ]  Isotope H-1 has number density 3.011E+24 in material Fuel Moderator Mix
[  INFO   ]  Isotope U-238 has number density 3.011E+18 in material Fuel Moderator Mix
[  NORMAL ]  Beginning PINSPEC Monte Carlo Simulation...
[  NORMAL ]  # neutrons / batch = 10000     # batches = 10     # threads = 4
[  INFO   ]  TallyBank has initialized 4 tallies for 10 batches
[  INFO   ]  Thread 4/4 running batch 9
[  INFO   ]  Thread 2/4 running batch 3
[  INFO   ]  Thread 3/4 running batch 6
[  INFO   ]  Thread 1/4 running batch 0
[  INFO   ]  Thread 1/4 running batch 1
[  INFO   ]  Thread 3/4 running batch 7
[  INFO   ]  Thread 2/4 running batch 4
[  INFO   ]  Thread 1/4 running batch 2
[  INFO   ]  Thread 2/4 running batch 5
[  INFO   ]  Thread 3/4 running batch 8
[  NORMAL ]  PINSPEC simulated 24284 neutrons / sec in 4.117942 sec
[  INFO   ]  Registered tally U/H = 0.01 with the TallyBank for the geometry
[  INFO   ]  Isotope H-1 has number density 8.910E+23 in material Fuel Moderator Mix
[  INFO   ]  Isotope U-238 has number density 8.910E+21 in material Fuel Moderator Mix
[  NORMAL ]  Beginning PINSPEC Monte Carlo Simulation...
[  NORMAL ]  # neutrons / batch = 10000     # batches = 10     # threads = 4
[  INFO   ]  TallyBank has initialized 4 tallies for 10 batches
[  INFO   ]  Thread 4/4 running batch 9
[  INFO   ]  Thread 2/4 running batch 3
[  INFO   ]  Thread 3/4 running batch 6
[  INFO   ]  Thread 1/4 running batch 0
[  INFO   ]  Thread 3/4 running batch 7
[  INFO   ]  Thread 2/4 running batch 4
[  INFO   ]  Thread 1/4 running batch 1
[  INFO   ]  Thread 3/4 running batch 8
[  INFO   ]  Thread 2/4 running batch 5
[  INFO   ]  Thread 1/4 running batch 2
[  NORMAL ]  PINSPEC simulated 20462 neutrons / sec in 4.887056 sec
[  INFO   ]  Registered tally U/H = 0.1 with the TallyBank for the geometry
[  INFO   ]  Isotope H-1 has number density 1.214E+23 in material Fuel Moderator Mix
[  INFO   ]  Isotope U-238 has number density 1.214E+22 in material Fuel Moderator Mix
[  NORMAL ]  Beginning PINSPEC Monte Carlo Simulation...
[  NORMAL ]  # neutrons / batch = 10000     # batches = 10     # threads = 4
[  INFO   ]  TallyBank has initialized 4 tallies for 10 batches
[  INFO   ]  Thread 1/4 running batch 0
[  INFO   ]  Thread 4/4 running batch 9
[  INFO   ]  Thread 3/4 running batch 6
[  INFO   ]  Thread 2/4 running batch 3
[  INFO   ]  Thread 3/4 running batch 7
[  INFO   ]  Thread 2/4 running batch 4
[  INFO   ]  Thread 1/4 running batch 1
[  INFO   ]  Thread 3/4 running batch 8
[  INFO   ]  Thread 2/4 running batch 5
[  INFO   ]  Thread 1/4 running batch 2
[  NORMAL ]  PINSPEC simulated 31457 neutrons / sec in 3.178965 sec
[  INFO   ]  Registered tally U/H = 1.0 with the TallyBank for the geometry
[  INFO   ]  Isotope H-1 has number density 1.260E+22 in material Fuel Moderator Mix
[  INFO   ]  Isotope U-238 has number density 1.260E+22 in material Fuel Moderator Mix
[  NORMAL ]  Beginning PINSPEC Monte Carlo Simulation...
[  NORMAL ]  # neutrons / batch = 10000     # batches = 10     # threads = 4
[  INFO   ]  TallyBank has initialized 4 tallies for 10 batches
[  INFO   ]  Thread 1/4 running batch 0
[  INFO   ]  Thread 3/4 running batch 6
[  INFO   ]  Thread 2/4 running batch 3
[  INFO   ]  Thread 4/4 running batch 9
[  INFO   ]  Thread 1/4 running batch 1
[  INFO   ]  Thread 3/4 running batch 7
[  INFO   ]  Thread 2/4 running batch 4
[  INFO   ]  Thread 3/4 running batch 8
[  INFO   ]  Thread 1/4 running batch 2
[  INFO   ]  Thread 2/4 running batch 5
[  NORMAL ]  PINSPEC simulated 40184 neutrons / sec in 2.488525 sec
[  RESULT ]  Printing reaction rate ratios...                   U/H=1E-06   U/H=1E-02   U/H=1E-01   U/H=1E+00  
[  RESULT ]  Reaction Rate Ratio [    0.00 -    1.00 eV  ] =     0.0855      0.1549      0.2654      0.2548   
[  RESULT ]  Reaction Rate Ratio [    1.00 -    6.00 eV  ] =     0.0048      0.0088      0.0172      0.0324   
[  RESULT ]  Reaction Rate Ratio [    6.00 -   10.00 eV  ] =     0.3910      0.2720      0.1448      0.0771   
[  RESULT ]  Reaction Rate Ratio [   10.00 -   25.00 eV  ] =     0.1966      0.1473      0.0802      0.0568   
[  RESULT ]  Reaction Rate Ratio [   25.00 -   50.00 eV  ] =     0.1368      0.1127      0.0629      0.0465   
[  RESULT ]  Reaction Rate Ratio [   50.00 -  100.00 eV  ] =     0.0378      0.0483      0.0381      0.0273   
[  RESULT ]  Reaction Rate Ratio [  100.00 - 1000.00 eV  ] =     0.0831      0.1393      0.1904      0.3045   
[  RESULT ]  Printing resonance integrals...                  U/H=1E-06   U/H=1E-02   U/H=1E-01   U/H=1E+00  
[  RESULT ]  Resonance Integral [    0.00 -    1.00 eV  ] =    22.0087     21.9901     21.7153     19.4432   
[  RESULT ]  Resonance Integral [    1.00 -    6.00 eV  ] =     1.5394      1.5399      1.5487      1.4964   
[  RESULT ]  Resonance Integral [    6.00 -   10.00 eV  ] =    125.8846    48.8658     14.0932      4.1130   
[  RESULT ]  Resonance Integral [   10.00 -   25.00 eV  ] =    62.9535     25.4292      6.9602      2.2844   
[  RESULT ]  Resonance Integral [   25.00 -   50.00 eV  ] =    43.4478     19.0539      5.2283      1.6435   
[  RESULT ]  Resonance Integral [   50.00 -  100.00 eV  ] =    12.1246      7.9736      3.0380      0.8798   
[  RESULT ]  Resonance Integral [  100.00 - 1000.00 eV  ] =     2.5691      2.2154      1.3584      0.6623   
[  NORMAL ]  Finished
