Current local time and date: Mon Mar 25 03:29:01 2013
[  INFO   ]  Logging level set to INFO
[  TITLE  ]  *******************************************************************
[  TITLE  ]               Simulation of homework 3 for 2012 22.211             
[  TITLE  ]  *******************************************************************
[  INFO   ]  Initializing isotopes...
[  INFO   ]  Loading H-1-elastic.txt for isotope H-1
[  INFO   ]  Loading H-1-capture.txt for isotope H-1
[  INFO   ]  Loading U-238-elastic.txt for isotope U-238
[  INFO   ]  Loading U-238-capture.txt for isotope U-238
[  INFO   ]  Loading U-238-fission.txt for isotope U-238
[  INFO   ]  Setting capture xs for isotope H-1
[  INFO   ]  Setting 1-group elastic xs for isotope U-238
[  INFO   ]  Setting 1-group fission xs for isotope U-238
[  INFO   ]  Plotting microscopic cross-sections...
[  INFO   ]  Creating a fuel-moderator mixture material...
[  INFO   ]  Isotope H-1 has number density 3.011E+24 in material Fuel Moderator Mix
[  INFO   ]  Isotope H-1 has number density 1.214E+23 in material Fuel Moderator Mix
[  INFO   ]  Isotope U-238 has number density 1.214E+22 in material Fuel Moderator Mix
[  INFO   ]  Creating an infinite homogeneous region...
[  INFO   ]  Creating the geometry...
[  INFO   ]  Initializing tallies for flux and absorption rates...
[  INFO   ]  Registering tallies with the TallyBank...
[  INFO   ]  Registered tally  with the TallyBank for region infinite medium
[  INFO   ]  Registered tally  with the TallyBank for region infinite medium
[  INFO   ]  Registered tally  with the TallyBank for region infinite medium
[  NORMAL ]  Problems 1 and 2
[  TITLE  ]  *******************************************************************
[  TITLE  ]                          Temperature = 300K                        
[  TITLE  ]  *******************************************************************
[  INFO   ]  Loading resonance paramater file U-238-RP.txt
[  INFO   ]  Loading U-238-capture.txt for isotope U-238
[  INFO   ]  Registered tally U/H = 1E-6 with the TallyBank for the geometry
[  INFO   ]  Isotope H-1 has number density 3.011E+24 in material Fuel Moderator Mix
[  INFO   ]  Isotope U-238 has number density 3.011E+18 in material Fuel Moderator Mix
[  NORMAL ]  Beginning PINSPEC Monte Carlo Simulation...
[  NORMAL ]  # neutrons / batch = 100000     # batches = 10     # threads = 4
[  INFO   ]  TallyBank has initialized 4 tallies for 10 batches
[  INFO   ]  Thread 1/4 running batch 0
[  INFO   ]  Thread 2/4 running batch 3
[  INFO   ]  Thread 3/4 running batch 6
[  INFO   ]  Thread 4/4 running batch 9
[  INFO   ]  Thread 2/4 running batch 4
[  INFO   ]  Thread 1/4 running batch 1
[  INFO   ]  Thread 3/4 running batch 7
[  INFO   ]  Thread 2/4 running batch 5
[  INFO   ]  Thread 3/4 running batch 8
[  INFO   ]  Thread 1/4 running batch 2
[  NORMAL ]  PINSPEC simulated 27222 neutrons / sec in 36.734549 sec
[  INFO   ]  Registered tally U/H = 0.01 with the TallyBank for the geometry
[  INFO   ]  Isotope H-1 has number density 8.910E+23 in material Fuel Moderator Mix
[  INFO   ]  Isotope U-238 has number density 8.910E+21 in material Fuel Moderator Mix
[  NORMAL ]  Beginning PINSPEC Monte Carlo Simulation...
[  NORMAL ]  # neutrons / batch = 100000     # batches = 10     # threads = 4
[  INFO   ]  TallyBank has initialized 4 tallies for 10 batches
[  INFO   ]  Thread 1/4 running batch 0
[  INFO   ]  Thread 4/4 running batch 9
[  INFO   ]  Thread 2/4 running batch 3
[  INFO   ]  Thread 3/4 running batch 6
[  INFO   ]  Thread 3/4 running batch 7
[  INFO   ]  Thread 2/4 running batch 4
[  INFO   ]  Thread 1/4 running batch 1
[  INFO   ]  Thread 2/4 running batch 5
[  INFO   ]  Thread 3/4 running batch 8
[  INFO   ]  Thread 1/4 running batch 2
[  NORMAL ]  PINSPEC simulated 28994 neutrons / sec in 34.490210 sec
[  INFO   ]  Registered tally U/H = 0.1 with the TallyBank for the geometry
[  INFO   ]  Isotope H-1 has number density 1.214E+23 in material Fuel Moderator Mix
[  INFO   ]  Isotope U-238 has number density 1.214E+22 in material Fuel Moderator Mix
[  NORMAL ]  Beginning PINSPEC Monte Carlo Simulation...
[  NORMAL ]  # neutrons / batch = 100000     # batches = 10     # threads = 4
[  INFO   ]  TallyBank has initialized 4 tallies for 10 batches
[  INFO   ]  Thread 1/4 running batch 0
[  INFO   ]  Thread 3/4 running batch 6
[  INFO   ]  Thread 4/4 running batch 9
[  INFO   ]  Thread 2/4 running batch 3
[  INFO   ]  Thread 2/4 running batch 4
[  INFO   ]  Thread 3/4 running batch 7
[  INFO   ]  Thread 1/4 running batch 1
[  INFO   ]  Thread 2/4 running batch 5
[  INFO   ]  Thread 3/4 running batch 8
[  INFO   ]  Thread 1/4 running batch 2
[  NORMAL ]  PINSPEC simulated 35107 neutrons / sec in 28.484045 sec
[  INFO   ]  Registered tally U/H = 1.0 with the TallyBank for the geometry
[  INFO   ]  Isotope H-1 has number density 1.260E+22 in material Fuel Moderator Mix
[  INFO   ]  Isotope U-238 has number density 1.260E+22 in material Fuel Moderator Mix
[  NORMAL ]  Beginning PINSPEC Monte Carlo Simulation...
[  NORMAL ]  # neutrons / batch = 100000     # batches = 10     # threads = 4
[  INFO   ]  TallyBank has initialized 4 tallies for 10 batches
[  INFO   ]  Thread 1/4 running batch 0
[  INFO   ]  Thread 3/4 running batch 6
[  INFO   ]  Thread 4/4 running batch 9
[  INFO   ]  Thread 2/4 running batch 3
[  INFO   ]  Thread 3/4 running batch 7
[  INFO   ]  Thread 2/4 running batch 4
[  INFO   ]  Thread 1/4 running batch 1
[  INFO   ]  Thread 3/4 running batch 8
[  INFO   ]  Thread 2/4 running batch 5
[  INFO   ]  Thread 1/4 running batch 2
[  NORMAL ]  PINSPEC simulated 66556 neutrons / sec in 15.024981 sec
[  RESULT ]  Printing reaction rate ratios...                   U/H=1E-06   U/H=1E-02   U/H=1E-01   U/H=1E+00  
[  RESULT ]  Reaction Rate Ratio [    0.00 -    1.00 eV  ] =     0.0739      0.1377      0.2500      0.2703   
[  RESULT ]  Reaction Rate Ratio [    1.00 -    6.00 eV  ] =     0.0046      0.0087      0.0174      0.0346   
[  RESULT ]  Reaction Rate Ratio [    6.00 -   10.00 eV  ] =     0.4014      0.2870      0.1546      0.0874   
[  RESULT ]  Reaction Rate Ratio [   10.00 -   25.00 eV  ] =     0.2082      0.1565      0.0864      0.0616   
[  RESULT ]  Reaction Rate Ratio [   25.00 -   50.00 eV  ] =     0.1331      0.1130      0.0682      0.0515   
[  RESULT ]  Reaction Rate Ratio [   50.00 -  100.00 eV  ] =     0.0397      0.0511      0.0396      0.0291   
[  RESULT ]  Reaction Rate Ratio [  100.00 - 1000.00 eV  ] =     0.0736      0.1238      0.1614      0.2168   
[  RESULT ]  Printing resonance integrals...                  U/H=1E-06   U/H=1E-02   U/H=1E-01   U/H=1E+00  
[  RESULT ]  Resonance Integral [    0.00 -    1.00 eV  ] =    18.7147     18.6911     18.4866     16.7814   
[  RESULT ]  Resonance Integral [    1.00 -    6.00 eV  ] =     1.4508      1.4476      1.4401      1.3948   
[  RESULT ]  Resonance Integral [    6.00 -   10.00 eV  ] =    126.5298    49.2563     13.8052      4.0564   
[  RESULT ]  Resonance Integral [   10.00 -   25.00 eV  ] =    65.4133     25.6799      6.9007      2.1534   
[  RESULT ]  Resonance Integral [   25.00 -   50.00 eV  ] =    41.4120     18.1812      5.2319      1.6215   
[  RESULT ]  Resonance Integral [   50.00 -  100.00 eV  ] =    12.3486      8.0955      2.9253      0.8173   
[  RESULT ]  Resonance Integral [  100.00 - 1000.00 eV  ] =     2.2310      1.8809      1.0791      0.4713   
[  TITLE  ]  *******************************************************************
[  TITLE  ]                          Temperature = 600K                        
[  TITLE  ]  *******************************************************************
[  INFO   ]  Loading resonance paramater file U-238-RP.txt
[  INFO   ]  Loading U-238-capture.txt for isotope U-238
[  INFO   ]  Registered tally U/H = 1E-6 with the TallyBank for the geometry
[  INFO   ]  Isotope H-1 has number density 3.011E+24 in material Fuel Moderator Mix
[  INFO   ]  Isotope U-238 has number density 3.011E+18 in material Fuel Moderator Mix
[  NORMAL ]  Beginning PINSPEC Monte Carlo Simulation...
[  NORMAL ]  # neutrons / batch = 100000     # batches = 10     # threads = 4
[  INFO   ]  TallyBank has initialized 4 tallies for 10 batches
[  INFO   ]  Thread 1/4 running batch 0
[  INFO   ]  Thread 4/4 running batch 9
[  INFO   ]  Thread 3/4 running batch 6
[  INFO   ]  Thread 2/4 running batch 3
[  INFO   ]  Thread 3/4 running batch 7
[  INFO   ]  Thread 2/4 running batch 4
[  INFO   ]  Thread 1/4 running batch 1
[  INFO   ]  Thread 3/4 running batch 8
[  INFO   ]  Thread 2/4 running batch 5
[  INFO   ]  Thread 1/4 running batch 2
[  NORMAL ]  PINSPEC simulated 27954 neutrons / sec in 35.772726 sec
[  INFO   ]  Registered tally U/H = 0.01 with the TallyBank for the geometry
[  INFO   ]  Isotope H-1 has number density 8.910E+23 in material Fuel Moderator Mix
[  INFO   ]  Isotope U-238 has number density 8.910E+21 in material Fuel Moderator Mix
[  NORMAL ]  Beginning PINSPEC Monte Carlo Simulation...
[  NORMAL ]  # neutrons / batch = 100000     # batches = 10     # threads = 4
[  INFO   ]  TallyBank has initialized 4 tallies for 10 batches
[  INFO   ]  Thread 1/4 running batch 0
[  INFO   ]  Thread 3/4 running batch 6
[  INFO   ]  Thread 4/4 running batch 9
[  INFO   ]  Thread 2/4 running batch 3
[  INFO   ]  Thread 2/4 running batch 4
[  INFO   ]  Thread 3/4 running batch 7
[  INFO   ]  Thread 1/4 running batch 1
[  INFO   ]  Thread 2/4 running batch 5
[  INFO   ]  Thread 3/4 running batch 8
[  INFO   ]  Thread 1/4 running batch 2
[  NORMAL ]  PINSPEC simulated 28389 neutrons / sec in 35.225514 sec
[  INFO   ]  Registered tally U/H = 0.1 with the TallyBank for the geometry
[  INFO   ]  Isotope H-1 has number density 1.214E+23 in material Fuel Moderator Mix
[  INFO   ]  Isotope U-238 has number density 1.214E+22 in material Fuel Moderator Mix
[  NORMAL ]  Beginning PINSPEC Monte Carlo Simulation...
[  NORMAL ]  # neutrons / batch = 100000     # batches = 10     # threads = 4
[  INFO   ]  TallyBank has initialized 4 tallies for 10 batches
[  INFO   ]  Thread 1/4 running batch 0
[  INFO   ]  Thread 3/4 running batch 6
[  INFO   ]  Thread 4/4 running batch 9
[  INFO   ]  Thread 2/4 running batch 3
[  INFO   ]  Thread 3/4 running batch 7
[  INFO   ]  Thread 2/4 running batch 4
[  INFO   ]  Thread 1/4 running batch 1
[  INFO   ]  Thread 2/4 running batch 5
[  INFO   ]  Thread 3/4 running batch 8
[  INFO   ]  Thread 1/4 running batch 2
[  NORMAL ]  PINSPEC simulated 35090 neutrons / sec in 28.498024 sec
[  INFO   ]  Registered tally U/H = 1.0 with the TallyBank for the geometry
[  INFO   ]  Isotope H-1 has number density 1.260E+22 in material Fuel Moderator Mix
[  INFO   ]  Isotope U-238 has number density 1.260E+22 in material Fuel Moderator Mix
[  NORMAL ]  Beginning PINSPEC Monte Carlo Simulation...
[  NORMAL ]  # neutrons / batch = 100000     # batches = 10     # threads = 4
[  INFO   ]  TallyBank has initialized 4 tallies for 10 batches
[  INFO   ]  Thread 1/4 running batch 0
[  INFO   ]  Thread 2/4 running batch 3
[  INFO   ]  Thread 4/4 running batch 9
[  INFO   ]  Thread 3/4 running batch 6
[  INFO   ]  Thread 2/4 running batch 4
[  INFO   ]  Thread 1/4 running batch 1
[  INFO   ]  Thread 3/4 running batch 7
[  INFO   ]  Thread 2/4 running batch 5
[  INFO   ]  Thread 1/4 running batch 2
[  INFO   ]  Thread 3/4 running batch 8
[  NORMAL ]  PINSPEC simulated 60293 neutrons / sec in 16.585722 sec
[  RESULT ]  Printing reaction rate ratios...                   U/H=1E-06   U/H=1E-02   U/H=1E-01   U/H=1E+00  
[  RESULT ]  Reaction Rate Ratio [    0.00 -    1.00 eV  ] =     0.0734      0.1278      0.2387      0.2637   
[  RESULT ]  Reaction Rate Ratio [    1.00 -    6.00 eV  ] =     0.0046      0.0081      0.0166      0.0338   
[  RESULT ]  Reaction Rate Ratio [    6.00 -   10.00 eV  ] =     0.4010      0.2995      0.1592      0.0864   
[  RESULT ]  Reaction Rate Ratio [   10.00 -   25.00 eV  ] =     0.2111      0.1621      0.0910      0.0618   
[  RESULT ]  Reaction Rate Ratio [   25.00 -   50.00 eV  ] =     0.1315      0.1182      0.0711      0.0517   
[  RESULT ]  Reaction Rate Ratio [   50.00 -  100.00 eV  ] =     0.0397      0.0512      0.0433      0.0309   
[  RESULT ]  Reaction Rate Ratio [  100.00 - 1000.00 eV  ] =     0.0736      0.1196      0.1675      0.2291   
[  RESULT ]  Printing resonance integrals...                  U/H=1E-06   U/H=1E-02   U/H=1E-01   U/H=1E+00  
[  RESULT ]  Resonance Integral [    0.00 -    1.00 eV  ] =    18.7240     18.6954     18.4885     16.7832   
[  RESULT ]  Resonance Integral [    1.00 -    6.00 eV  ] =     1.4541      1.4523      1.4455      1.3962   
[  RESULT ]  Resonance Integral [    6.00 -   10.00 eV  ] =    127.2688    55.5121     15.0533      4.1432   
[  RESULT ]  Resonance Integral [   10.00 -   25.00 eV  ] =    66.6565     28.6697      7.5872      2.2134   
[  RESULT ]  Resonance Integral [   25.00 -   50.00 eV  ] =    41.2674     20.4743      5.6867      1.6607   
[  RESULT ]  Resonance Integral [   50.00 -  100.00 eV  ] =    12.4376      8.7029      3.3139      0.8888   
[  RESULT ]  Resonance Integral [  100.00 - 1000.00 eV  ] =     2.2452      1.9459      1.1547      0.4992   
[  TITLE  ]  *******************************************************************
[  TITLE  ]                          Temperature = 900K                        
[  TITLE  ]  *******************************************************************
[  INFO   ]  Loading resonance paramater file U-238-RP.txt
[  INFO   ]  Loading U-238-capture.txt for isotope U-238
[  INFO   ]  Registered tally U/H = 1E-6 with the TallyBank for the geometry
[  INFO   ]  Isotope H-1 has number density 3.011E+24 in material Fuel Moderator Mix
[  INFO   ]  Isotope U-238 has number density 3.011E+18 in material Fuel Moderator Mix
[  NORMAL ]  Beginning PINSPEC Monte Carlo Simulation...
[  NORMAL ]  # neutrons / batch = 100000     # batches = 10     # threads = 4
[  INFO   ]  TallyBank has initialized 4 tallies for 10 batches
[  INFO   ]  Thread 4/4 running batch 9
[  INFO   ]  Thread 2/4 running batch 3
[  INFO   ]  Thread 3/4 running batch 6
[  INFO   ]  Thread 1/4 running batch 0
[  INFO   ]  Thread 3/4 running batch 7
[  INFO   ]  Thread 2/4 running batch 4
[  INFO   ]  Thread 1/4 running batch 1
[  INFO   ]  Thread 2/4 running batch 5
[  INFO   ]  Thread 3/4 running batch 8
[  INFO   ]  Thread 1/4 running batch 2
[  NORMAL ]  PINSPEC simulated 27647 neutrons / sec in 36.169687 sec
[  INFO   ]  Registered tally U/H = 0.01 with the TallyBank for the geometry
[  INFO   ]  Isotope H-1 has number density 8.910E+23 in material Fuel Moderator Mix
[  INFO   ]  Isotope U-238 has number density 8.910E+21 in material Fuel Moderator Mix
[  NORMAL ]  Beginning PINSPEC Monte Carlo Simulation...
[  NORMAL ]  # neutrons / batch = 100000     # batches = 10     # threads = 4
[  INFO   ]  TallyBank has initialized 4 tallies for 10 batches
[  INFO   ]  Thread 1/4 running batch 0
[  INFO   ]  Thread 2/4 running batch 3
[  INFO   ]  Thread 4/4 running batch 9
[  INFO   ]  Thread 3/4 running batch 6
[  INFO   ]  Thread 3/4 running batch 7
[  INFO   ]  Thread 2/4 running batch 4
[  INFO   ]  Thread 1/4 running batch 1
[  INFO   ]  Thread 3/4 running batch 8
[  INFO   ]  Thread 2/4 running batch 5
[  INFO   ]  Thread 1/4 running batch 2
[  NORMAL ]  PINSPEC simulated 28818 neutrons / sec in 34.700856 sec
[  INFO   ]  Registered tally U/H = 0.1 with the TallyBank for the geometry
[  INFO   ]  Isotope H-1 has number density 1.214E+23 in material Fuel Moderator Mix
[  INFO   ]  Isotope U-238 has number density 1.214E+22 in material Fuel Moderator Mix
[  NORMAL ]  Beginning PINSPEC Monte Carlo Simulation...
[  NORMAL ]  # neutrons / batch = 100000     # batches = 10     # threads = 4
[  INFO   ]  TallyBank has initialized 4 tallies for 10 batches
[  INFO   ]  Thread 1/4 running batch 0
[  INFO   ]  Thread 4/4 running batch 9
[  INFO   ]  Thread 2/4 running batch 3
[  INFO   ]  Thread 3/4 running batch 6
[  INFO   ]  Thread 2/4 running batch 4
[  INFO   ]  Thread 3/4 running batch 7
[  INFO   ]  Thread 1/4 running batch 1
[  INFO   ]  Thread 2/4 running batch 5
[  INFO   ]  Thread 3/4 running batch 8
[  INFO   ]  Thread 1/4 running batch 2
[  NORMAL ]  PINSPEC simulated 35497 neutrons / sec in 28.171678 sec
[  INFO   ]  Registered tally U/H = 1.0 with the TallyBank for the geometry
[  INFO   ]  Isotope H-1 has number density 1.260E+22 in material Fuel Moderator Mix
[  INFO   ]  Isotope U-238 has number density 1.260E+22 in material Fuel Moderator Mix
[  NORMAL ]  Beginning PINSPEC Monte Carlo Simulation...
[  NORMAL ]  # neutrons / batch = 100000     # batches = 10     # threads = 4
[  INFO   ]  TallyBank has initialized 4 tallies for 10 batches
[  INFO   ]  Thread 1/4 running batch 0
[  INFO   ]  Thread 4/4 running batch 9
[  INFO   ]  Thread 3/4 running batch 6
[  INFO   ]  Thread 2/4 running batch 3
[  INFO   ]  Thread 3/4 running batch 7
[  INFO   ]  Thread 2/4 running batch 4
[  INFO   ]  Thread 1/4 running batch 1
[  INFO   ]  Thread 3/4 running batch 8
[  INFO   ]  Thread 2/4 running batch 5
[  INFO   ]  Thread 1/4 running batch 2
[  NORMAL ]  PINSPEC simulated 66393 neutrons / sec in 15.061921 sec
[  RESULT ]  Printing reaction rate ratios...                   U/H=1E-06   U/H=1E-02   U/H=1E-01   U/H=1E+00  
[  RESULT ]  Reaction Rate Ratio [    0.00 -    1.00 eV  ] =     0.0731      0.1223      0.2302      0.2578   
[  RESULT ]  Reaction Rate Ratio [    1.00 -    6.00 eV  ] =     0.0046      0.0078      0.0161      0.0332   
[  RESULT ]  Reaction Rate Ratio [    6.00 -   10.00 eV  ] =     0.4044      0.3059      0.1629      0.0866   
[  RESULT ]  Reaction Rate Ratio [   10.00 -   25.00 eV  ] =     0.2085      0.1670      0.0946      0.0617   
[  RESULT ]  Reaction Rate Ratio [   25.00 -   50.00 eV  ] =     0.1319      0.1206      0.0741      0.0518   
[  RESULT ]  Reaction Rate Ratio [   50.00 -  100.00 eV  ] =     0.0390      0.0514      0.0456      0.0326   
[  RESULT ]  Reaction Rate Ratio [  100.00 - 1000.00 eV  ] =     0.0735      0.1165      0.1715      0.2388   
[  RESULT ]  Printing resonance integrals...                  U/H=1E-06   U/H=1E-02   U/H=1E-01   U/H=1E+00  
[  RESULT ]  Resonance Integral [    0.00 -    1.00 eV  ] =    18.7181     18.6936     18.4911     16.7773   
[  RESULT ]  Resonance Integral [    1.00 -    6.00 eV  ] =     1.4540      1.4549      1.4457      1.4008   
[  RESULT ]  Resonance Integral [    6.00 -   10.00 eV  ] =    128.4853    59.5559     16.0871      4.2349   
[  RESULT ]  Resonance Integral [   10.00 -   25.00 eV  ] =    66.0405     30.8405      8.1970      2.2608   
[  RESULT ]  Resonance Integral [   25.00 -   50.00 eV  ] =    41.6300     21.8382      6.1093      1.6920   
[  RESULT ]  Resonance Integral [   50.00 -  100.00 eV  ] =    12.2833      9.1312      3.5997      0.9542   
[  RESULT ]  Resonance Integral [  100.00 - 1000.00 eV  ] =     2.2516      1.9733      1.2108      0.5195   
[  TITLE  ]  *******************************************************************
[  TITLE  ]                          Temperature = 1200K                        
[  TITLE  ]  *******************************************************************
[  INFO   ]  Loading resonance paramater file U-238-RP.txt
[  INFO   ]  Loading U-238-capture.txt for isotope U-238
[  INFO   ]  Registered tally U/H = 1E-6 with the TallyBank for the geometry
[  INFO   ]  Isotope H-1 has number density 3.011E+24 in material Fuel Moderator Mix
[  INFO   ]  Isotope U-238 has number density 3.011E+18 in material Fuel Moderator Mix
[  NORMAL ]  Beginning PINSPEC Monte Carlo Simulation...
[  NORMAL ]  # neutrons / batch = 100000     # batches = 10     # threads = 4
[  INFO   ]  TallyBank has initialized 4 tallies for 10 batches
[  INFO   ]  Thread 2/4 running batch 3
[  INFO   ]  Thread 4/4 running batch 9
[  INFO   ]  Thread 3/4 running batch 6
[  INFO   ]  Thread 1/4 running batch 0
[  INFO   ]  Thread 3/4 running batch 7
[  INFO   ]  Thread 2/4 running batch 4
[  INFO   ]  Thread 1/4 running batch 1
[  INFO   ]  Thread 2/4 running batch 5
[  INFO   ]  Thread 3/4 running batch 8
[  INFO   ]  Thread 1/4 running batch 2
[  NORMAL ]  PINSPEC simulated 27838 neutrons / sec in 35.921552 sec
[  INFO   ]  Registered tally U/H = 0.01 with the TallyBank for the geometry
[  INFO   ]  Isotope H-1 has number density 8.910E+23 in material Fuel Moderator Mix
[  INFO   ]  Isotope U-238 has number density 8.910E+21 in material Fuel Moderator Mix
[  NORMAL ]  Beginning PINSPEC Monte Carlo Simulation...
[  NORMAL ]  # neutrons / batch = 100000     # batches = 10     # threads = 4
[  INFO   ]  TallyBank has initialized 4 tallies for 10 batches
[  INFO   ]  Thread 1/4 running batch 0
[  INFO   ]  Thread 3/4 running batch 6
[  INFO   ]  Thread 2/4 running batch 3
[  INFO   ]  Thread 4/4 running batch 9
[  INFO   ]  Thread 2/4 running batch 4
[  INFO   ]  Thread 3/4 running batch 7
[  INFO   ]  Thread 1/4 running batch 1
[  INFO   ]  Thread 3/4 running batch 8
[  INFO   ]  Thread 2/4 running batch 5
[  INFO   ]  Thread 1/4 running batch 2
[  NORMAL ]  PINSPEC simulated 28289 neutrons / sec in 35.349280 sec
[  INFO   ]  Registered tally U/H = 0.1 with the TallyBank for the geometry
[  INFO   ]  Isotope H-1 has number density 1.214E+23 in material Fuel Moderator Mix
[  INFO   ]  Isotope U-238 has number density 1.214E+22 in material Fuel Moderator Mix
[  NORMAL ]  Beginning PINSPEC Monte Carlo Simulation...
[  NORMAL ]  # neutrons / batch = 100000     # batches = 10     # threads = 4
[  INFO   ]  TallyBank has initialized 4 tallies for 10 batches
[  INFO   ]  Thread 1/4 running batch 0
[  INFO   ]  Thread 4/4 running batch 9
[  INFO   ]  Thread 3/4 running batch 6
[  INFO   ]  Thread 2/4 running batch 3
[  INFO   ]  Thread 2/4 running batch 4
[  INFO   ]  Thread 3/4 running batch 7
[  INFO   ]  Thread 1/4 running batch 1
[  INFO   ]  Thread 2/4 running batch 5
[  INFO   ]  Thread 3/4 running batch 8
[  INFO   ]  Thread 1/4 running batch 2
[  NORMAL ]  PINSPEC simulated 34609 neutrons / sec in 28.894480 sec
[  INFO   ]  Registered tally U/H = 1.0 with the TallyBank for the geometry
[  INFO   ]  Isotope H-1 has number density 1.260E+22 in material Fuel Moderator Mix
[  INFO   ]  Isotope U-238 has number density 1.260E+22 in material Fuel Moderator Mix
[  NORMAL ]  Beginning PINSPEC Monte Carlo Simulation...
[  NORMAL ]  # neutrons / batch = 100000     # batches = 10     # threads = 4
[  INFO   ]  TallyBank has initialized 4 tallies for 10 batches
[  INFO   ]  Thread 1/4 running batch 0
[  INFO   ]  Thread 2/4 running batch 3
[  INFO   ]  Thread 4/4 running batch 9
[  INFO   ]  Thread 3/4 running batch 6
[  INFO   ]  Thread 3/4 running batch 7
[  INFO   ]  Thread 2/4 running batch 4
[  INFO   ]  Thread 1/4 running batch 1
[  INFO   ]  Thread 3/4 running batch 8
[  INFO   ]  Thread 1/4 running batch 2
[  INFO   ]  Thread 2/4 running batch 5
[  NORMAL ]  PINSPEC simulated 67753 neutrons / sec in 14.759468 sec
[  RESULT ]  Printing reaction rate ratios...                   U/H=1E-06   U/H=1E-02   U/H=1E-01   U/H=1E+00  
[  RESULT ]  Reaction Rate Ratio [    0.00 -    1.00 eV  ] =     0.0735      0.1176      0.2235      0.2540   
[  RESULT ]  Reaction Rate Ratio [    1.00 -    6.00 eV  ] =     0.0046      0.0075      0.0156      0.0327   
[  RESULT ]  Reaction Rate Ratio [    6.00 -   10.00 eV  ] =     0.3979      0.3129      0.1674      0.0859   
[  RESULT ]  Reaction Rate Ratio [   10.00 -   25.00 eV  ] =     0.2137      0.1712      0.0974      0.0618   
[  RESULT ]  Reaction Rate Ratio [   25.00 -   50.00 eV  ] =     0.1319      0.1220      0.0762      0.0517   
[  RESULT ]  Reaction Rate Ratio [   50.00 -  100.00 eV  ] =     0.0396      0.0511      0.0477      0.0339   
[  RESULT ]  Reaction Rate Ratio [  100.00 - 1000.00 eV  ] =     0.0736      0.1134      0.1732      0.2461   
[  RESULT ]  Printing resonance integrals...                  U/H=1E-06   U/H=1E-02   U/H=1E-01   U/H=1E+00  
[  RESULT ]  Resonance Integral [    0.00 -    1.00 eV  ] =    18.7190     18.7021     18.4974     16.7800   
[  RESULT ]  Resonance Integral [    1.00 -    6.00 eV  ] =     1.4607      1.4560      1.4533      1.4034   
[  RESULT ]  Resonance Integral [    6.00 -   10.00 eV  ] =    125.9464    63.3359     17.0907      4.3025   
[  RESULT ]  Resonance Integral [   10.00 -   25.00 eV  ] =    67.2198     32.7767      8.6760      2.2957   
[  RESULT ]  Resonance Integral [   25.00 -   50.00 eV  ] =    41.4407     22.8749      6.4448      1.7172   
[  RESULT ]  Resonance Integral [   50.00 -  100.00 eV  ] =    12.3753      9.3991      3.8514      1.0089   
[  RESULT ]  Resonance Integral [  100.00 - 1000.00 eV  ] =     2.2433      1.9932      1.2482      0.5363   
[  TITLE  ]  *******************************************************************
[  TITLE  ]                               Finished                             
[  TITLE  ]  *******************************************************************
