Current local time and date: Mon Mar 25 03:13:10 2013
[  INFO   ]  Logging level set to INFO
[  TITLE  ]  *******************************************************************
[  TITLE  ]         Simulating a hetero-homogeneous equivalence pin-cell       
[  TITLE  ]  *******************************************************************
[  INFO   ]  Initializing isotopes...
[  INFO   ]  Loading H-1-elastic.txt for isotope H-1
[  INFO   ]  Loading H-1-capture.txt for isotope H-1
[  INFO   ]  Loading O-16-elastic.txt for isotope O-16
[  INFO   ]  Loading O-16-capture.txt for isotope O-16
[  INFO   ]  Loading U-235-elastic.txt for isotope U-235
[  INFO   ]  Loading U-235-capture.txt for isotope U-235
[  INFO   ]  Loading U-235-fission.txt for isotope U-235
[  INFO   ]  Loading U-238-elastic.txt for isotope U-238
[  INFO   ]  Loading U-238-capture.txt for isotope U-238
[  INFO   ]  Loading U-238-fission.txt for isotope U-238
[  INFO   ]  Setting 1-group elastic xs for isotope U-235
[  INFO   ]  Setting 1-group elastic xs for isotope U-238
[  INFO   ]  Initializing fuel and moderator materials...
[  INFO   ]  Isotope H-1 has number density 4.216E+23 in material moderator
[  INFO   ]  Isotope H-1 has number density 4.685E+22 in material moderator
[  INFO   ]  Isotope O-16 has number density 2.342E+22 in material moderator
[  INFO   ]  Isotope U-235 has number density 2.614E+22 in material fuel
[  INFO   ]  Isotope U-235 has number density 7.838E+20 in material fuel
[  INFO   ]  Isotope U-238 has number density 2.504E+22 in material fuel
[  INFO   ]  Isotope O-16 has number density 4.553E+22 in material fuel
[  INFO   ]  Isotope U-235 has number density 6.909E+20 in material fuel
[  INFO   ]  Isotope U-238 has number density 2.207E+22 in material fuel
[  INFO   ]  Initializing fuel and moderator regions...
[  INFO   ]  Initializing the geometry...
[  INFO   ]  Initializing flux tallies...
[  INFO   ]  Registered tally total with the TallyBank for the geometry
[  INFO   ]  Registered tally moderator with the TallyBank for material moderator
[  INFO   ]  Registered tally fuel with the TallyBank for material fuel
[  NORMAL ]  Beginning PINSPEC Monte Carlo Simulation...
[  NORMAL ]  # neutrons / batch = 1000000     # batches = 25     # threads = 4
[  INFO   ]  TallyBank has initialized 3 tallies for 25 batches
[  INFO   ]  Thread 1/4 running batch 0
[  INFO   ]  Thread 3/4 running batch 14
[  INFO   ]  Thread 2/4 running batch 7
[  INFO   ]  Thread 4/4 running batch 21
[  INFO   ]  Thread 2/4 running batch 8
[  INFO   ]  Thread 4/4 running batch 22
[  INFO   ]  Thread 3/4 running batch 15
[  INFO   ]  Thread 1/4 running batch 1
[  INFO   ]  Thread 2/4 running batch 9
[  INFO   ]  Thread 4/4 running batch 23
[  INFO   ]  Thread 3/4 running batch 16
[  INFO   ]  Thread 1/4 running batch 2
[  INFO   ]  Thread 2/4 running batch 10
[  INFO   ]  Thread 4/4 running batch 24
[  INFO   ]  Thread 3/4 running batch 17
[  INFO   ]  Thread 1/4 running batch 3
[  INFO   ]  Thread 2/4 running batch 11
[  INFO   ]  Thread 3/4 running batch 18
[  INFO   ]  Thread 1/4 running batch 4
[  INFO   ]  Thread 2/4 running batch 12
[  INFO   ]  Thread 3/4 running batch 19
[  INFO   ]  Thread 1/4 running batch 5
[  INFO   ]  Thread 2/4 running batch 13
[  INFO   ]  Thread 3/4 running batch 20
[  INFO   ]  Thread 1/4 running batch 6
[  NORMAL ]  PINSPEC simulated 36879 neutrons / sec in 677.895404 sec
[  INFO   ]  Writing tally batch statistics to output file...
[  INFO   ]  Plotting fluxes...
[  INFO   ]  Plotting microscopic and macroscopic cross-sections...
[  TITLE  ]  *******************************************************************
[  TITLE  ]                               Finished                             
[  TITLE  ]  *******************************************************************
